#
# A fatal error has been detected by the Java Runtime Environment:
#
#  EXCEPTION_ACCESS_VIOLATION (0xc0000005) at pc=0x000000007110b5db, pid=13596, tid=8228
#
# JRE version: Java(TM) SE Runtime Environment (14.0.1+7) (build 14.0.1+7)
# Java VM: Java HotSpot(TM) 64-Bit Server VM (14.0.1+7, mixed mode, sharing, tiered, compressed oops, g1 gc, windows-amd64)
# Problematic frame:
# C  [jSSC-2.8_x86_64.dll+0xb5db]
#
# No core dump will be written. Minidumps are not enabled by default on client versions of Windows
#
# If you would like to submit a bug report, please visit:
#   https://bugreport.java.com/bugreport/crash.jsp
# The crash happened outside the Java Virtual Machine in native code.
# See problematic frame for where to report the bug.
#

---------------  S U M M A R Y ------------

Command Line: -Dfile.encoding=Cp1252 aqms.Main

Host: Intel(R) Core(TM) i5-9300H CPU @ 2.40GHz, 8 cores, 7G,  Windows 10 , 64 bit Build 18362 (10.0.18362.778)
Time: Fri Apr 17 22:58:08 2020 SE Asia Standard Time elapsed time: 2 seconds (0d 0h 0m 2s)

---------------  T H R E A D  ---------------

Current thread (0x0000028dfdf40000):  JavaThread "Timer-0" [_thread_in_native, id=8228, stack(0x000000d13e000000,0x000000d13e100000)]

Stack: [0x000000d13e000000,0x000000d13e100000],  sp=0x000000d13e0fefa0,  free space=1019k
Native frames: (J=compiled Java code, j=interpreted, Vv=VM code, C=native code)
C  [jSSC-2.8_x86_64.dll+0xb5db]

Java frames: (J=compiled Java code, j=interpreted, Vv=VM code)
j  jssc.SerialNativeInterface.openPort(Ljava/lang/String;Z)J+0
j  jssc.SerialPort.openPort()Z+65
j  aqms.Main.readSerial(Ljava/lang/String;I)Ljava/lang/String;+10
j  aqms.Main$2.run()V+665
j  java.util.TimerThread.mainLoop()V+221 java.base@14.0.1
j  java.util.TimerThread.run()V+1 java.base@14.0.1
v  ~StubRoutines::call_stub

siginfo: EXCEPTION_ACCESS_VIOLATION (0xc0000005), reading address 0xffffffffdc5def8d


Register to memory mapping:

RIP=0x000000007110b5db jSSC-2.8_x86_64.dll
RAX=0xffffffffdc5def8d is an unknown value
RBX=0x000000d13e0ff010 is pointing into the stack for thread: 0x0000028dfdf40000
RCX=0x00007ffde785c254 ntdll.dll
RDX=0x0 is NULL
RSP=0x000000d13e0fefa0 is pointing into the stack for thread: 0x0000028dfdf40000
RBP=0x000000d13e0ff120 is pointing into the stack for thread: 0x0000028dfdf40000
RSI=0x0000028dfdf40310 points into unknown readable memory: a0 1a 39 8f fd 7f 00 00
RDI=0x00000000000006a8 is an unknown value
R8 =0x000000d13e0fee98 is pointing into the stack for thread: 0x0000028dfdf40000
R9 =0x000000d13e0fef90 is pointing into the stack for thread: 0x0000028dfdf40000
R10=0x0 is NULL
R11=0x0000000000000246 is an unknown value
R12=0x000000d13e0ff1e0 is pointing into the stack for thread: 0x0000028dfdf40000
R13=0x0000028d80a3b370 points into unknown readable memory: 43 4f 4d 38 00 00 00 00
R14=0x000000d13e0ff0d0 is pointing into the stack for thread: 0x0000028dfdf40000
R15=0x0000028dfdf40000 is a thread


Registers:
RAX=0xffffffffdc5def8d, RBX=0x000000d13e0ff010, RCX=0x00007ffde785c254, RDX=0x0000000000000000
RSP=0x000000d13e0fefa0, RBP=0x000000d13e0ff120, RSI=0x0000028dfdf40310, RDI=0x00000000000006a8
R8 =0x000000d13e0fee98, R9 =0x000000d13e0fef90, R10=0x0000000000000000, R11=0x0000000000000246
R12=0x000000d13e0ff1e0, R13=0x0000028d80a3b370, R14=0x000000d13e0ff0d0, R15=0x0000028dfdf40000
RIP=0x000000007110b5db, EFLAGS=0x0000000000010206

Top of Stack: (sp=0x000000d13e0fefa0)
0x000000d13e0fefa0:   0000028d800ad460 0000000fe77ffb91
0x000000d13e0fefb0:   000000007110b230 0000028d80a3b230
0x000000d13e0fefc0:   000000d13e0ff120 0000000000000004
0x000000d13e0fefd0:   0000028dfdf40310 00000000000006a8
0x000000d13e0fefe0:   000000d13e0ff120 0000000071112590
0x000000d13e0feff0:   0000028dfdf40000 000000d13e0ff0d0
0x000000d13e0ff000:   0000028d80a3b370 000000d13e0ff1e0
0x000000d13e0ff010:   0000028d80a3b370 00007ffde77ffb91
0x000000d13e0ff020:   000000d13e0ff050 0000028ddc3b0000
0x000000d13e0ff030:   000000d13e0ff120 0000000000000000
0x000000d13e0ff040:   0000000071113500 0000000071113be8
0x000000d13e0ff050:   000000d13e0ff080 0000000071112641
0x000000d13e0ff060:   000000d13e0feff0 0000028dfdf40310
0x000000d13e0ff070:   0000000000000000 0000000000000000
0x000000d13e0ff080:   000000d13e0ff120 0000000071101595
0x000000d13e0ff090:   000000000000001c 0000028d00000000 

Instructions: (pc=0x000000007110b5db)
0x000000007110b4db:   48 85 c0 74 bf 44 8b 03 45 85 c0 0f 84 77 ff ff
0x000000007110b4eb:   ff eb 9f 66 90 e8 8b fe ff ff 48 89 05 0c 34 01
0x000000007110b4fb:   00 eb ad 66 90 e8 7b fe ff ff 48 89 05 fc 33 01
0x000000007110b50b:   00 eb 8b e8 8d fe ff ff c7 03 01 00 00 00 e9 6f
0x000000007110b51b:   ff ff ff 66 90 55 48 89 e5 56 53 48 83 ec 20 48
0x000000007110b52b:   8b 05 d7 33 01 00 48 8b 31 48 89 cb 48 85 c0 74
0x000000007110b53b:   56 44 8b 18 45 85 db 78 42 48 8b 05 bd 33 01 00
0x000000007110b54b:   48 85 c0 74 50 44 8b 10 45 85 d2 74 1d 48 89 f1
0x000000007110b55b:   e8 d0 fd ff ff 48 8b 13 48 8d 42 40 48 8b 48 08
0x000000007110b56b:   48 8b 6a 40 48 8b 60 10 ff e1 48 8b 05 9c 33 01
0x000000007110b57b:   00 48 85 c0 74 2d 48 89 30 eb da e8 b5 fe ff ff
0x000000007110b58b:   0f 1f 44 00 00 eb b2 e8 e9 fd ff ff 48 89 05 6a
0x000000007110b59b:   33 01 00 eb 9c e8 db fd ff ff 48 89 05 5c 33 01
0x000000007110b5ab:   00 eb a2 e8 3d fd ff ff 48 89 05 5e 33 01 00 eb
0x000000007110b5bb:   c5 0f 1f 40 00 55 57 56 53 48 83 ec 28 48 8b 05
0x000000007110b5cb:   39 33 01 00 48 89 cb 48 85 c0 0f 84 c5 00 00 00
0x000000007110b5db:   8b 38 85 ff 0f 88 ab 00 00 00 48 8b 05 1c 33 01
0x000000007110b5eb:   00 48 85 c0 0f 84 bc 00 00 00 8b 30 85 f6 74 57
0x000000007110b5fb:   48 8b 05 0e 33 01 00 48 85 c0 0f 84 e5 00 00 00
0x000000007110b60b:   8b 28 48 8b 35 10 5e 01 00 ff d6 89 c7 89 e9 ff
0x000000007110b61b:   15 f4 5e 01 00 89 f9 48 89 c5 ff 15 b9 5e 01 00
0x000000007110b62b:   48 8b 05 de 32 01 00 48 89 2b 48 85 c0 74 46 48
0x000000007110b63b:   89 da 8b 08 ff 15 d7 5e 01 00 85 c0 74 27 48 83
0x000000007110b64b:   c4 28 5b 5e 5f 5d c3 48 8b 05 bf 32 01 00 48 85
0x000000007110b65b:   c0 74 64 48 8b 10 48 89 13 48 89 18 48 83 c4 28
0x000000007110b66b:   5b 5e 5f 5d c3 48 89 f2 48 83 c4 28 5b 5e 5f 5d
0x000000007110b67b:   48 ff e2 66 90 e8 8b fc ff ff 48 89 05 84 32 01
0x000000007110b68b:   00 eb ac 66 90 e8 ab fd ff ff e9 4b ff ff ff 66
0x000000007110b69b:   0f 1f 44 00 00 e8 db fc ff ff 48 89 05 5c 32 01
0x000000007110b6ab:   00 e9 2a ff ff ff e8 ca fc ff ff 48 89 05 4b 32
0x000000007110b6bb:   01 00 e9 33 ff ff ff e8 29 fc ff ff 48 89 05 4a
0x000000007110b6cb:   32 01 00 48 8b 10 48 85 c0 48 89 13 75 8b e8 12 


Stack slot to memory mapping:
stack at sp + 0 slots: 0x0000028d800ad460 points into unknown readable memory: 80 4c 34 dc 8d 02 00 00
stack at sp + 1 slots: 0x0000000fe77ffb91 is an unknown value
stack at sp + 2 slots: 0x000000007110b230 jSSC-2.8_x86_64.dll
stack at sp + 3 slots: 0x0000028d80a3b230 points into unknown readable memory: 60 d4 0a 80 8d 02 00 00
stack at sp + 4 slots: 0x000000d13e0ff120 is pointing into the stack for thread: 0x0000028dfdf40000
stack at sp + 5 slots: 0x0000000000000004 is an unknown value
stack at sp + 6 slots: 0x0000028dfdf40310 points into unknown readable memory: a0 1a 39 8f fd 7f 00 00
stack at sp + 7 slots: 0x00000000000006a8 is an unknown value


---------------  P R O C E S S  ---------------

Threads class SMR info:
_java_thread_list=0x0000028dfe327200, length=20, elements={
0x0000028dfd608000, 0x0000028dfd609800, 0x0000028dfd624000, 0x0000028dfd625000,
0x0000028dfd627000, 0x0000028dfd62c800, 0x0000028dfd62d800, 0x0000028dfdf3a800,
0x0000028dfdf3d000, 0x0000028dfdf41000, 0x0000028dfdf3d800, 0x0000028dfdf3b000,
0x0000028dfdf3e800, 0x0000028dfdf3f000, 0x0000028dfdf3c000, 0x0000028dfdf40000,
0x0000028dfeb6f000, 0x0000028dfeb6e800, 0x0000028dfeb70800, 0x0000028dfeb70000
}

Java Threads: ( => current thread )
  0x0000028dfd608000 JavaThread "Reference Handler" daemon [_thread_blocked, id=3560, stack(0x000000d13d100000,0x000000d13d200000)]
  0x0000028dfd609800 JavaThread "Finalizer" daemon [_thread_blocked, id=4624, stack(0x000000d13d200000,0x000000d13d300000)]
  0x0000028dfd624000 JavaThread "Signal Dispatcher" daemon [_thread_blocked, id=10664, stack(0x000000d13d300000,0x000000d13d400000)]
  0x0000028dfd625000 JavaThread "Attach Listener" daemon [_thread_blocked, id=6924, stack(0x000000d13d400000,0x000000d13d500000)]
  0x0000028dfd627000 JavaThread "Service Thread" daemon [_thread_blocked, id=9472, stack(0x000000d13d500000,0x000000d13d600000)]
  0x0000028dfd62c800 JavaThread "C2 CompilerThread0" daemon [_thread_blocked, id=13904, stack(0x000000d13d600000,0x000000d13d700000)]
  0x0000028dfd62d800 JavaThread "C1 CompilerThread0" daemon [_thread_blocked, id=7540, stack(0x000000d13d700000,0x000000d13d800000)]
  0x0000028dfdf3a800 JavaThread "Sweeper thread" daemon [_thread_blocked, id=13436, stack(0x000000d13d800000,0x000000d13d900000)]
  0x0000028dfdf3d000 JavaThread "Notification Thread" daemon [_thread_blocked, id=408, stack(0x000000d13d900000,0x000000d13da00000)]
  0x0000028dfdf41000 JavaThread "Common-Cleaner" daemon [_thread_blocked, id=13196, stack(0x000000d13db00000,0x000000d13dc00000)]
  0x0000028dfdf3d800 JavaThread "Java2D Disposer" daemon [_thread_blocked, id=10136, stack(0x000000d13dc00000,0x000000d13dd00000)]
  0x0000028dfdf3b000 JavaThread "AWT-Shutdown" [_thread_blocked, id=11456, stack(0x000000d13dd00000,0x000000d13de00000)]
  0x0000028dfdf3e800 JavaThread "AWT-Windows" daemon [_thread_in_native, id=8048, stack(0x000000d13de00000,0x000000d13df00000)]
  0x0000028dfdf3f000 JavaThread "AWT-EventQueue-0" [_thread_blocked, id=1668, stack(0x000000d13df00000,0x000000d13e000000)]
  0x0000028dfdf3c000 JavaThread "DestroyJavaVM" [_thread_blocked, id=10160, stack(0x000000d13ca00000,0x000000d13cb00000)]
=>0x0000028dfdf40000 JavaThread "Timer-0" [_thread_in_native, id=8228, stack(0x000000d13e000000,0x000000d13e100000)]
  0x0000028dfeb6f000 JavaThread "Image Fetcher 0" daemon [_thread_blocked, id=12548, stack(0x000000d13e400000,0x000000d13e500000)]
  0x0000028dfeb6e800 JavaThread "Image Fetcher 1" daemon [_thread_blocked, id=3784, stack(0x000000d13e200000,0x000000d13e300000)]
  0x0000028dfeb70800 JavaThread "Image Fetcher 2" daemon [_thread_blocked, id=15828, stack(0x000000d13e700000,0x000000d13e800000)]
  0x0000028dfeb70000 JavaThread "Image Fetcher 3" daemon [_thread_blocked, id=13444, stack(0x000000d13e800000,0x000000d13e900000)]

Other Threads:
  0x0000028dfd606800 VMThread "VM Thread" [stack: 0x000000d13d000000,0x000000d13d100000] [id=5212]
  0x0000028dfe07a800 WatcherThread [stack: 0x000000d13da00000,0x000000d13db00000] [id=6812]
  0x0000028dde632800 GCTaskThread "GC Thread#0" [stack: 0x000000d13cb00000,0x000000d13cc00000] [id=11880]
  0x0000028dfe9db800 GCTaskThread "GC Thread#1" [stack: 0x000000d13e900000,0x000000d13ea00000] [id=13924]
  0x0000028d8005d000 GCTaskThread "GC Thread#2" [stack: 0x000000d13ea00000,0x000000d13eb00000] [id=11092]
  0x0000028d80147000 GCTaskThread "GC Thread#3" [stack: 0x000000d13eb00000,0x000000d13ec00000] [id=14580]
  0x0000028d800d7000 GCTaskThread "GC Thread#4" [stack: 0x000000d13ec00000,0x000000d13ed00000] [id=13292]
  0x0000028dfeb94000 GCTaskThread "GC Thread#5" [stack: 0x000000d13ed00000,0x000000d13ee00000] [id=8552]
  0x0000028dfeb94800 GCTaskThread "GC Thread#6" [stack: 0x000000d13ee00000,0x000000d13ef00000] [id=11088]
  0x0000028d8005b000 GCTaskThread "GC Thread#7" [stack: 0x000000d13ef00000,0x000000d13f000000] [id=12172]
  0x0000028dde645800 ConcurrentGCThread "G1 Main Marker" [stack: 0x000000d13cc00000,0x000000d13cd00000] [id=15832]
  0x0000028dde646800 ConcurrentGCThread "G1 Conc#0" [stack: 0x000000d13cd00000,0x000000d13ce00000] [id=5332]
  0x0000028dfd477800 ConcurrentGCThread "G1 Refine#0" [stack: 0x000000d13ce00000,0x000000d13cf00000] [id=9388]
  0x0000028dfe30a000 ConcurrentGCThread "G1 Refine#1" [stack: 0x000000d13f000000,0x000000d13f100000] [id=11520]
  0x0000028dfd478000 ConcurrentGCThread "G1 Young RemSet Sampling" [stack: 0x000000d13cf00000,0x000000d13d000000] [id=9436]

Threads with active compile tasks:

VM state:not at safepoint (normal execution)

VM Mutex/Monitor currently owned by a thread: None

Heap address: 0x0000000081c00000, size: 2020 MB, Compressed Oops mode: 32-bit
Narrow klass base: 0x0000000800000000, Narrow klass shift: 3
Compressed class space size: 1073741824 Address: 0x0000000800b30000

Heap:
 garbage-first heap   total 131072K, used 51756K [0x0000000081c00000, 0x0000000100000000)
  region size 1024K, 24 young (24576K), 3 survivors (3072K)
 Metaspace       used 14624K, capacity 15009K, committed 15232K, reserved 1062912K
  class space    used 1629K, capacity 1803K, committed 1920K, reserved 1048576K
Heap Regions: E=young(eden), S=young(survivor), O=old, HS=humongous(starts), HC=humongous(continues), CS=collection set, F=free, OA=open archive, CA=closed archive, TAMS=top-at-mark-start (previous, next)
|   0|0x0000000081c00000, 0x0000000081d00000, 0x0000000081d00000|100%|HS|  |TAMS 0x0000000081c00000, 0x0000000081c00000| Complete 
|   1|0x0000000081d00000, 0x0000000081e00000, 0x0000000081e00000|100%|HC|  |TAMS 0x0000000081d00000, 0x0000000081d00000| Complete 
|   2|0x0000000081e00000, 0x0000000081f00000, 0x0000000081f00000|100%|HC|  |TAMS 0x0000000081e00000, 0x0000000081e00000| Complete 
|   3|0x0000000081f00000, 0x0000000082000000, 0x0000000082000000|100%|HC|  |TAMS 0x0000000081f00000, 0x0000000081f00000| Complete 
|   4|0x0000000082000000, 0x0000000082100000, 0x0000000082100000|100%|HC|  |TAMS 0x0000000082000000, 0x0000000082000000| Complete 
|   5|0x0000000082100000, 0x0000000082200000, 0x0000000082200000|100%|HC|  |TAMS 0x0000000082100000, 0x0000000082100000| Complete 
|   6|0x0000000082200000, 0x0000000082300000, 0x0000000082300000|100%|HC|  |TAMS 0x0000000082200000, 0x0000000082200000| Complete 
|   7|0x0000000082300000, 0x0000000082400000, 0x0000000082400000|100%|HC|  |TAMS 0x0000000082300000, 0x0000000082300000| Complete 
|   8|0x0000000082400000, 0x0000000082500000, 0x0000000082500000|100%|HS|  |TAMS 0x0000000082400000, 0x0000000082400000| Complete 
|   9|0x0000000082500000, 0x0000000082600000, 0x0000000082600000|100%|HC|  |TAMS 0x0000000082500000, 0x0000000082500000| Complete 
|  10|0x0000000082600000, 0x0000000082700000, 0x0000000082700000|100%|HC|  |TAMS 0x0000000082600000, 0x0000000082600000| Complete 
|  11|0x0000000082700000, 0x0000000082800000, 0x0000000082800000|100%|HC|  |TAMS 0x0000000082700000, 0x0000000082700000| Complete 
|  12|0x0000000082800000, 0x0000000082900000, 0x0000000082900000|100%|HC|  |TAMS 0x0000000082800000, 0x0000000082800000| Complete 
|  13|0x0000000082900000, 0x0000000082a00000, 0x0000000082a00000|100%|HC|  |TAMS 0x0000000082900000, 0x0000000082900000| Complete 
|  14|0x0000000082a00000, 0x0000000082b00000, 0x0000000082b00000|100%|HC|  |TAMS 0x0000000082a00000, 0x0000000082a00000| Complete 
|  15|0x0000000082b00000, 0x0000000082c00000, 0x0000000082c00000|100%|HC|  |TAMS 0x0000000082b00000, 0x0000000082b00000| Complete 
|  16|0x0000000082c00000, 0x0000000082d00000, 0x0000000082d00000|100%|HS|  |TAMS 0x0000000082c00000, 0x0000000082c00000| Complete 
|  17|0x0000000082d00000, 0x0000000082e00000, 0x0000000082e00000|100%|HC|  |TAMS 0x0000000082d00000, 0x0000000082d00000| Complete 
|  18|0x0000000082e00000, 0x0000000082f00000, 0x0000000082f00000|100%|HC|  |TAMS 0x0000000082e00000, 0x0000000082e00000| Complete 
|  19|0x0000000082f00000, 0x0000000083000000, 0x0000000083000000|100%|HC|  |TAMS 0x0000000082f00000, 0x0000000082f00000| Complete 
|  20|0x0000000083000000, 0x0000000083100000, 0x0000000083100000|100%|HC|  |TAMS 0x0000000083000000, 0x0000000083000000| Complete 
|  21|0x0000000083100000, 0x0000000083200000, 0x0000000083200000|100%|HC|  |TAMS 0x0000000083100000, 0x0000000083100000| Complete 
|  22|0x0000000083200000, 0x0000000083300000, 0x0000000083300000|100%|HC|  |TAMS 0x0000000083200000, 0x0000000083200000| Complete 
|  23|0x0000000083300000, 0x0000000083400000, 0x0000000083400000|100%|HC|  |TAMS 0x0000000083300000, 0x0000000083300000| Complete 
|  24|0x0000000083400000, 0x0000000083500000, 0x0000000083500000|100%| O|  |TAMS 0x0000000083400000, 0x0000000083400000| Untracked 
|  25|0x0000000083500000, 0x000000008358b200, 0x0000000083600000| 54%| O|  |TAMS 0x0000000083500000, 0x0000000083500000| Untracked 
|  26|0x0000000083600000, 0x0000000083700000, 0x0000000083700000|100%|HS|  |TAMS 0x0000000083600000, 0x0000000083600000| Complete 
|  27|0x0000000083700000, 0x0000000083800000, 0x0000000083800000|100%|HC|  |TAMS 0x0000000083700000, 0x0000000083700000| Complete 
|  28|0x0000000083800000, 0x0000000083800000, 0x0000000083900000|  0%| F|  |TAMS 0x0000000083800000, 0x0000000083800000| Untracked 
|  29|0x0000000083900000, 0x0000000083900000, 0x0000000083a00000|  0%| F|  |TAMS 0x0000000083900000, 0x0000000083900000| Untracked 
|  30|0x0000000083a00000, 0x0000000083a00000, 0x0000000083b00000|  0%| F|  |TAMS 0x0000000083a00000, 0x0000000083a00000| Untracked 
|  31|0x0000000083b00000, 0x0000000083b00000, 0x0000000083c00000|  0%| F|  |TAMS 0x0000000083b00000, 0x0000000083b00000| Untracked 
|  32|0x0000000083c00000, 0x0000000083c00000, 0x0000000083d00000|  0%| F|  |TAMS 0x0000000083c00000, 0x0000000083c00000| Untracked 
|  33|0x0000000083d00000, 0x0000000083d00000, 0x0000000083e00000|  0%| F|  |TAMS 0x0000000083d00000, 0x0000000083d00000| Untracked 
|  34|0x0000000083e00000, 0x0000000083e00000, 0x0000000083f00000|  0%| F|  |TAMS 0x0000000083e00000, 0x0000000083e00000| Untracked 
|  35|0x0000000083f00000, 0x0000000083f00000, 0x0000000084000000|  0%| F|  |TAMS 0x0000000083f00000, 0x0000000083f00000| Untracked 
|  36|0x0000000084000000, 0x0000000084000000, 0x0000000084100000|  0%| F|  |TAMS 0x0000000084000000, 0x0000000084000000| Untracked 
|  37|0x0000000084100000, 0x0000000084100000, 0x0000000084200000|  0%| F|  |TAMS 0x0000000084100000, 0x0000000084100000| Untracked 
|  38|0x0000000084200000, 0x0000000084200000, 0x0000000084300000|  0%| F|  |TAMS 0x0000000084200000, 0x0000000084200000| Untracked 
|  39|0x0000000084300000, 0x0000000084300000, 0x0000000084400000|  0%| F|  |TAMS 0x0000000084300000, 0x0000000084300000| Untracked 
|  40|0x0000000084400000, 0x0000000084400000, 0x0000000084500000|  0%| F|  |TAMS 0x0000000084400000, 0x0000000084400000| Untracked 
|  41|0x0000000084500000, 0x0000000084500000, 0x0000000084600000|  0%| F|  |TAMS 0x0000000084500000, 0x0000000084500000| Untracked 
|  42|0x0000000084600000, 0x0000000084600000, 0x0000000084700000|  0%| F|  |TAMS 0x0000000084600000, 0x0000000084600000| Untracked 
|  43|0x0000000084700000, 0x0000000084700000, 0x0000000084800000|  0%| F|  |TAMS 0x0000000084700000, 0x0000000084700000| Untracked 
|  44|0x0000000084800000, 0x0000000084800000, 0x0000000084900000|  0%| F|  |TAMS 0x0000000084800000, 0x0000000084800000| Untracked 
|  45|0x0000000084900000, 0x0000000084900000, 0x0000000084a00000|  0%| F|  |TAMS 0x0000000084900000, 0x0000000084900000| Untracked 
|  46|0x0000000084a00000, 0x0000000084a00000, 0x0000000084b00000|  0%| F|  |TAMS 0x0000000084a00000, 0x0000000084a00000| Untracked 
|  47|0x0000000084b00000, 0x0000000084b00000, 0x0000000084c00000|  0%| F|  |TAMS 0x0000000084b00000, 0x0000000084b00000| Untracked 
|  48|0x0000000084c00000, 0x0000000084c00000, 0x0000000084d00000|  0%| F|  |TAMS 0x0000000084c00000, 0x0000000084c00000| Untracked 
|  49|0x0000000084d00000, 0x0000000084d00000, 0x0000000084e00000|  0%| F|  |TAMS 0x0000000084d00000, 0x0000000084d00000| Untracked 
|  50|0x0000000084e00000, 0x0000000084e00000, 0x0000000084f00000|  0%| F|  |TAMS 0x0000000084e00000, 0x0000000084e00000| Untracked 
|  51|0x0000000084f00000, 0x0000000084f00000, 0x0000000085000000|  0%| F|  |TAMS 0x0000000084f00000, 0x0000000084f00000| Untracked 
|  52|0x0000000085000000, 0x0000000085000000, 0x0000000085100000|  0%| F|  |TAMS 0x0000000085000000, 0x0000000085000000| Untracked 
|  53|0x0000000085100000, 0x0000000085100000, 0x0000000085200000|  0%| F|  |TAMS 0x0000000085100000, 0x0000000085100000| Untracked 
|  54|0x0000000085200000, 0x0000000085200000, 0x0000000085300000|  0%| F|  |TAMS 0x0000000085200000, 0x0000000085200000| Untracked 
|  55|0x0000000085300000, 0x0000000085300000, 0x0000000085400000|  0%| F|  |TAMS 0x0000000085300000, 0x0000000085300000| Untracked 
|  56|0x0000000085400000, 0x0000000085400000, 0x0000000085500000|  0%| F|  |TAMS 0x0000000085400000, 0x0000000085400000| Untracked 
|  57|0x0000000085500000, 0x0000000085500000, 0x0000000085600000|  0%| F|  |TAMS 0x0000000085500000, 0x0000000085500000| Untracked 
|  58|0x0000000085600000, 0x0000000085600000, 0x0000000085700000|  0%| F|  |TAMS 0x0000000085600000, 0x0000000085600000| Untracked 
|  59|0x0000000085700000, 0x0000000085700000, 0x0000000085800000|  0%| F|  |TAMS 0x0000000085700000, 0x0000000085700000| Untracked 
|  60|0x0000000085800000, 0x0000000085800000, 0x0000000085900000|  0%| F|  |TAMS 0x0000000085800000, 0x0000000085800000| Untracked 
|  61|0x0000000085900000, 0x0000000085900000, 0x0000000085a00000|  0%| F|  |TAMS 0x0000000085900000, 0x0000000085900000| Untracked 
|  62|0x0000000085a00000, 0x0000000085a00000, 0x0000000085b00000|  0%| F|  |TAMS 0x0000000085a00000, 0x0000000085a00000| Untracked 
|  63|0x0000000085b00000, 0x0000000085b00000, 0x0000000085c00000|  0%| F|  |TAMS 0x0000000085b00000, 0x0000000085b00000| Untracked 
|  64|0x0000000085c00000, 0x0000000085c00000, 0x0000000085d00000|  0%| F|  |TAMS 0x0000000085c00000, 0x0000000085c00000| Untracked 
|  65|0x0000000085d00000, 0x0000000085d00000, 0x0000000085e00000|  0%| F|  |TAMS 0x0000000085d00000, 0x0000000085d00000| Untracked 
|  66|0x0000000085e00000, 0x0000000085e00000, 0x0000000085f00000|  0%| F|  |TAMS 0x0000000085e00000, 0x0000000085e00000| Untracked 
|  67|0x0000000085f00000, 0x0000000085f00000, 0x0000000086000000|  0%| F|  |TAMS 0x0000000085f00000, 0x0000000085f00000| Untracked 
|  68|0x0000000086000000, 0x0000000086000000, 0x0000000086100000|  0%| F|  |TAMS 0x0000000086000000, 0x0000000086000000| Untracked 
|  69|0x0000000086100000, 0x0000000086100000, 0x0000000086200000|  0%| F|  |TAMS 0x0000000086100000, 0x0000000086100000| Untracked 
|  70|0x0000000086200000, 0x0000000086200000, 0x0000000086300000|  0%| F|  |TAMS 0x0000000086200000, 0x0000000086200000| Untracked 
|  71|0x0000000086300000, 0x0000000086300000, 0x0000000086400000|  0%| F|  |TAMS 0x0000000086300000, 0x0000000086300000| Untracked 
|  72|0x0000000086400000, 0x0000000086400000, 0x0000000086500000|  0%| F|  |TAMS 0x0000000086400000, 0x0000000086400000| Untracked 
|  73|0x0000000086500000, 0x0000000086500000, 0x0000000086600000|  0%| F|  |TAMS 0x0000000086500000, 0x0000000086500000| Untracked 
|  74|0x0000000086600000, 0x0000000086600000, 0x0000000086700000|  0%| F|  |TAMS 0x0000000086600000, 0x0000000086600000| Untracked 
|  75|0x0000000086700000, 0x0000000086700000, 0x0000000086800000|  0%| F|  |TAMS 0x0000000086700000, 0x0000000086700000| Untracked 
|  76|0x0000000086800000, 0x0000000086800000, 0x0000000086900000|  0%| F|  |TAMS 0x0000000086800000, 0x0000000086800000| Untracked 
|  77|0x0000000086900000, 0x0000000086900000, 0x0000000086a00000|  0%| F|  |TAMS 0x0000000086900000, 0x0000000086900000| Untracked 
|  78|0x0000000086a00000, 0x0000000086a00000, 0x0000000086b00000|  0%| F|  |TAMS 0x0000000086a00000, 0x0000000086a00000| Untracked 
|  79|0x0000000086b00000, 0x0000000086b00000, 0x0000000086c00000|  0%| F|  |TAMS 0x0000000086b00000, 0x0000000086b00000| Untracked 
|  80|0x0000000086c00000, 0x0000000086c00000, 0x0000000086d00000|  0%| F|  |TAMS 0x0000000086c00000, 0x0000000086c00000| Untracked 
|  81|0x0000000086d00000, 0x0000000086d00000, 0x0000000086e00000|  0%| F|  |TAMS 0x0000000086d00000, 0x0000000086d00000| Untracked 
|  82|0x0000000086e00000, 0x0000000086e00000, 0x0000000086f00000|  0%| F|  |TAMS 0x0000000086e00000, 0x0000000086e00000| Untracked 
|  83|0x0000000086f00000, 0x0000000086f00000, 0x0000000087000000|  0%| F|  |TAMS 0x0000000086f00000, 0x0000000086f00000| Untracked 
|  84|0x0000000087000000, 0x0000000087000000, 0x0000000087100000|  0%| F|  |TAMS 0x0000000087000000, 0x0000000087000000| Untracked 
|  85|0x0000000087100000, 0x0000000087100000, 0x0000000087200000|  0%| F|  |TAMS 0x0000000087100000, 0x0000000087100000| Untracked 
|  86|0x0000000087200000, 0x0000000087200000, 0x0000000087300000|  0%| F|  |TAMS 0x0000000087200000, 0x0000000087200000| Untracked 
|  87|0x0000000087300000, 0x0000000087300000, 0x0000000087400000|  0%| F|  |TAMS 0x0000000087300000, 0x0000000087300000| Untracked 
|  88|0x0000000087400000, 0x0000000087400000, 0x0000000087500000|  0%| F|  |TAMS 0x0000000087400000, 0x0000000087400000| Untracked 
|  89|0x0000000087500000, 0x0000000087500000, 0x0000000087600000|  0%| F|  |TAMS 0x0000000087500000, 0x0000000087500000| Untracked 
|  90|0x0000000087600000, 0x0000000087600000, 0x0000000087700000|  0%| F|  |TAMS 0x0000000087600000, 0x0000000087600000| Untracked 
|  91|0x0000000087700000, 0x0000000087700000, 0x0000000087800000|  0%| F|  |TAMS 0x0000000087700000, 0x0000000087700000| Untracked 
|  92|0x0000000087800000, 0x0000000087800000, 0x0000000087900000|  0%| F|  |TAMS 0x0000000087800000, 0x0000000087800000| Untracked 
|  93|0x0000000087900000, 0x0000000087900000, 0x0000000087a00000|  0%| F|  |TAMS 0x0000000087900000, 0x0000000087900000| Untracked 
|  94|0x0000000087a00000, 0x0000000087a00000, 0x0000000087b00000|  0%| F|  |TAMS 0x0000000087a00000, 0x0000000087a00000| Untracked 
|  95|0x0000000087b00000, 0x0000000087b00000, 0x0000000087c00000|  0%| F|  |TAMS 0x0000000087b00000, 0x0000000087b00000| Untracked 
|  96|0x0000000087c00000, 0x0000000087c00000, 0x0000000087d00000|  0%| F|  |TAMS 0x0000000087c00000, 0x0000000087c00000| Untracked 
|  97|0x0000000087d00000, 0x0000000087d00000, 0x0000000087e00000|  0%| F|  |TAMS 0x0000000087d00000, 0x0000000087d00000| Untracked 
|  98|0x0000000087e00000, 0x0000000087e00000, 0x0000000087f00000|  0%| F|  |TAMS 0x0000000087e00000, 0x0000000087e00000| Untracked 
|  99|0x0000000087f00000, 0x0000000087f00000, 0x0000000088000000|  0%| F|  |TAMS 0x0000000087f00000, 0x0000000087f00000| Untracked 
| 100|0x0000000088000000, 0x0000000088000000, 0x0000000088100000|  0%| F|  |TAMS 0x0000000088000000, 0x0000000088000000| Untracked 
| 101|0x0000000088100000, 0x0000000088100000, 0x0000000088200000|  0%| F|  |TAMS 0x0000000088100000, 0x0000000088100000| Untracked 
| 102|0x0000000088200000, 0x0000000088300000, 0x0000000088300000|100%| S|CS|TAMS 0x0000000088200000, 0x0000000088200000| Complete 
| 103|0x0000000088300000, 0x0000000088400000, 0x0000000088400000|100%| S|CS|TAMS 0x0000000088300000, 0x0000000088300000| Complete 
| 104|0x0000000088400000, 0x0000000088500000, 0x0000000088500000|100%| S|CS|TAMS 0x0000000088400000, 0x0000000088400000| Complete 
| 105|0x0000000088500000, 0x0000000088500000, 0x0000000088600000|  0%| F|  |TAMS 0x0000000088500000, 0x0000000088500000| Untracked 
| 106|0x0000000088600000, 0x0000000088600000, 0x0000000088700000|  0%| F|  |TAMS 0x0000000088600000, 0x0000000088600000| Untracked 
| 107|0x0000000088700000, 0x0000000088752950, 0x0000000088800000| 32%| E|  |TAMS 0x0000000088700000, 0x0000000088700000| Complete 
| 108|0x0000000088800000, 0x0000000088900000, 0x0000000088900000|100%| E|CS|TAMS 0x0000000088800000, 0x0000000088800000| Complete 
| 109|0x0000000088900000, 0x0000000088a00000, 0x0000000088a00000|100%| E|CS|TAMS 0x0000000088900000, 0x0000000088900000| Complete 
| 110|0x0000000088a00000, 0x0000000088b00000, 0x0000000088b00000|100%| E|CS|TAMS 0x0000000088a00000, 0x0000000088a00000| Complete 
| 111|0x0000000088b00000, 0x0000000088c00000, 0x0000000088c00000|100%| E|CS|TAMS 0x0000000088b00000, 0x0000000088b00000| Complete 
| 112|0x0000000088c00000, 0x0000000088d00000, 0x0000000088d00000|100%| E|CS|TAMS 0x0000000088c00000, 0x0000000088c00000| Complete 
| 113|0x0000000088d00000, 0x0000000088e00000, 0x0000000088e00000|100%| E|CS|TAMS 0x0000000088d00000, 0x0000000088d00000| Complete 
| 114|0x0000000088e00000, 0x0000000088f00000, 0x0000000088f00000|100%| E|CS|TAMS 0x0000000088e00000, 0x0000000088e00000| Complete 
| 115|0x0000000088f00000, 0x0000000089000000, 0x0000000089000000|100%| E|CS|TAMS 0x0000000088f00000, 0x0000000088f00000| Complete 
| 116|0x0000000089000000, 0x0000000089100000, 0x0000000089100000|100%| E|CS|TAMS 0x0000000089000000, 0x0000000089000000| Complete 
| 117|0x0000000089100000, 0x0000000089200000, 0x0000000089200000|100%| E|CS|TAMS 0x0000000089100000, 0x0000000089100000| Complete 
| 118|0x0000000089200000, 0x0000000089300000, 0x0000000089300000|100%| E|CS|TAMS 0x0000000089200000, 0x0000000089200000| Complete 
| 119|0x0000000089300000, 0x0000000089400000, 0x0000000089400000|100%| E|CS|TAMS 0x0000000089300000, 0x0000000089300000| Complete 
| 120|0x0000000089400000, 0x0000000089500000, 0x0000000089500000|100%| E|CS|TAMS 0x0000000089400000, 0x0000000089400000| Complete 
| 121|0x0000000089500000, 0x0000000089600000, 0x0000000089600000|100%| E|CS|TAMS 0x0000000089500000, 0x0000000089500000| Complete 
| 122|0x0000000089600000, 0x0000000089700000, 0x0000000089700000|100%| E|CS|TAMS 0x0000000089600000, 0x0000000089600000| Complete 
| 123|0x0000000089700000, 0x0000000089800000, 0x0000000089800000|100%| E|CS|TAMS 0x0000000089700000, 0x0000000089700000| Complete 
| 124|0x0000000089800000, 0x0000000089900000, 0x0000000089900000|100%| E|CS|TAMS 0x0000000089800000, 0x0000000089800000| Complete 
| 125|0x0000000089900000, 0x0000000089a00000, 0x0000000089a00000|100%| E|CS|TAMS 0x0000000089900000, 0x0000000089900000| Complete 
| 126|0x0000000089a00000, 0x0000000089b00000, 0x0000000089b00000|100%| E|CS|TAMS 0x0000000089a00000, 0x0000000089a00000| Complete 
| 127|0x0000000089b00000, 0x0000000089c00000, 0x0000000089c00000|100%| E|CS|TAMS 0x0000000089b00000, 0x0000000089b00000| Complete 

Card table byte_map: [0x0000028df6480000,0x0000028df6880000] _byte_map_base: 0x0000028df6072000

Marking Bits (Prev, Next): (CMBitMap*) 0x0000028dde6344f8, (CMBitMap*) 0x0000028dde634538
 Prev Bits: [0x0000028df6c80000, 0x0000028df8c10000)
 Next Bits: [0x0000028df8c10000, 0x0000028dfaba0000)

Polling page: 0x0000028ddc3a0000

Metaspace:

Usage:
  Non-class:     12.90 MB capacity,    12.69 MB ( 98%) used,   178.59 KB (  1%) free+waste,    32.25 KB ( <1%) overhead. 
      Class:      1.76 MB capacity,     1.59 MB ( 90%) used,   155.52 KB (  9%) free+waste,    18.44 KB (  1%) overhead. 
       Both:     14.66 MB capacity,    14.28 MB ( 97%) used,   334.11 KB (  2%) free+waste,    50.69 KB ( <1%) overhead. 

Virtual space:
  Non-class space:       14.00 MB reserved,      13.00 MB ( 93%) committed 
      Class space:        1.00 GB reserved,       1.88 MB ( <1%) committed 
             Both:        1.01 GB reserved,      14.88 MB (  1%) committed 

Chunk freelists:
   Non-Class:  42.00 KB
       Class:  21.00 KB
        Both:  63.00 KB

MaxMetaspaceSize: 17179869184.00 GB
CompressedClassSpaceSize: 1.00 GB

CodeHeap 'non-profiled nmethods': size=120000Kb used=627Kb max_used=627Kb free=119372Kb
 bounds [0x0000028dee820000, 0x0000028deea90000, 0x0000028df5d50000]
CodeHeap 'profiled nmethods': size=120000Kb used=3118Kb max_used=3118Kb free=116881Kb
 bounds [0x0000028de72f0000, 0x0000028de7600000, 0x0000028dee820000]
CodeHeap 'non-nmethods': size=5760Kb used=1410Kb max_used=1457Kb free=4349Kb
 bounds [0x0000028de6d50000, 0x0000028de6fc0000, 0x0000028de72f0000]
 total_blobs=2911 nmethods=1594 adapters=646
 compilation: enabled
              stopped_count=0, restarted_count=0
 full_count=0

Compilation events (20 events):
Event: 2.227 Thread 0x0000028dfd62d800 1585       1       java.awt.Container::getLayout (5 bytes)
Event: 2.227 Thread 0x0000028dfd62d800 nmethod 1585 0x0000028dee8bbd10 code [0x0000028dee8bbea0, 0x0000028dee8bbf78]
Event: 2.228 Thread 0x0000028dfd62d800 1586       1       java.awt.image.Raster::getWidth (5 bytes)
Event: 2.228 Thread 0x0000028dfd62d800 nmethod 1586 0x0000028dee8bc010 code [0x0000028dee8bc1a0, 0x0000028dee8bc278]
Event: 2.228 Thread 0x0000028dfd62d800 1587       1       java.awt.image.Raster::getHeight (5 bytes)
Event: 2.228 Thread 0x0000028dfd62d800 nmethod 1587 0x0000028dee8bc310 code [0x0000028dee8bc4a0, 0x0000028dee8bc578]
Event: 2.228 Thread 0x0000028dfd62d800 1588       3       sun.java2d.SunGraphics2D::create (8 bytes)
Event: 2.228 Thread 0x0000028dfd62d800 nmethod 1588 0x0000028de75f9390 code [0x0000028de75f9540, 0x0000028de75f9788]
Event: 2.228 Thread 0x0000028dfd62d800 1589   !   3       sun.java2d.SunGraphics2D::clone (114 bytes)
Event: 2.229 Thread 0x0000028dfd62d800 nmethod 1589 0x0000028de75f9890 code [0x0000028de75f9ae0, 0x0000028de75fa6a8]
Event: 2.229 Thread 0x0000028dfd62d800 1590       1       javax.swing.RepaintManager::isDoubleBufferingEnabled (5 bytes)
Event: 2.229 Thread 0x0000028dfd62d800 nmethod 1590 0x0000028dee8bc610 code [0x0000028dee8bc7a0, 0x0000028dee8bc878]
Event: 2.229 Thread 0x0000028dfd62d800 1591       1       sun.awt.Win32GraphicsDevice::getDefaultScaleX (5 bytes)
Event: 2.229 Thread 0x0000028dfd62d800 nmethod 1591 0x0000028dee8bc910 code [0x0000028dee8bcaa0, 0x0000028dee8bcb78]
Event: 2.229 Thread 0x0000028dfd62d800 1593       3       sun.java2d.SunGraphics2D::validateColor (102 bytes)
Event: 2.229 Thread 0x0000028dfd62d800 nmethod 1593 0x0000028de75faa90 code [0x0000028de75fac60, 0x0000028de75fb1b8]
Event: 2.229 Thread 0x0000028dfd62d800 1594       3       java.awt.geom.AffineTransform::equals (92 bytes)
Event: 2.229 Thread 0x0000028dfd62d800 nmethod 1594 0x0000028de75fb310 code [0x0000028de75fb4c0, 0x0000028de75fbad8]
Event: 2.229 Thread 0x0000028dfd62d800 1592       1       sun.awt.Win32GraphicsDevice::getDefaultScaleY (5 bytes)
Event: 2.229 Thread 0x0000028dfd62d800 nmethod 1592 0x0000028dee8bcc10 code [0x0000028dee8bcda0, 0x0000028dee8bce78]

GC Heap History (2 events):
Event: 1.261 GC heap before
{Heap before GC invocations=0 (full 0):
 garbage-first heap   total 131072K, used 48128K [0x0000000081c00000, 0x0000000100000000)
  region size 1024K, 23 young (23552K), 0 survivors (0K)
 Metaspace       used 12869K, capacity 13204K, committed 13440K, reserved 1060864K
  class space    used 1458K, capacity 1608K, committed 1664K, reserved 1048576K
}
Event: 1.266 GC heap after
{Heap after GC invocations=1 (full 0):
 garbage-first heap   total 131072K, used 29228K [0x0000000081c00000, 0x0000000100000000)
  region size 1024K, 3 young (3072K), 3 survivors (3072K)
 Metaspace       used 12869K, capacity 13204K, committed 13440K, reserved 1060864K
  class space    used 1458K, capacity 1608K, committed 1664K, reserved 1048576K
}

Deoptimization events (20 events):
Event: 1.370 Thread 0x0000028dfeb6f000 DEOPT PACKING pc=0x0000028de75cb67e sp=0x000000d13e4feb30
Event: 1.370 Thread 0x0000028dfeb6f000 DEOPT UNPACKING pc=0x0000028de6d9964e sp=0x000000d13e4fe040 mode 0
Event: 1.370 Thread 0x0000028dfeb6f000 DEOPT PACKING pc=0x0000028de75cb67e sp=0x000000d13e4feb30
Event: 1.370 Thread 0x0000028dfeb6f000 DEOPT UNPACKING pc=0x0000028de6d9964e sp=0x000000d13e4fe040 mode 0
Event: 1.371 Thread 0x0000028dfeb6f000 Uncommon trap: trap_request=0xffffff45 fr.pc=0x0000028dee8a1178 relative=0x0000000000000398
Event: 1.371 Thread 0x0000028dfeb6f000 Uncommon trap: reason=unstable_if action=reinterpret pc=0x0000028dee8a1178 method=sun.awt.image.ImageRepresentation.getOpaqueRGBImage()Ljava/awt/image/BufferedImage; @ 57 c2
Event: 1.371 Thread 0x0000028dfeb6f000 DEOPT PACKING pc=0x0000028dee8a1178 sp=0x000000d13e4febb0
Event: 1.371 Thread 0x0000028dfeb6f000 DEOPT UNPACKING pc=0x0000028de6d9912f sp=0x000000d13e4feb40 mode 2
Event: 2.063 Thread 0x0000028dfdf3f000 Uncommon trap: trap_request=0xffffffc6 fr.pc=0x0000028dee8759e0 relative=0x0000000000000360
Event: 2.063 Thread 0x0000028dfdf3f000 Uncommon trap: reason=bimorphic_or_optimized_type_check action=maybe_recompile pc=0x0000028dee8759e0 method=java.util.HashMap.getNode(ILjava/lang/Object;)Ljava/util/HashMap$Node; @ 126 c2
Event: 2.063 Thread 0x0000028dfdf3f000 DEOPT PACKING pc=0x0000028dee8759e0 sp=0x000000d13dffe050
Event: 2.063 Thread 0x0000028dfdf3f000 DEOPT UNPACKING pc=0x0000028de6d9912f sp=0x000000d13dffdf58 mode 2
Event: 2.065 Thread 0x0000028dfdf3f000 Uncommon trap: trap_request=0xffffffc6 fr.pc=0x0000028dee8759e0 relative=0x0000000000000360
Event: 2.065 Thread 0x0000028dfdf3f000 Uncommon trap: reason=bimorphic_or_optimized_type_check action=maybe_recompile pc=0x0000028dee8759e0 method=java.util.HashMap.getNode(ILjava/lang/Object;)Ljava/util/HashMap$Node; @ 126 c2
Event: 2.065 Thread 0x0000028dfdf3f000 DEOPT PACKING pc=0x0000028dee8759e0 sp=0x000000d13dffdf30
Event: 2.065 Thread 0x0000028dfdf3f000 DEOPT UNPACKING pc=0x0000028de6d9912f sp=0x000000d13dffde38 mode 2
Event: 2.162 Thread 0x0000028dfdf3f000 Uncommon trap: trap_request=0xffffffc6 fr.pc=0x0000028dee864768 relative=0x00000000000002c8
Event: 2.162 Thread 0x0000028dfdf3f000 Uncommon trap: reason=bimorphic_or_optimized_type_check action=maybe_recompile pc=0x0000028dee864768 method=java.util.HashMap.getNode(ILjava/lang/Object;)Ljava/util/HashMap$Node; @ 59 c2
Event: 2.162 Thread 0x0000028dfdf3f000 DEOPT PACKING pc=0x0000028dee864768 sp=0x000000d13dffdc10
Event: 2.162 Thread 0x0000028dfdf3f000 DEOPT UNPACKING pc=0x0000028de6d9912f sp=0x000000d13dffdb90 mode 2

Classes unloaded (0 events):
No events

Classes redefined (0 events):
No events

Internal exceptions (18 events):
Event: 0.066 Thread 0x0000028dde5ef800 Exception <a 'java/lang/ClassNotFoundException'{0x0000000089aedcd0}: sun/awt/resources/spi/awtProvider> (0x0000000089aedcd0) 
thrown [./open/src/hotspot/share/classfile/systemDictionary.cpp, line 226]
Event: 0.084 Thread 0x0000028dde5ef800 Exception <a 'java/io/FileNotFoundException'{0x00000000899445a8}> (0x00000000899445a8) 
thrown [./open/src/hotspot/share/prims/jni.cpp, line 599]
Event: 0.088 Thread 0x0000028dde5ef800 Exception <a 'java/io/FileNotFoundException'{0x000000008996a900}> (0x000000008996a900) 
thrown [./open/src/hotspot/share/prims/jni.cpp, line 599]
Event: 0.115 Thread 0x0000028dfdf3e800 Exception <a 'java/lang/NoSuchMethodError'{0x00000000899f1090}: 'void java.lang.invoke.DirectMethodHandle$Holder.invokeSpecial(java.lang.Object, java.lang.Object)'> (0x00000000899f1090) 
thrown [./open/src/hotspot/share/interpreter/linkResolver.cpp, line 766]
Event: 0.144 Thread 0x0000028dfdf3f000 Exception <a 'java/lang/NoSuchMethodError'{0x00000000898e5cd8}: 'java.lang.Object java.lang.invoke.DirectMethodHandle$Holder.invokeStatic(java.lang.Object, int, java.lang.Object, java.lang.Object, java.lang.Object, java.lang.Object)'> (0x00000000898e5cd8) 
thrown [./open/src/hotspot/share/interpreter/linkResolver.cpp, line 766]
Event: 0.144 Thread 0x0000028dfdf3f000 Exception <a 'java/lang/NoSuchMethodError'{0x00000000898ec868}: 'java.lang.Object java.lang.invoke.DirectMethodHandle$Holder.invokeStatic(java.lang.Object, int, java.lang.Object, java.lang.Object, java.lang.Object)'> (0x00000000898ec868) 
thrown [./open/src/hotspot/share/interpreter/linkResolver.cpp, line 766]
Event: 0.144 Thread 0x0000028dfdf3f000 Exception <a 'java/lang/NoSuchMethodError'{0x00000000898f00b8}: 'java.lang.Object java.lang.invoke.DirectMethodHandle$Holder.invokeSpecial(java.lang.Object, java.lang.Object, int, java.lang.Object, java.lang.Object, java.lang.Object)'> (0x00000000898f00b8) 
thrown [./open/src/hotspot/share/interpreter/linkResolver.cpp, line 766]
Event: 0.146 Thread 0x0000028dfdf3f000 Exception <a 'java/lang/NoSuchMethodError'{0x0000000089706ad8}: 'java.lang.Object java.lang.invoke.DirectMethodHandle$Holder.invokeStatic(java.lang.Object, int, java.lang.Object)'> (0x0000000089706ad8) 
thrown [./open/src/hotspot/share/interpreter/linkResolver.cpp, line 766]
Event: 0.159 Thread 0x0000028dfdf3f000 Exception <a 'java/lang/ClassNotFoundException'{0x00000000897aa1a0}: com/sun/swing/internal/plaf/metal/resources/spi/metalProvider> (0x00000000897aa1a0) 
thrown [./open/src/hotspot/share/classfile/systemDictionary.cpp, line 226]
Event: 0.160 Thread 0x0000028dfdf3f000 Exception <a 'java/lang/ClassNotFoundException'{0x00000000897adfa8}: com/sun/swing/internal/plaf/basic/resources/spi/basicProvider> (0x00000000897adfa8) 
thrown [./open/src/hotspot/share/classfile/systemDictionary.cpp, line 226]
Event: 0.385 Thread 0x0000028dfdf3f000 Exception <a 'java/lang/NoSuchMethodError'{0x00000000892411e8}: 'java.lang.Object java.lang.invoke.DirectMethodHandle$Holder.invokeSpecial(java.lang.Object, java.lang.Object, java.lang.Object, java.lang.Object, int)'> (0x00000000892411e8) 
thrown [./open/src/hotspot/share/interpreter/linkResolver.cpp, line 766]
Event: 0.385 Thread 0x0000028dfdf3f000 Exception <a 'java/lang/NoSuchMethodError'{0x00000000892442a8}: 'java.lang.Object java.lang.invoke.Invokers$Holder.linkToTargetMethod(java.lang.Object, java.lang.Object, int, java.lang.Object)'> (0x00000000892442a8) 
thrown [./open/src/hotspot/share/interpreter/linkResolver.cpp, line 766]
Event: 1.085 Thread 0x0000028dfdf40000 Exception <a 'java/lang/NoSuchMethodError'{0x0000000088fed588}: 'java.lang.Object java.lang.invoke.DirectMethodHandle$Holder.invokeStaticInit(java.lang.Object, int, int, int, int)'> (0x0000000088fed588) 
thrown [./open/src/hotspot/share/interpreter/linkResolver.cpp, line 766]
Event: 1.116 Thread 0x0000028dfdf40000 Exception <a 'java/lang/NoSuchMethodError'{0x0000000088b21ae8}: 'java.lang.Object java.lang.invoke.DirectMethodHandle$Holder.invokeStaticInit(java.lang.Object, java.lang.Object, int, int, int, int)'> (0x0000000088b21ae8) 
thrown [./open/src/hotspot/share/interpreter/linkResolver.cpp, line 766]
Event: 1.163 Thread 0x0000028dfdf3f000 Exception <a 'java/lang/NoSuchMethodError'{0x0000000088934830}: 'void java.lang.invoke.DirectMethodHandle$Holder.invokeStaticInit(java.lang.Object)'> (0x0000000088934830) 
thrown [./open/src/hotspot/share/interpreter/linkResolver.cpp, line 766]
Event: 1.184 Thread 0x0000028dfdf3f000 Exception <a 'java/lang/NoSuchMethodError'{0x0000000088700140}: 'java.lang.Object java.lang.invoke.Invokers$Holder.linkToTargetMethod(java.lang.Object, int, java.lang.Object)'> (0x0000000088700140) 
thrown [./open/src/hotspot/share/interpreter/linkResolver.cpp, line 766]
Event: 1.187 Thread 0x0000028dfeb6f000 Implicit null exception at 0x0000028dee8653e7 to 0x0000028dee865a08
Event: 1.188 Thread 0x0000028dfeb6f000 Implicit null exception at 0x0000028dee85dae4 to 0x0000028dee85e120

Events (20 events):
Event: 2.224 Executing VM operation: HandshakeOneThread
Event: 2.224 Executing VM operation: HandshakeOneThread done
Event: 2.224 Executing VM operation: HandshakeOneThread
Event: 2.224 Executing VM operation: HandshakeOneThread done
Event: 2.224 Executing VM operation: HandshakeOneThread
Event: 2.224 Executing VM operation: HandshakeOneThread done
Event: 2.224 Executing VM operation: HandshakeOneThread
Event: 2.224 Executing VM operation: HandshakeOneThread done
Event: 2.224 Executing VM operation: HandshakeOneThread
Event: 2.224 Executing VM operation: HandshakeOneThread done
Event: 2.224 Executing VM operation: HandshakeOneThread
Event: 2.224 Executing VM operation: HandshakeOneThread done
Event: 2.224 Executing VM operation: HandshakeOneThread
Event: 2.224 Executing VM operation: HandshakeOneThread done
Event: 2.225 Executing VM operation: HandshakeOneThread
Event: 2.225 Executing VM operation: HandshakeOneThread done
Event: 2.225 Executing VM operation: HandshakeOneThread
Event: 2.225 Executing VM operation: HandshakeOneThread done
Event: 2.225 Executing VM operation: HandshakeOneThread
Event: 2.225 Executing VM operation: HandshakeOneThread done


Dynamic libraries:
0x00007ff7e7b40000 - 0x00007ff7e7b4f000 	C:\Program Files\Java\jdk-14.0.1\bin\javaw.exe
0x00007ffde77c0000 - 0x00007ffde79b0000 	C:\Windows\SYSTEM32\ntdll.dll
0x00007ffde69e0000 - 0x00007ffde6a92000 	C:\Windows\System32\KERNEL32.DLL
0x00007ffde52d0000 - 0x00007ffde5573000 	C:\Windows\System32\KERNELBASE.dll
0x00007ffde5150000 - 0x00007ffde524a000 	C:\Windows\System32\ucrtbase.dll
0x00007ffdd2ef0000 - 0x00007ffdd2f05000 	C:\Program Files\Java\jdk-14.0.1\bin\VCRUNTIME140.dll
0x00007ffdcd1e0000 - 0x00007ffdcd1f8000 	C:\Program Files\Java\jdk-14.0.1\bin\jli.dll
0x00007ffde6df0000 - 0x00007ffde6e93000 	C:\Windows\System32\ADVAPI32.dll
0x00007ffde6940000 - 0x00007ffde69de000 	C:\Windows\System32\msvcrt.dll
0x00007ffde67f0000 - 0x00007ffde6887000 	C:\Windows\System32\sechost.dll
0x00007ffde7660000 - 0x00007ffde7780000 	C:\Windows\System32\RPCRT4.dll
0x00007ffde74b0000 - 0x00007ffde7644000 	C:\Windows\System32\USER32.dll
0x00007ffdd4f40000 - 0x00007ffdd51c5000 	C:\Windows\WinSxS\amd64_microsoft.windows.common-controls_6595b64144ccf1df_6.0.18362.778_none_e6c6b761130d4fb8\COMCTL32.dll
0x00007ffde4750000 - 0x00007ffde4771000 	C:\Windows\System32\win32u.dll
0x00007ffde6eb0000 - 0x00007ffde6ed6000 	C:\Windows\System32\GDI32.dll
0x00007ffde62c0000 - 0x00007ffde65f6000 	C:\Windows\System32\combase.dll
0x00007ffde5580000 - 0x00007ffde5714000 	C:\Windows\System32\gdi32full.dll
0x00007ffde5250000 - 0x00007ffde52d0000 	C:\Windows\System32\bcryptPrimitives.dll
0x00007ffde50b0000 - 0x00007ffde514e000 	C:\Windows\System32\msvcp_win.dll
0x00007ffddbbf0000 - 0x00007ffddbbfa000 	C:\Windows\SYSTEM32\VERSION.dll
0x00007ffde6740000 - 0x00007ffde676e000 	C:\Windows\System32\IMM32.DLL
0x00007ffdc7eb0000 - 0x00007ffdc7f4b000 	C:\Program Files\Java\jdk-14.0.1\bin\msvcp140.dll
0x00007ffd8e9d0000 - 0x00007ffd8f4ee000 	C:\Program Files\Java\jdk-14.0.1\bin\server\jvm.dll
0x00007ffde7650000 - 0x00007ffde7658000 	C:\Windows\System32\PSAPI.DLL
0x00007ffde1a70000 - 0x00007ffde1a94000 	C:\Windows\SYSTEM32\WINMM.dll
0x00007ffdbf5b0000 - 0x00007ffdbf5b9000 	C:\Windows\SYSTEM32\WSOCK32.dll
0x00007ffde6cb0000 - 0x00007ffde6d1f000 	C:\Windows\System32\WS2_32.dll
0x00007ffde1860000 - 0x00007ffde188d000 	C:\Windows\SYSTEM32\winmmbase.dll
0x00007ffde4780000 - 0x00007ffde47ca000 	C:\Windows\System32\cfgmgr32.dll
0x00007ffde4710000 - 0x00007ffde4721000 	C:\Windows\System32\kernel.appcore.dll
0x00007ffdd3bb0000 - 0x00007ffdd3bba000 	C:\Program Files\Java\jdk-14.0.1\bin\jimage.dll
0x00007ffde2fc0000 - 0x00007ffde31b4000 	C:\Windows\SYSTEM32\DBGHELP.DLL
0x00007ffdd15f0000 - 0x00007ffdd161a000 	C:\Windows\SYSTEM32\dbgcore.DLL
0x00007ffdc8860000 - 0x00007ffdc8885000 	C:\Program Files\Java\jdk-14.0.1\bin\java.dll
0x00007ffdca0d0000 - 0x00007ffdca0e6000 	C:\Program Files\Java\jdk-14.0.1\bin\zip.dll
0x00007ffde58f0000 - 0x00007ffde5fd5000 	C:\Windows\System32\SHELL32.dll
0x00007ffde61b0000 - 0x00007ffde6259000 	C:\Windows\System32\shcore.dll
0x00007ffde4830000 - 0x00007ffde4fb0000 	C:\Windows\System32\windows.storage.dll
0x00007ffde46e0000 - 0x00007ffde4703000 	C:\Windows\System32\profapi.dll
0x00007ffde4690000 - 0x00007ffde46da000 	C:\Windows\System32\powrprof.dll
0x00007ffde4680000 - 0x00007ffde4690000 	C:\Windows\System32\UMPDC.dll
0x00007ffde6aa0000 - 0x00007ffde6af2000 	C:\Windows\System32\shlwapi.dll
0x00007ffde5090000 - 0x00007ffde50a7000 	C:\Windows\System32\cryptsp.dll
0x00007ffdc8840000 - 0x00007ffdc8859000 	C:\Program Files\Java\jdk-14.0.1\bin\net.dll
0x00007ffdd6260000 - 0x00007ffdd6350000 	C:\Windows\SYSTEM32\WINHTTP.dll
0x00007ffde3ef0000 - 0x00007ffde3f57000 	C:\Windows\system32\mswsock.dll
0x00007ffdc8820000 - 0x00007ffdc8832000 	C:\Program Files\Java\jdk-14.0.1\bin\nio.dll
0x00007ffd97c10000 - 0x00007ffd97da8000 	C:\Program Files\Java\jdk-14.0.1\bin\awt.dll
0x00007ffde60d0000 - 0x00007ffde6194000 	C:\Windows\System32\OLEAUT32.dll
0x00007ffde22a0000 - 0x00007ffde232f000 	C:\Windows\SYSTEM32\apphelp.dll
0x00007ffde2670000 - 0x00007ffde2709000 	C:\Windows\system32\uxtheme.dll
0x00007ffde6600000 - 0x00007ffde6736000 	C:\Windows\System32\MSCTF.dll
0x00007ffde7350000 - 0x00007ffde74a7000 	C:\Windows\System32\ole32.dll
0x00007ffde2a90000 - 0x00007ffde2abd000 	C:\Windows\system32\DWMAPI.DLL
0x00007ffdc2b80000 - 0x00007ffdc2cd6000 	C:\Windows\system32\opengl32.dll
0x00007ffdc2b50000 - 0x00007ffdc2b7c000 	C:\Windows\SYSTEM32\GLU32.dll
0x00007ffde32f0000 - 0x00007ffde3310000 	C:\Windows\SYSTEM32\dxcore.dll
0x00007ffde3c40000 - 0x00007ffde3d0a000 	C:\Windows\SYSTEM32\DNSAPI.dll
0x00007ffde6ea0000 - 0x00007ffde6ea8000 	C:\Windows\System32\NSI.dll
0x00007ffde3c00000 - 0x00007ffde3c3a000 	C:\Windows\SYSTEM32\IPHLPAPI.DLL
0x00007ffdd5e40000 - 0x00007ffdd5e4a000 	C:\Windows\System32\rasadhlp.dll
0x00007ffdd61e0000 - 0x00007ffdd6257000 	C:\Windows\System32\fwpuclnt.dll
0x00007ffde5060000 - 0x00007ffde5086000 	C:\Windows\System32\bcrypt.dll
0x00007ffdc8810000 - 0x00007ffdc8820000 	C:\Program Files\Java\jdk-14.0.1\bin\verify.dll
0x0000000071100000 - 0x0000000071125000 	C:\Users\dhove\.jssc\windows\jSSC-2.8_x86_64.dll
0x00007ffde3a60000 - 0x00007ffde3a93000 	C:\Windows\system32\rsaenh.dll
0x00007ffde45a0000 - 0x00007ffde45c5000 	C:\Windows\SYSTEM32\USERENV.dll
0x00007ffde40c0000 - 0x00007ffde40cc000 	C:\Windows\SYSTEM32\CRYPTBASE.dll
0x00007ffdda300000 - 0x00007ffdda316000 	C:\Windows\SYSTEM32\dhcpcsvc6.DLL
0x00007ffdd6170000 - 0x00007ffdd618c000 	C:\Windows\SYSTEM32\dhcpcsvc.DLL
0x00007ffdc8780000 - 0x00007ffdc87c2000 	C:\Users\dhove\AppData\Local\Temp\jna-95560794\jna5055416001760400517.dll
0x0000000180000000 - 0x00000001806c4000 	C:\Windows\SYSTEM32\LabJackM.dll
0x00007ffdd4eb0000 - 0x00007ffdd4f39000 	C:\Windows\SYSTEM32\WINSPOOL.DRV
0x00007ffdd51d0000 - 0x00007ffdd51d7000 	C:\Windows\SYSTEM32\MSIMG32.dll
0x00007ffdd4e40000 - 0x00007ffdd4ea5000 	C:\Windows\SYSTEM32\OLEACC.dll
0x00007ffdd51e0000 - 0x00007ffdd5383000 	C:\Windows\WinSxS\amd64_microsoft.windows.gdiplus_6595b64144ccf1df_1.1.18362.778_none_17b1aa466d9fc986\gdiplus.dll
0x00007ffde20f0000 - 0x00007ffde21df000 	C:\Windows\SYSTEM32\PROPSYS.dll
0x0000028dfedc0000 - 0x0000028dfedd4000 	C:\Windows\SYSTEM32\LabJackWUSB.dll
0x00007ffde6ee0000 - 0x00007ffde7350000 	C:\Windows\System32\SETUPAPI.dll
0x00007ffdc86d0000 - 0x00007ffdc86dc000 	C:\Windows\SYSTEM32\WINUSB.DLL
0x00007ffdc1cf0000 - 0x00007ffdc1d72000 	C:\Program Files\Java\jdk-14.0.1\bin\freetype.dll
0x00007ffdae420000 - 0x00007ffdae4c6000 	C:\Program Files\Java\jdk-14.0.1\bin\fontmanager.dll
0x00007ffdc0920000 - 0x00007ffdc09be000 	C:\Windows\System32\TextInputFramework.dll
0x00007ffddf0b0000 - 0x00007ffddf3da000 	C:\Windows\System32\CoreUIComponents.dll
0x00007ffde1e10000 - 0x00007ffde1ee4000 	C:\Windows\System32\CoreMessaging.dll
0x00007ffde36e0000 - 0x00007ffde3711000 	C:\Windows\SYSTEM32\ntmarta.dll
0x00007ffddf770000 - 0x00007ffddf8c3000 	C:\Windows\SYSTEM32\wintypes.dll
0x00007ffdc7e80000 - 0x00007ffdc7ead000 	C:\Program Files\Java\jdk-14.0.1\bin\javajpeg.dll
0x00007ffdd3520000 - 0x00007ffdd37c6000 	C:\Windows\System32\iertutil.dll
0x00007ffde4480000 - 0x00007ffde44aa000 	C:\Windows\System32\DEVOBJ.dll
0x00007ffde47d0000 - 0x00007ffde482c000 	C:\Windows\System32\WINTRUST.dll
0x00007ffde4730000 - 0x00007ffde4742000 	C:\Windows\System32\MSASN1.dll
0x00007ffde5720000 - 0x00007ffde5869000 	C:\Windows\System32\CRYPT32.dll

dbghelp: loaded successfully - version: 4.0.5 - missing functions: none
symbol engine: initialized successfully - sym options: 0x614 - pdb path: .;C:\Program Files\Java\jdk-14.0.1\bin;C:\Windows\SYSTEM32;C:\Windows\WinSxS\amd64_microsoft.windows.common-controls_6595b64144ccf1df_6.0.18362.778_none_e6c6b761130d4fb8;C:\Program Files\Java\jdk-14.0.1\bin\server;C:\Users\dhove\.jssc\windows;C:\Users\dhove\AppData\Local\Temp\jna-95560794;C:\Windows\WinSxS\amd64_microsoft.windows.gdiplus_6595b64144ccf1df_1.1.18362.778_none_17b1aa466d9fc986

VM Arguments:
jvm_args: -Dfile.encoding=Cp1252 
java_command: aqms.Main
java_class_path (initial): C:\Users\dhove\Documents\TRUSUR\eclipse\AQMS\bin;C:\Users\dhove\Downloads\jfreechart-1.0.19\jfreechart-1.0.19\lib\jcommon-1.0.23.jar;C:\Users\dhove\Downloads\jfreechart-1.0.19\jfreechart-1.0.19\lib\jfreechart-1.0.19.jar;C:\Users\dhove\Documents\TRUSUR\HSQLDB\lib\hsqldb.jar;C:\Users\dhove\Documents\TRUSUR\HSQLDB\lib\sqltool.jar;C:\Users\dhove\Downloads\Java_LJM_2017_12_04\Java_LJM_2017_12_04\jar\jna.jar;C:\Users\dhove\Downloads\Java_LJM_2017_12_04\Java_LJM_2017_12_04\jar\ljm.jar;C:\Users\dhove\Downloads\jssc-2.8.0.jar
Launcher Type: SUN_STANDARD

[Global flags]
     intx CICompilerCount                          = 4                                         {product} {ergonomic}
     uint ConcGCThreads                            = 2                                         {product} {ergonomic}
     uint G1ConcRefinementThreads                  = 8                                         {product} {ergonomic}
   size_t G1HeapRegionSize                         = 1048576                                   {product} {ergonomic}
    uintx GCDrainStackTargetSize                   = 64                                        {product} {ergonomic}
   size_t InitialHeapSize                          = 134217728                                 {product} {ergonomic}
   size_t MarkStackSize                            = 4194304                                   {product} {ergonomic}
   size_t MaxHeapSize                              = 2118123520                                {product} {ergonomic}
   size_t MaxNewSize                               = 1270874112                                {product} {ergonomic}
   size_t MinHeapDeltaBytes                        = 1048576                                   {product} {ergonomic}
   size_t MinHeapSize                              = 8388608                                   {product} {ergonomic}
    uintx NonNMethodCodeHeapSize                   = 5839372                                {pd product} {ergonomic}
    uintx NonProfiledCodeHeapSize                  = 122909434                              {pd product} {ergonomic}
    uintx ProfiledCodeHeapSize                     = 122909434                              {pd product} {ergonomic}
    uintx ReservedCodeCacheSize                    = 251658240                              {pd product} {ergonomic}
     bool SegmentedCodeCache                       = true                                      {product} {ergonomic}
   size_t SoftMaxHeapSize                          = 2118123520                             {manageable} {ergonomic}
     bool UseCompressedClassPointers               = true                                 {lp64_product} {ergonomic}
     bool UseCompressedOops                        = true                                 {lp64_product} {ergonomic}
     bool UseG1GC                                  = true                                      {product} {ergonomic}
     bool UseLargePagesIndividualAllocation        = false                                  {pd product} {ergonomic}

Logging:
Log output configuration:
 #0: stdout all=warning uptime,level,tags
 #1: stderr all=off uptime,level,tags

Environment Variables:
PATH=C:/Program Files/Java/jre1.8.0_251/bin/server;C:/Program Files/Java/jre1.8.0_251/bin;C:/Program Files/Java/jre1.8.0_251/lib/amd64;C:\Program Files (x86)\Common Files\Oracle\Java\javapath;C:\Program Files\Java\jdk-14.0.1\bin;C:\Windows\system32;C:\Windows;C:\Windows\System32\Wbem;C:\Windows\System32\WindowsPowerShell\v1.0\;C:\Windows\System32\OpenSSH\;C:\Program Files (x86)\NVIDIA Corporation\PhysX\Common;C:\Program Files\NVIDIA Corporation\NVIDIA NvDLISR;C:\Program Files\Git\cmd;C:\Program Files\PuTTY\;C:\xampp\php;C:\ProgramData\ComposerSetup\bin;C:\Program Files\dotnet\;C:\Program Files\Microsoft SQL Server\130\Tools\Binn\;C:\Program Files\Microsoft SQL Server\Client SDK\ODBC\170\Tools\Binn\;C:\Users\dhove\AppData\Local\Programs\Python\Python38-32\Scripts\;C:\Users\dhove\AppData\Local\Programs\Python\Python38-32\;C:\Users\dhove\AppData\Local\Microsoft\WindowsApps;C:\Users\dhove\AppData\Roaming\Composer\vendor\bin;C:\Users\dhove\eclipse\jee-2020-03\eclipse;
USERNAME=dhove
OS=Windows_NT
PROCESSOR_IDENTIFIER=Intel64 Family 6 Model 158 Stepping 10, GenuineIntel



---------------  S Y S T E M  ---------------

OS: Windows 10 , 64 bit Build 18362 (10.0.18362.778)
OS uptime: 0 days 13:04 hours

CPU:total 8 (initial active 8) (4 cores per cpu, 2 threads per core) family 6 model 158 stepping 10, cmov, cx8, fxsr, mmx, sse, sse2, sse3, ssse3, sse4.1, sse4.2, popcnt, avx, avx2, aes, clmul, erms, 3dnowpref, lzcnt, ht, tsc, tscinvbit, bmi1, bmi2, adx, fma

Memory: 4k page, system-wide physical 8072M (2418M free)
TotalPageFile size 15752M (AvailPageFile size 7415M)
current process WorkingSet (physical memory assigned to process): 142M, peak: 146M
current process commit charge ("private bytes"): 256M, peak: 263M

vm_info: Java HotSpot(TM) 64-Bit Server VM (14.0.1+7) for windows-amd64 JRE (14.0.1+7), built on Mar  5 2020 10:30:14 by "mach5one" with MS VC++ 15.9 (VS2017)

END.
