#
# A fatal error has been detected by the Java Runtime Environment:
#
#  EXCEPTION_ACCESS_VIOLATION (0xc0000005) at pc=0x000000007110b5db, pid=15716, tid=6984
#
# JRE version: Java(TM) SE Runtime Environment (14.0.1+7) (build 14.0.1+7)
# Java VM: Java HotSpot(TM) 64-Bit Server VM (14.0.1+7, mixed mode, sharing, tiered, compressed oops, g1 gc, windows-amd64)
# Problematic frame:
# C  [jSSC-2.8_x86_64.dll+0xb5db]
#
# No core dump will be written. Minidumps are not enabled by default on client versions of Windows
#
# If you would like to submit a bug report, please visit:
#   https://bugreport.java.com/bugreport/crash.jsp
# The crash happened outside the Java Virtual Machine in native code.
# See problematic frame for where to report the bug.
#

---------------  S U M M A R Y ------------

Command Line: -Dfile.encoding=Cp1252 aqms.Main

Host: Intel(R) Core(TM) i5-9300H CPU @ 2.40GHz, 8 cores, 7G,  Windows 10 , 64 bit Build 18362 (10.0.18362.778)
Time: Fri Apr 17 23:23:31 2020 SE Asia Standard Time elapsed time: 2 seconds (0d 0h 0m 2s)

---------------  T H R E A D  ---------------

Current thread (0x0000023be6bde800):  JavaThread "Timer-0" [_thread_in_native, id=6984, stack(0x0000003c7fa00000,0x0000003c7fb00000)]

Stack: [0x0000003c7fa00000,0x0000003c7fb00000],  sp=0x0000003c7faff0b0,  free space=1020k
Native frames: (J=compiled Java code, j=interpreted, Vv=VM code, C=native code)
C  [jSSC-2.8_x86_64.dll+0xb5db]

Java frames: (J=compiled Java code, j=interpreted, Vv=VM code)
j  jssc.SerialNativeInterface.openPort(Ljava/lang/String;Z)J+0
j  jssc.SerialPort.openPort()Z+65
j  aqms.Main.readSerial(Ljava/lang/String;I)Ljava/lang/String;+10
j  aqms.Main$2.run()V+665
j  java.util.TimerThread.mainLoop()V+221 java.base@14.0.1
j  java.util.TimerThread.run()V+1 java.base@14.0.1
v  ~StubRoutines::call_stub

siginfo: EXCEPTION_ACCESS_VIOLATION (0xc0000005), reading address 0xffffffffc501ef3b


Register to memory mapping:

RIP=0x000000007110b5db jSSC-2.8_x86_64.dll
RAX=0xffffffffc501ef3b is an unknown value
RBX=0x0000003c7faff120 is pointing into the stack for thread: 0x0000023be6bde800
RCX=0x00007ffde785c254 ntdll.dll
RDX=0x0 is NULL
RSP=0x0000003c7faff0b0 is pointing into the stack for thread: 0x0000023be6bde800
RBP=0x0000003c7faff230 is pointing into the stack for thread: 0x0000023be6bde800
RSI=0x0000023be6bdeb10 points into unknown readable memory: a0 1a 5c 8d fd 7f 00 00
RDI=0x00000000000006b4 is an unknown value
R8 =0x0000003c7fafefa8 is pointing into the stack for thread: 0x0000023be6bde800
R9 =0x0000003c7faff0a0 is pointing into the stack for thread: 0x0000023be6bde800
R10=0x0 is NULL
R11=0x0000000000000246 is an unknown value
R12=0x0000003c7faff2f0 is pointing into the stack for thread: 0x0000023be6bde800
R13=0x0000023be89fad70 points into unknown readable memory: 43 4f 4d 38 00 00 00 00
R14=0x0000003c7faff1e0 is pointing into the stack for thread: 0x0000023be6bde800
R15=0x0000023be6bde800 is a thread


Registers:
RAX=0xffffffffc501ef3b, RBX=0x0000003c7faff120, RCX=0x00007ffde785c254, RDX=0x0000000000000000
RSP=0x0000003c7faff0b0, RBP=0x0000003c7faff230, RSI=0x0000023be6bdeb10, RDI=0x00000000000006b4
R8 =0x0000003c7fafefa8, R9 =0x0000003c7faff0a0, R10=0x0000000000000000, R11=0x0000000000000246
R12=0x0000003c7faff2f0, R13=0x0000023be89fad70, R14=0x0000003c7faff1e0, R15=0x0000023be6bde800
RIP=0x000000007110b5db, EFLAGS=0x0000000000010202

Top of Stack: (sp=0x0000003c7faff0b0)
0x0000003c7faff0b0:   0000023be76d3640 00000000e77ffb91
0x0000003c7faff0c0:   000000007110b230 0000023be89fad20
0x0000003c7faff0d0:   0000003c7faff230 0000000000000004
0x0000003c7faff0e0:   0000023be6bdeb10 00000000000006b4
0x0000003c7faff0f0:   0000003c7faff230 0000000071112590
0x0000003c7faff100:   0000023be6bde800 0000003c7faff1e0
0x0000003c7faff110:   0000023be89fad70 0000003c7faff2f0
0x0000003c7faff120:   0000023be89fad70 00007ffde77ffb91
0x0000003c7faff130:   0000003c7faff160 0000023bc4d30000
0x0000003c7faff140:   0000003c7faff230 0000000000000000
0x0000003c7faff150:   0000000071113500 0000000071113be8
0x0000003c7faff160:   0000003c7faff190 0000000071112641
0x0000003c7faff170:   0000003c7faff100 0000023be6bdeb10
0x0000003c7faff180:   0000000000000000 0000000000000000
0x0000003c7faff190:   0000003c7faff230 0000000071101595
0x0000003c7faff1a0:   000000000000001c 0000023b00000000 

Instructions: (pc=0x000000007110b5db)
0x000000007110b4db:   48 85 c0 74 bf 44 8b 03 45 85 c0 0f 84 77 ff ff
0x000000007110b4eb:   ff eb 9f 66 90 e8 8b fe ff ff 48 89 05 0c 34 01
0x000000007110b4fb:   00 eb ad 66 90 e8 7b fe ff ff 48 89 05 fc 33 01
0x000000007110b50b:   00 eb 8b e8 8d fe ff ff c7 03 01 00 00 00 e9 6f
0x000000007110b51b:   ff ff ff 66 90 55 48 89 e5 56 53 48 83 ec 20 48
0x000000007110b52b:   8b 05 d7 33 01 00 48 8b 31 48 89 cb 48 85 c0 74
0x000000007110b53b:   56 44 8b 18 45 85 db 78 42 48 8b 05 bd 33 01 00
0x000000007110b54b:   48 85 c0 74 50 44 8b 10 45 85 d2 74 1d 48 89 f1
0x000000007110b55b:   e8 d0 fd ff ff 48 8b 13 48 8d 42 40 48 8b 48 08
0x000000007110b56b:   48 8b 6a 40 48 8b 60 10 ff e1 48 8b 05 9c 33 01
0x000000007110b57b:   00 48 85 c0 74 2d 48 89 30 eb da e8 b5 fe ff ff
0x000000007110b58b:   0f 1f 44 00 00 eb b2 e8 e9 fd ff ff 48 89 05 6a
0x000000007110b59b:   33 01 00 eb 9c e8 db fd ff ff 48 89 05 5c 33 01
0x000000007110b5ab:   00 eb a2 e8 3d fd ff ff 48 89 05 5e 33 01 00 eb
0x000000007110b5bb:   c5 0f 1f 40 00 55 57 56 53 48 83 ec 28 48 8b 05
0x000000007110b5cb:   39 33 01 00 48 89 cb 48 85 c0 0f 84 c5 00 00 00
0x000000007110b5db:   8b 38 85 ff 0f 88 ab 00 00 00 48 8b 05 1c 33 01
0x000000007110b5eb:   00 48 85 c0 0f 84 bc 00 00 00 8b 30 85 f6 74 57
0x000000007110b5fb:   48 8b 05 0e 33 01 00 48 85 c0 0f 84 e5 00 00 00
0x000000007110b60b:   8b 28 48 8b 35 10 5e 01 00 ff d6 89 c7 89 e9 ff
0x000000007110b61b:   15 f4 5e 01 00 89 f9 48 89 c5 ff 15 b9 5e 01 00
0x000000007110b62b:   48 8b 05 de 32 01 00 48 89 2b 48 85 c0 74 46 48
0x000000007110b63b:   89 da 8b 08 ff 15 d7 5e 01 00 85 c0 74 27 48 83
0x000000007110b64b:   c4 28 5b 5e 5f 5d c3 48 8b 05 bf 32 01 00 48 85
0x000000007110b65b:   c0 74 64 48 8b 10 48 89 13 48 89 18 48 83 c4 28
0x000000007110b66b:   5b 5e 5f 5d c3 48 89 f2 48 83 c4 28 5b 5e 5f 5d
0x000000007110b67b:   48 ff e2 66 90 e8 8b fc ff ff 48 89 05 84 32 01
0x000000007110b68b:   00 eb ac 66 90 e8 ab fd ff ff e9 4b ff ff ff 66
0x000000007110b69b:   0f 1f 44 00 00 e8 db fc ff ff 48 89 05 5c 32 01
0x000000007110b6ab:   00 e9 2a ff ff ff e8 ca fc ff ff 48 89 05 4b 32
0x000000007110b6bb:   01 00 e9 33 ff ff ff e8 29 fc ff ff 48 89 05 4a
0x000000007110b6cb:   32 01 00 48 8b 10 48 85 c0 48 89 13 75 8b e8 12 


Stack slot to memory mapping:
stack at sp + 0 slots: 0x0000023be76d3640 points into unknown readable memory: c0 4e c7 c4 3b 02 00 00
stack at sp + 1 slots: 
[error occurred during error reporting (inspecting top of stack), id 0xc0000005, EXCEPTION_ACCESS_VIOLATION (0xc0000005) at pc=0x00007ffd8cea1c94]


---------------  P R O C E S S  ---------------

Threads class SMR info:
_java_thread_list=0x0000023be6b95e10, length=20, elements={
0x0000023be5e96000, 0x0000023be5e99000, 0x0000023be5eb0000, 0x0000023be5eb3000,
0x0000023be5eb4000, 0x0000023be5ebb000, 0x0000023be5ecf000, 0x0000023be6808800,
0x0000023be691b800, 0x0000023be6936800, 0x0000023be6bbd000, 0x0000023be6bbe000,
0x0000023be6bcb000, 0x0000023be6bdd800, 0x0000023bc6e5c800, 0x0000023be6bde800,
0x0000023be8580800, 0x0000023be876f000, 0x0000023be86b3000, 0x0000023be867a000
}

Java Threads: ( => current thread )
  0x0000023be5e96000 JavaThread "Reference Handler" daemon [_thread_blocked, id=11028, stack(0x0000003c7eb00000,0x0000003c7ec00000)]
  0x0000023be5e99000 JavaThread "Finalizer" daemon [_thread_blocked, id=14548, stack(0x0000003c7ec00000,0x0000003c7ed00000)]
  0x0000023be5eb0000 JavaThread "Signal Dispatcher" daemon [_thread_blocked, id=2256, stack(0x0000003c7ed00000,0x0000003c7ee00000)]
  0x0000023be5eb3000 JavaThread "Attach Listener" daemon [_thread_blocked, id=6016, stack(0x0000003c7ee00000,0x0000003c7ef00000)]
  0x0000023be5eb4000 JavaThread "Service Thread" daemon [_thread_blocked, id=13172, stack(0x0000003c7ef00000,0x0000003c7f000000)]
  0x0000023be5ebb000 JavaThread "C2 CompilerThread0" daemon [_thread_blocked, id=14676, stack(0x0000003c7f000000,0x0000003c7f100000)]
  0x0000023be5ecf000 JavaThread "C1 CompilerThread0" daemon [_thread_blocked, id=13164, stack(0x0000003c7f100000,0x0000003c7f200000)]
  0x0000023be6808800 JavaThread "Sweeper thread" daemon [_thread_blocked, id=14408, stack(0x0000003c7f200000,0x0000003c7f300000)]
  0x0000023be691b800 JavaThread "Notification Thread" daemon [_thread_blocked, id=10468, stack(0x0000003c7f300000,0x0000003c7f400000)]
  0x0000023be6936800 JavaThread "Common-Cleaner" daemon [_thread_blocked, id=5760, stack(0x0000003c7f500000,0x0000003c7f600000)]
  0x0000023be6bbd000 JavaThread "Java2D Disposer" daemon [_thread_blocked, id=2420, stack(0x0000003c7f600000,0x0000003c7f700000)]
  0x0000023be6bbe000 JavaThread "AWT-Shutdown" [_thread_blocked, id=7752, stack(0x0000003c7f700000,0x0000003c7f800000)]
  0x0000023be6bcb000 JavaThread "AWT-Windows" daemon [_thread_in_native, id=14484, stack(0x0000003c7f800000,0x0000003c7f900000)]
  0x0000023be6bdd800 JavaThread "AWT-EventQueue-0" [_thread_blocked, id=10840, stack(0x0000003c7f900000,0x0000003c7fa00000)]
  0x0000023bc6e5c800 JavaThread "DestroyJavaVM" [_thread_blocked, id=14656, stack(0x0000003c7e400000,0x0000003c7e500000)]
=>0x0000023be6bde800 JavaThread "Timer-0" [_thread_in_native, id=6984, stack(0x0000003c7fa00000,0x0000003c7fb00000)]
  0x0000023be8580800 JavaThread "Image Fetcher 0" daemon [_thread_blocked, id=7564, stack(0x0000003c00100000,0x0000003c00200000)]
  0x0000023be876f000 JavaThread "Image Fetcher 1" daemon [_thread_blocked, id=14324, stack(0x0000003c00200000,0x0000003c00300000)]
  0x0000023be86b3000 JavaThread "Image Fetcher 2" daemon [_thread_blocked, id=14288, stack(0x0000003c00300000,0x0000003c00400000)]
  0x0000023be867a000 JavaThread "Image Fetcher 3" daemon [_thread_blocked, id=14700, stack(0x0000003c00400000,0x0000003c00500000)]

Other Threads:
  0x0000023be5e94000 VMThread "VM Thread" [stack: 0x0000003c7ea00000,0x0000003c7eb00000] [id=7520]
  0x0000023be6922800 WatcherThread [stack: 0x0000003c7f400000,0x0000003c7f500000] [id=8236]
  0x0000023bc6e9f000 GCTaskThread "GC Thread#0" [stack: 0x0000003c7e500000,0x0000003c7e600000] [id=4772]
  0x0000023be84d2000 GCTaskThread "GC Thread#1" [stack: 0x0000003c00500000,0x0000003c00600000] [id=9596]
  0x0000023be876c000 GCTaskThread "GC Thread#2" [stack: 0x0000003c00600000,0x0000003c00700000] [id=10640]
  0x0000023be851f800 GCTaskThread "GC Thread#3" [stack: 0x0000003c00700000,0x0000003c00800000] [id=15232]
  0x0000023be751d800 GCTaskThread "GC Thread#4" [stack: 0x0000003c00800000,0x0000003c00900000] [id=8032]
  0x0000023be855b800 GCTaskThread "GC Thread#5" [stack: 0x0000003c00900000,0x0000003c00a00000] [id=16220]
  0x0000023be8816000 GCTaskThread "GC Thread#6" [stack: 0x0000003c00a00000,0x0000003c00b00000] [id=11960]
  0x0000023be8522000 GCTaskThread "GC Thread#7" [stack: 0x0000003c00b00000,0x0000003c00c00000] [id=14568]
  0x0000023bc6eb2000 ConcurrentGCThread "G1 Main Marker" [stack: 0x0000003c7e600000,0x0000003c7e700000] [id=9016]
  0x0000023bc6eb3000 ConcurrentGCThread "G1 Conc#0" [stack: 0x0000003c7e700000,0x0000003c7e800000] [id=13820]
  0x0000023be5d07800 ConcurrentGCThread "G1 Refine#0" [stack: 0x0000003c7e800000,0x0000003c7e900000] [id=14360]
  0x0000023bc6f2e000 ConcurrentGCThread "G1 Young RemSet Sampling" [stack: 0x0000003c7e900000,0x0000003c7ea00000] [id=2236]

Threads with active compile tasks:

VM state:not at safepoint (normal execution)

VM Mutex/Monitor currently owned by a thread: None

Heap address: 0x0000000081c00000, size: 2020 MB, Compressed Oops mode: 32-bit
Narrow klass base: 0x0000000800000000, Narrow klass shift: 3
Compressed class space size: 1073741824 Address: 0x0000000800b30000

Heap:
 garbage-first heap   total 131072K, used 50795K [0x0000000081c00000, 0x0000000100000000)
  region size 1024K, 23 young (23552K), 3 survivors (3072K)
 Metaspace       used 14477K, capacity 14890K, committed 15104K, reserved 1062912K
  class space    used 1594K, capacity 1763K, committed 1792K, reserved 1048576K
Heap Regions: E=young(eden), S=young(survivor), O=old, HS=humongous(starts), HC=humongous(continues), CS=collection set, F=free, OA=open archive, CA=closed archive, TAMS=top-at-mark-start (previous, next)
|   0|0x0000000081c00000, 0x0000000081d00000, 0x0000000081d00000|100%|HS|  |TAMS 0x0000000081c00000, 0x0000000081c00000| Complete 
|   1|0x0000000081d00000, 0x0000000081e00000, 0x0000000081e00000|100%|HC|  |TAMS 0x0000000081d00000, 0x0000000081d00000| Complete 
|   2|0x0000000081e00000, 0x0000000081f00000, 0x0000000081f00000|100%|HC|  |TAMS 0x0000000081e00000, 0x0000000081e00000| Complete 
|   3|0x0000000081f00000, 0x0000000082000000, 0x0000000082000000|100%|HC|  |TAMS 0x0000000081f00000, 0x0000000081f00000| Complete 
|   4|0x0000000082000000, 0x0000000082100000, 0x0000000082100000|100%|HC|  |TAMS 0x0000000082000000, 0x0000000082000000| Complete 
|   5|0x0000000082100000, 0x0000000082200000, 0x0000000082200000|100%|HC|  |TAMS 0x0000000082100000, 0x0000000082100000| Complete 
|   6|0x0000000082200000, 0x0000000082300000, 0x0000000082300000|100%|HC|  |TAMS 0x0000000082200000, 0x0000000082200000| Complete 
|   7|0x0000000082300000, 0x0000000082400000, 0x0000000082400000|100%|HC|  |TAMS 0x0000000082300000, 0x0000000082300000| Complete 
|   8|0x0000000082400000, 0x0000000082500000, 0x0000000082500000|100%|HS|  |TAMS 0x0000000082400000, 0x0000000082400000| Complete 
|   9|0x0000000082500000, 0x0000000082600000, 0x0000000082600000|100%|HC|  |TAMS 0x0000000082500000, 0x0000000082500000| Complete 
|  10|0x0000000082600000, 0x0000000082700000, 0x0000000082700000|100%|HC|  |TAMS 0x0000000082600000, 0x0000000082600000| Complete 
|  11|0x0000000082700000, 0x0000000082800000, 0x0000000082800000|100%|HC|  |TAMS 0x0000000082700000, 0x0000000082700000| Complete 
|  12|0x0000000082800000, 0x0000000082900000, 0x0000000082900000|100%|HC|  |TAMS 0x0000000082800000, 0x0000000082800000| Complete 
|  13|0x0000000082900000, 0x0000000082a00000, 0x0000000082a00000|100%|HC|  |TAMS 0x0000000082900000, 0x0000000082900000| Complete 
|  14|0x0000000082a00000, 0x0000000082b00000, 0x0000000082b00000|100%|HC|  |TAMS 0x0000000082a00000, 0x0000000082a00000| Complete 
|  15|0x0000000082b00000, 0x0000000082c00000, 0x0000000082c00000|100%|HC|  |TAMS 0x0000000082b00000, 0x0000000082b00000| Complete 
|  16|0x0000000082c00000, 0x0000000082d00000, 0x0000000082d00000|100%|HS|  |TAMS 0x0000000082c00000, 0x0000000082c00000| Complete 
|  17|0x0000000082d00000, 0x0000000082e00000, 0x0000000082e00000|100%|HC|  |TAMS 0x0000000082d00000, 0x0000000082d00000| Complete 
|  18|0x0000000082e00000, 0x0000000082f00000, 0x0000000082f00000|100%|HC|  |TAMS 0x0000000082e00000, 0x0000000082e00000| Complete 
|  19|0x0000000082f00000, 0x0000000083000000, 0x0000000083000000|100%|HC|  |TAMS 0x0000000082f00000, 0x0000000082f00000| Complete 
|  20|0x0000000083000000, 0x0000000083100000, 0x0000000083100000|100%|HC|  |TAMS 0x0000000083000000, 0x0000000083000000| Complete 
|  21|0x0000000083100000, 0x0000000083200000, 0x0000000083200000|100%|HC|  |TAMS 0x0000000083100000, 0x0000000083100000| Complete 
|  22|0x0000000083200000, 0x0000000083300000, 0x0000000083300000|100%|HC|  |TAMS 0x0000000083200000, 0x0000000083200000| Complete 
|  23|0x0000000083300000, 0x0000000083400000, 0x0000000083400000|100%|HC|  |TAMS 0x0000000083300000, 0x0000000083300000| Complete 
|  24|0x0000000083400000, 0x0000000083500000, 0x0000000083500000|100%| O|  |TAMS 0x0000000083400000, 0x0000000083400000| Untracked 
|  25|0x0000000083500000, 0x000000008359ae00, 0x0000000083600000| 60%| O|  |TAMS 0x0000000083500000, 0x0000000083500000| Untracked 
|  26|0x0000000083600000, 0x0000000083700000, 0x0000000083700000|100%|HS|  |TAMS 0x0000000083600000, 0x0000000083600000| Complete 
|  27|0x0000000083700000, 0x0000000083800000, 0x0000000083800000|100%|HC|  |TAMS 0x0000000083700000, 0x0000000083700000| Complete 
|  28|0x0000000083800000, 0x0000000083800000, 0x0000000083900000|  0%| F|  |TAMS 0x0000000083800000, 0x0000000083800000| Untracked 
|  29|0x0000000083900000, 0x0000000083900000, 0x0000000083a00000|  0%| F|  |TAMS 0x0000000083900000, 0x0000000083900000| Untracked 
|  30|0x0000000083a00000, 0x0000000083a00000, 0x0000000083b00000|  0%| F|  |TAMS 0x0000000083a00000, 0x0000000083a00000| Untracked 
|  31|0x0000000083b00000, 0x0000000083b00000, 0x0000000083c00000|  0%| F|  |TAMS 0x0000000083b00000, 0x0000000083b00000| Untracked 
|  32|0x0000000083c00000, 0x0000000083c00000, 0x0000000083d00000|  0%| F|  |TAMS 0x0000000083c00000, 0x0000000083c00000| Untracked 
|  33|0x0000000083d00000, 0x0000000083d00000, 0x0000000083e00000|  0%| F|  |TAMS 0x0000000083d00000, 0x0000000083d00000| Untracked 
|  34|0x0000000083e00000, 0x0000000083e00000, 0x0000000083f00000|  0%| F|  |TAMS 0x0000000083e00000, 0x0000000083e00000| Untracked 
|  35|0x0000000083f00000, 0x0000000083f00000, 0x0000000084000000|  0%| F|  |TAMS 0x0000000083f00000, 0x0000000083f00000| Untracked 
|  36|0x0000000084000000, 0x0000000084000000, 0x0000000084100000|  0%| F|  |TAMS 0x0000000084000000, 0x0000000084000000| Untracked 
|  37|0x0000000084100000, 0x0000000084100000, 0x0000000084200000|  0%| F|  |TAMS 0x0000000084100000, 0x0000000084100000| Untracked 
|  38|0x0000000084200000, 0x0000000084200000, 0x0000000084300000|  0%| F|  |TAMS 0x0000000084200000, 0x0000000084200000| Untracked 
|  39|0x0000000084300000, 0x0000000084300000, 0x0000000084400000|  0%| F|  |TAMS 0x0000000084300000, 0x0000000084300000| Untracked 
|  40|0x0000000084400000, 0x0000000084400000, 0x0000000084500000|  0%| F|  |TAMS 0x0000000084400000, 0x0000000084400000| Untracked 
|  41|0x0000000084500000, 0x0000000084500000, 0x0000000084600000|  0%| F|  |TAMS 0x0000000084500000, 0x0000000084500000| Untracked 
|  42|0x0000000084600000, 0x0000000084600000, 0x0000000084700000|  0%| F|  |TAMS 0x0000000084600000, 0x0000000084600000| Untracked 
|  43|0x0000000084700000, 0x0000000084700000, 0x0000000084800000|  0%| F|  |TAMS 0x0000000084700000, 0x0000000084700000| Untracked 
|  44|0x0000000084800000, 0x0000000084800000, 0x0000000084900000|  0%| F|  |TAMS 0x0000000084800000, 0x0000000084800000| Untracked 
|  45|0x0000000084900000, 0x0000000084900000, 0x0000000084a00000|  0%| F|  |TAMS 0x0000000084900000, 0x0000000084900000| Untracked 
|  46|0x0000000084a00000, 0x0000000084a00000, 0x0000000084b00000|  0%| F|  |TAMS 0x0000000084a00000, 0x0000000084a00000| Untracked 
|  47|0x0000000084b00000, 0x0000000084b00000, 0x0000000084c00000|  0%| F|  |TAMS 0x0000000084b00000, 0x0000000084b00000| Untracked 
|  48|0x0000000084c00000, 0x0000000084c00000, 0x0000000084d00000|  0%| F|  |TAMS 0x0000000084c00000, 0x0000000084c00000| Untracked 
|  49|0x0000000084d00000, 0x0000000084d00000, 0x0000000084e00000|  0%| F|  |TAMS 0x0000000084d00000, 0x0000000084d00000| Untracked 
|  50|0x0000000084e00000, 0x0000000084e00000, 0x0000000084f00000|  0%| F|  |TAMS 0x0000000084e00000, 0x0000000084e00000| Untracked 
|  51|0x0000000084f00000, 0x0000000084f00000, 0x0000000085000000|  0%| F|  |TAMS 0x0000000084f00000, 0x0000000084f00000| Untracked 
|  52|0x0000000085000000, 0x0000000085000000, 0x0000000085100000|  0%| F|  |TAMS 0x0000000085000000, 0x0000000085000000| Untracked 
|  53|0x0000000085100000, 0x0000000085100000, 0x0000000085200000|  0%| F|  |TAMS 0x0000000085100000, 0x0000000085100000| Untracked 
|  54|0x0000000085200000, 0x0000000085200000, 0x0000000085300000|  0%| F|  |TAMS 0x0000000085200000, 0x0000000085200000| Untracked 
|  55|0x0000000085300000, 0x0000000085300000, 0x0000000085400000|  0%| F|  |TAMS 0x0000000085300000, 0x0000000085300000| Untracked 
|  56|0x0000000085400000, 0x0000000085400000, 0x0000000085500000|  0%| F|  |TAMS 0x0000000085400000, 0x0000000085400000| Untracked 
|  57|0x0000000085500000, 0x0000000085500000, 0x0000000085600000|  0%| F|  |TAMS 0x0000000085500000, 0x0000000085500000| Untracked 
|  58|0x0000000085600000, 0x0000000085600000, 0x0000000085700000|  0%| F|  |TAMS 0x0000000085600000, 0x0000000085600000| Untracked 
|  59|0x0000000085700000, 0x0000000085700000, 0x0000000085800000|  0%| F|  |TAMS 0x0000000085700000, 0x0000000085700000| Untracked 
|  60|0x0000000085800000, 0x0000000085800000, 0x0000000085900000|  0%| F|  |TAMS 0x0000000085800000, 0x0000000085800000| Untracked 
|  61|0x0000000085900000, 0x0000000085900000, 0x0000000085a00000|  0%| F|  |TAMS 0x0000000085900000, 0x0000000085900000| Untracked 
|  62|0x0000000085a00000, 0x0000000085a00000, 0x0000000085b00000|  0%| F|  |TAMS 0x0000000085a00000, 0x0000000085a00000| Untracked 
|  63|0x0000000085b00000, 0x0000000085b00000, 0x0000000085c00000|  0%| F|  |TAMS 0x0000000085b00000, 0x0000000085b00000| Untracked 
|  64|0x0000000085c00000, 0x0000000085c00000, 0x0000000085d00000|  0%| F|  |TAMS 0x0000000085c00000, 0x0000000085c00000| Untracked 
|  65|0x0000000085d00000, 0x0000000085d00000, 0x0000000085e00000|  0%| F|  |TAMS 0x0000000085d00000, 0x0000000085d00000| Untracked 
|  66|0x0000000085e00000, 0x0000000085e00000, 0x0000000085f00000|  0%| F|  |TAMS 0x0000000085e00000, 0x0000000085e00000| Untracked 
|  67|0x0000000085f00000, 0x0000000085f00000, 0x0000000086000000|  0%| F|  |TAMS 0x0000000085f00000, 0x0000000085f00000| Untracked 
|  68|0x0000000086000000, 0x0000000086000000, 0x0000000086100000|  0%| F|  |TAMS 0x0000000086000000, 0x0000000086000000| Untracked 
|  69|0x0000000086100000, 0x0000000086100000, 0x0000000086200000|  0%| F|  |TAMS 0x0000000086100000, 0x0000000086100000| Untracked 
|  70|0x0000000086200000, 0x0000000086200000, 0x0000000086300000|  0%| F|  |TAMS 0x0000000086200000, 0x0000000086200000| Untracked 
|  71|0x0000000086300000, 0x0000000086300000, 0x0000000086400000|  0%| F|  |TAMS 0x0000000086300000, 0x0000000086300000| Untracked 
|  72|0x0000000086400000, 0x0000000086400000, 0x0000000086500000|  0%| F|  |TAMS 0x0000000086400000, 0x0000000086400000| Untracked 
|  73|0x0000000086500000, 0x0000000086500000, 0x0000000086600000|  0%| F|  |TAMS 0x0000000086500000, 0x0000000086500000| Untracked 
|  74|0x0000000086600000, 0x0000000086600000, 0x0000000086700000|  0%| F|  |TAMS 0x0000000086600000, 0x0000000086600000| Untracked 
|  75|0x0000000086700000, 0x0000000086700000, 0x0000000086800000|  0%| F|  |TAMS 0x0000000086700000, 0x0000000086700000| Untracked 
|  76|0x0000000086800000, 0x0000000086800000, 0x0000000086900000|  0%| F|  |TAMS 0x0000000086800000, 0x0000000086800000| Untracked 
|  77|0x0000000086900000, 0x0000000086900000, 0x0000000086a00000|  0%| F|  |TAMS 0x0000000086900000, 0x0000000086900000| Untracked 
|  78|0x0000000086a00000, 0x0000000086a00000, 0x0000000086b00000|  0%| F|  |TAMS 0x0000000086a00000, 0x0000000086a00000| Untracked 
|  79|0x0000000086b00000, 0x0000000086b00000, 0x0000000086c00000|  0%| F|  |TAMS 0x0000000086b00000, 0x0000000086b00000| Untracked 
|  80|0x0000000086c00000, 0x0000000086c00000, 0x0000000086d00000|  0%| F|  |TAMS 0x0000000086c00000, 0x0000000086c00000| Untracked 
|  81|0x0000000086d00000, 0x0000000086d00000, 0x0000000086e00000|  0%| F|  |TAMS 0x0000000086d00000, 0x0000000086d00000| Untracked 
|  82|0x0000000086e00000, 0x0000000086e00000, 0x0000000086f00000|  0%| F|  |TAMS 0x0000000086e00000, 0x0000000086e00000| Untracked 
|  83|0x0000000086f00000, 0x0000000086f00000, 0x0000000087000000|  0%| F|  |TAMS 0x0000000086f00000, 0x0000000086f00000| Untracked 
|  84|0x0000000087000000, 0x0000000087000000, 0x0000000087100000|  0%| F|  |TAMS 0x0000000087000000, 0x0000000087000000| Untracked 
|  85|0x0000000087100000, 0x0000000087100000, 0x0000000087200000|  0%| F|  |TAMS 0x0000000087100000, 0x0000000087100000| Untracked 
|  86|0x0000000087200000, 0x0000000087200000, 0x0000000087300000|  0%| F|  |TAMS 0x0000000087200000, 0x0000000087200000| Untracked 
|  87|0x0000000087300000, 0x0000000087300000, 0x0000000087400000|  0%| F|  |TAMS 0x0000000087300000, 0x0000000087300000| Untracked 
|  88|0x0000000087400000, 0x0000000087400000, 0x0000000087500000|  0%| F|  |TAMS 0x0000000087400000, 0x0000000087400000| Untracked 
|  89|0x0000000087500000, 0x0000000087500000, 0x0000000087600000|  0%| F|  |TAMS 0x0000000087500000, 0x0000000087500000| Untracked 
|  90|0x0000000087600000, 0x0000000087600000, 0x0000000087700000|  0%| F|  |TAMS 0x0000000087600000, 0x0000000087600000| Untracked 
|  91|0x0000000087700000, 0x0000000087700000, 0x0000000087800000|  0%| F|  |TAMS 0x0000000087700000, 0x0000000087700000| Untracked 
|  92|0x0000000087800000, 0x0000000087800000, 0x0000000087900000|  0%| F|  |TAMS 0x0000000087800000, 0x0000000087800000| Untracked 
|  93|0x0000000087900000, 0x0000000087900000, 0x0000000087a00000|  0%| F|  |TAMS 0x0000000087900000, 0x0000000087900000| Untracked 
|  94|0x0000000087a00000, 0x0000000087a00000, 0x0000000087b00000|  0%| F|  |TAMS 0x0000000087a00000, 0x0000000087a00000| Untracked 
|  95|0x0000000087b00000, 0x0000000087b00000, 0x0000000087c00000|  0%| F|  |TAMS 0x0000000087b00000, 0x0000000087b00000| Untracked 
|  96|0x0000000087c00000, 0x0000000087c00000, 0x0000000087d00000|  0%| F|  |TAMS 0x0000000087c00000, 0x0000000087c00000| Untracked 
|  97|0x0000000087d00000, 0x0000000087d00000, 0x0000000087e00000|  0%| F|  |TAMS 0x0000000087d00000, 0x0000000087d00000| Untracked 
|  98|0x0000000087e00000, 0x0000000087e00000, 0x0000000087f00000|  0%| F|  |TAMS 0x0000000087e00000, 0x0000000087e00000| Untracked 
|  99|0x0000000087f00000, 0x0000000087f00000, 0x0000000088000000|  0%| F|  |TAMS 0x0000000087f00000, 0x0000000087f00000| Untracked 
| 100|0x0000000088000000, 0x0000000088000000, 0x0000000088100000|  0%| F|  |TAMS 0x0000000088000000, 0x0000000088000000| Untracked 
| 101|0x0000000088100000, 0x0000000088100000, 0x0000000088200000|  0%| F|  |TAMS 0x0000000088100000, 0x0000000088100000| Untracked 
| 102|0x0000000088200000, 0x0000000088300000, 0x0000000088300000|100%| S|CS|TAMS 0x0000000088200000, 0x0000000088200000| Complete 
| 103|0x0000000088300000, 0x0000000088400000, 0x0000000088400000|100%| S|CS|TAMS 0x0000000088300000, 0x0000000088300000| Complete 
| 104|0x0000000088400000, 0x0000000088500000, 0x0000000088500000|100%| S|CS|TAMS 0x0000000088400000, 0x0000000088400000| Complete 
| 105|0x0000000088500000, 0x0000000088500000, 0x0000000088600000|  0%| F|  |TAMS 0x0000000088500000, 0x0000000088500000| Untracked 
| 106|0x0000000088600000, 0x0000000088600000, 0x0000000088700000|  0%| F|  |TAMS 0x0000000088600000, 0x0000000088600000| Untracked 
| 107|0x0000000088700000, 0x0000000088700000, 0x0000000088800000|  0%| F|  |TAMS 0x0000000088700000, 0x0000000088700000| Untracked 
| 108|0x0000000088800000, 0x00000000888d1588, 0x0000000088900000| 81%| E|  |TAMS 0x0000000088800000, 0x0000000088800000| Complete 
| 109|0x0000000088900000, 0x0000000088a00000, 0x0000000088a00000|100%| E|CS|TAMS 0x0000000088900000, 0x0000000088900000| Complete 
| 110|0x0000000088a00000, 0x0000000088b00000, 0x0000000088b00000|100%| E|CS|TAMS 0x0000000088a00000, 0x0000000088a00000| Complete 
| 111|0x0000000088b00000, 0x0000000088c00000, 0x0000000088c00000|100%| E|CS|TAMS 0x0000000088b00000, 0x0000000088b00000| Complete 
| 112|0x0000000088c00000, 0x0000000088d00000, 0x0000000088d00000|100%| E|CS|TAMS 0x0000000088c00000, 0x0000000088c00000| Complete 
| 113|0x0000000088d00000, 0x0000000088e00000, 0x0000000088e00000|100%| E|CS|TAMS 0x0000000088d00000, 0x0000000088d00000| Complete 
| 114|0x0000000088e00000, 0x0000000088f00000, 0x0000000088f00000|100%| E|CS|TAMS 0x0000000088e00000, 0x0000000088e00000| Complete 
| 115|0x0000000088f00000, 0x0000000089000000, 0x0000000089000000|100%| E|CS|TAMS 0x0000000088f00000, 0x0000000088f00000| Complete 
| 116|0x0000000089000000, 0x0000000089100000, 0x0000000089100000|100%| E|CS|TAMS 0x0000000089000000, 0x0000000089000000| Complete 
| 117|0x0000000089100000, 0x0000000089200000, 0x0000000089200000|100%| E|CS|TAMS 0x0000000089100000, 0x0000000089100000| Complete 
| 118|0x0000000089200000, 0x0000000089300000, 0x0000000089300000|100%| E|CS|TAMS 0x0000000089200000, 0x0000000089200000| Complete 
| 119|0x0000000089300000, 0x0000000089400000, 0x0000000089400000|100%| E|CS|TAMS 0x0000000089300000, 0x0000000089300000| Complete 
| 120|0x0000000089400000, 0x0000000089500000, 0x0000000089500000|100%| E|CS|TAMS 0x0000000089400000, 0x0000000089400000| Complete 
| 121|0x0000000089500000, 0x0000000089600000, 0x0000000089600000|100%| E|CS|TAMS 0x0000000089500000, 0x0000000089500000| Complete 
| 122|0x0000000089600000, 0x0000000089700000, 0x0000000089700000|100%| E|CS|TAMS 0x0000000089600000, 0x0000000089600000| Complete 
| 123|0x0000000089700000, 0x0000000089800000, 0x0000000089800000|100%| E|CS|TAMS 0x0000000089700000, 0x0000000089700000| Complete 
| 124|0x0000000089800000, 0x0000000089900000, 0x0000000089900000|100%| E|CS|TAMS 0x0000000089800000, 0x0000000089800000| Complete 
| 125|0x0000000089900000, 0x0000000089a00000, 0x0000000089a00000|100%| E|CS|TAMS 0x0000000089900000, 0x0000000089900000| Complete 
| 126|0x0000000089a00000, 0x0000000089b00000, 0x0000000089b00000|100%| E|CS|TAMS 0x0000000089a00000, 0x0000000089a00000| Complete 
| 127|0x0000000089b00000, 0x0000000089c00000, 0x0000000089c00000|100%| E|CS|TAMS 0x0000000089b00000, 0x0000000089b00000| Complete 

Card table byte_map: [0x0000023bded30000,0x0000023bdf130000] _byte_map_base: 0x0000023bde922000

Marking Bits (Prev, Next): (CMBitMap*) 0x0000023bc6ea0c78, (CMBitMap*) 0x0000023bc6ea0cb8
 Prev Bits: [0x0000023bdf530000, 0x0000023be14c0000)
 Next Bits: [0x0000023be14c0000, 0x0000023be3450000)

Polling page: 0x0000023bc4d10000

Metaspace:

Usage:
  Non-class:     12.82 MB capacity,    12.58 MB ( 98%) used,   212.21 KB (  2%) free+waste,    31.25 KB ( <1%) overhead. 
      Class:      1.72 MB capacity,     1.56 MB ( 90%) used,   150.95 KB (  9%) free+waste,    17.88 KB (  1%) overhead. 
       Both:     14.54 MB capacity,    14.14 MB ( 97%) used,   363.16 KB (  2%) free+waste,    49.13 KB ( <1%) overhead. 

Virtual space:
  Non-class space:       14.00 MB reserved,      13.00 MB ( 93%) committed 
      Class space:        1.00 GB reserved,       1.75 MB ( <1%) committed 
             Both:        1.01 GB reserved,      14.75 MB (  1%) committed 

Chunk freelists:
   Non-Class:  57.00 KB
       Class:  29.00 KB
        Both:  86.00 KB

MaxMetaspaceSize: 17179869184.00 GB
CompressedClassSpaceSize: 1.00 GB

CodeHeap 'non-profiled nmethods': size=120000Kb used=592Kb max_used=592Kb free=119407Kb
 bounds [0x0000023bd70d0000, 0x0000023bd7340000, 0x0000023bde600000]
CodeHeap 'profiled nmethods': size=120000Kb used=3095Kb max_used=3095Kb free=116904Kb
 bounds [0x0000023bcfba0000, 0x0000023bcfeb0000, 0x0000023bd70d0000]
CodeHeap 'non-nmethods': size=5760Kb used=1408Kb max_used=1438Kb free=4351Kb
 bounds [0x0000023bcf600000, 0x0000023bcf870000, 0x0000023bcfba0000]
 total_blobs=2882 nmethods=1574 adapters=645
 compilation: enabled
              stopped_count=0, restarted_count=0
 full_count=0

Compilation events (20 events):
Event: 2.241 Thread 0x0000023be5ecf000 nmethod 1561 0x0000023bcfea0d90 code [0x0000023bcfea0f40, 0x0000023bcfea1138]
Event: 2.241 Thread 0x0000023be5ecf000 1563       3       java.lang.CharacterDataLatin1::isDigit (18 bytes)
Event: 2.241 Thread 0x0000023be5ecf000 nmethod 1563 0x0000023bcfea1210 code [0x0000023bcfea13a0, 0x0000023bcfea1558]
Event: 2.242 Thread 0x0000023be5ecf000 1564       3       java.lang.Character::getType (9 bytes)
Event: 2.242 Thread 0x0000023be5ebb000 nmethod 1562 0x0000023bd7162f90 code [0x0000023bd7163120, 0x0000023bd7163238]
Event: 2.242 Thread 0x0000023be5ecf000 nmethod 1564 0x0000023bcfea1610 code [0x0000023bcfea17c0, 0x0000023bcfea19b8]
Event: 2.242 Thread 0x0000023be5ecf000 1565       3       java.lang.StringUTF16::checkIndex (9 bytes)
Event: 2.242 Thread 0x0000023be5ecf000 nmethod 1565 0x0000023bcfea1a90 code [0x0000023bcfea1c40, 0x0000023bcfea1da8]
Event: 2.242 Thread 0x0000023be5ecf000 1566       1       java.util.stream.FindOps$FindSink::cancellationRequested (5 bytes)
Event: 2.242 Thread 0x0000023be5ecf000 nmethod 1566 0x0000023bd7163310 code [0x0000023bd71634a0, 0x0000023bd7163578]
Event: 2.246 Thread 0x0000023be5ecf000 1567       1       sun.java2d.SurfaceData::getSurfaceType (5 bytes)
Event: 2.246 Thread 0x0000023be5ecf000 nmethod 1567 0x0000023bd7163610 code [0x0000023bd71637a0, 0x0000023bd7163878]
Event: 2.247 Thread 0x0000023be5ecf000 1568       3       sun.java2d.SunGraphics2D::dispose (12 bytes)
Event: 2.247 Thread 0x0000023be5ecf000 nmethod 1568 0x0000023bcfea1e90 code [0x0000023bcfea2040, 0x0000023bcfea21e8]
Event: 2.247 Thread 0x0000023be5ecf000 1569       3       sun.java2d.pipe.Region::dimAdd (20 bytes)
Event: 2.247 Thread 0x0000023be5ecf000 nmethod 1569 0x0000023bcfea2290 code [0x0000023bcfea2420, 0x0000023bcfea2598]
Event: 2.247 Thread 0x0000023be5ecf000 1570       3       java.awt.geom.RoundRectIterator::next (11 bytes)
Event: 2.247 Thread 0x0000023be5ecf000 nmethod 1570 0x0000023bcfea2610 code [0x0000023bcfea27a0, 0x0000023bcfea28b8]
Event: 2.248 Thread 0x0000023be5ecf000 1571       1       java.awt.Container::getLayout (5 bytes)
Event: 2.248 Thread 0x0000023be5ecf000 nmethod 1571 0x0000023bd7163910 code [0x0000023bd7163aa0, 0x0000023bd7163b78]

GC Heap History (2 events):
Event: 1.293 GC heap before
{Heap before GC invocations=0 (full 0):
 garbage-first heap   total 131072K, used 47104K [0x0000000081c00000, 0x0000000100000000)
  region size 1024K, 23 young (23552K), 0 survivors (0K)
 Metaspace       used 12799K, capacity 13181K, committed 13440K, reserved 1060864K
  class space    used 1442K, capacity 1600K, committed 1664K, reserved 1048576K
}
Event: 1.299 GC heap after
{Heap after GC invocations=1 (full 0):
 garbage-first heap   total 131072K, used 29291K [0x0000000081c00000, 0x0000000100000000)
  region size 1024K, 3 young (3072K), 3 survivors (3072K)
 Metaspace       used 12799K, capacity 13181K, committed 13440K, reserved 1060864K
  class space    used 1442K, capacity 1600K, committed 1664K, reserved 1048576K
}

Deoptimization events (20 events):
Event: 1.398 Thread 0x0000023be8580800 DEOPT PACKING pc=0x0000023bcfe7c4fe sp=0x0000003c001fece0
Event: 1.398 Thread 0x0000023be8580800 DEOPT UNPACKING pc=0x0000023bcf64964e sp=0x0000003c001fe1f0 mode 0
Event: 1.398 Thread 0x0000023be8580800 DEOPT PACKING pc=0x0000023bcfe7c4fe sp=0x0000003c001fece0
Event: 1.398 Thread 0x0000023be8580800 DEOPT UNPACKING pc=0x0000023bcf64964e sp=0x0000003c001fe1f0 mode 0
Event: 1.398 Thread 0x0000023be8580800 DEOPT PACKING pc=0x0000023bcfe7c4fe sp=0x0000003c001fece0
Event: 1.398 Thread 0x0000023be8580800 DEOPT UNPACKING pc=0x0000023bcf64964e sp=0x0000003c001fe1f0 mode 0
Event: 1.398 Thread 0x0000023be8580800 DEOPT PACKING pc=0x0000023bcfe7c4fe sp=0x0000003c001fece0
Event: 1.398 Thread 0x0000023be8580800 DEOPT UNPACKING pc=0x0000023bcf64964e sp=0x0000003c001fe1f0 mode 0
Event: 1.399 Thread 0x0000023be8580800 DEOPT PACKING pc=0x0000023bcfe7c4fe sp=0x0000003c001fece0
Event: 1.399 Thread 0x0000023be8580800 DEOPT UNPACKING pc=0x0000023bcf64964e sp=0x0000003c001fe1f0 mode 0
Event: 1.399 Thread 0x0000023be8580800 DEOPT PACKING pc=0x0000023bcfe7c4fe sp=0x0000003c001fece0
Event: 1.399 Thread 0x0000023be8580800 DEOPT UNPACKING pc=0x0000023bcf64964e sp=0x0000003c001fe1f0 mode 0
Event: 1.399 Thread 0x0000023be8580800 DEOPT PACKING pc=0x0000023bcfe7c4fe sp=0x0000003c001fece0
Event: 1.399 Thread 0x0000023be8580800 DEOPT UNPACKING pc=0x0000023bcf64964e sp=0x0000003c001fe1f0 mode 0
Event: 1.399 Thread 0x0000023be8580800 DEOPT PACKING pc=0x0000023bcfe7c4fe sp=0x0000003c001fece0
Event: 1.399 Thread 0x0000023be8580800 DEOPT UNPACKING pc=0x0000023bcf64964e sp=0x0000003c001fe1f0 mode 0
Event: 1.399 Thread 0x0000023be8580800 Uncommon trap: trap_request=0xffffff45 fr.pc=0x0000023bd715d978 relative=0x0000000000000398
Event: 1.399 Thread 0x0000023be8580800 Uncommon trap: reason=unstable_if action=reinterpret pc=0x0000023bd715d978 method=sun.awt.image.ImageRepresentation.getOpaqueRGBImage()Ljava/awt/image/BufferedImage; @ 57 c2
Event: 1.399 Thread 0x0000023be8580800 DEOPT PACKING pc=0x0000023bd715d978 sp=0x0000003c001fed60
Event: 1.399 Thread 0x0000023be8580800 DEOPT UNPACKING pc=0x0000023bcf64912f sp=0x0000003c001fecf0 mode 2

Classes unloaded (0 events):
No events

Classes redefined (0 events):
No events

Internal exceptions (16 events):
Event: 0.074 Thread 0x0000023bc6e5c800 Exception <a 'java/lang/ClassNotFoundException'{0x0000000089aedcd0}: sun/awt/resources/spi/awtProvider> (0x0000000089aedcd0) 
thrown [./open/src/hotspot/share/classfile/systemDictionary.cpp, line 226]
Event: 0.097 Thread 0x0000023bc6e5c800 Exception <a 'java/io/FileNotFoundException'{0x00000000899445a8}> (0x00000000899445a8) 
thrown [./open/src/hotspot/share/prims/jni.cpp, line 599]
Event: 0.105 Thread 0x0000023bc6e5c800 Exception <a 'java/io/FileNotFoundException'{0x000000008996a900}> (0x000000008996a900) 
thrown [./open/src/hotspot/share/prims/jni.cpp, line 599]
Event: 0.133 Thread 0x0000023be6bcb000 Exception <a 'java/lang/NoSuchMethodError'{0x00000000899f1090}: 'void java.lang.invoke.DirectMethodHandle$Holder.invokeSpecial(java.lang.Object, java.lang.Object)'> (0x00000000899f1090) 
thrown [./open/src/hotspot/share/interpreter/linkResolver.cpp, line 766]
Event: 0.163 Thread 0x0000023be6bdd800 Exception <a 'java/lang/NoSuchMethodError'{0x00000000898e5cd8}: 'java.lang.Object java.lang.invoke.DirectMethodHandle$Holder.invokeStatic(java.lang.Object, int, java.lang.Object, java.lang.Object, java.lang.Object, java.lang.Object)'> (0x00000000898e5cd8) 
thrown [./open/src/hotspot/share/interpreter/linkResolver.cpp, line 766]
Event: 0.163 Thread 0x0000023be6bdd800 Exception <a 'java/lang/NoSuchMethodError'{0x00000000898ec868}: 'java.lang.Object java.lang.invoke.DirectMethodHandle$Holder.invokeStatic(java.lang.Object, int, java.lang.Object, java.lang.Object, java.lang.Object)'> (0x00000000898ec868) 
thrown [./open/src/hotspot/share/interpreter/linkResolver.cpp, line 766]
Event: 0.164 Thread 0x0000023be6bdd800 Exception <a 'java/lang/NoSuchMethodError'{0x00000000898f00b8}: 'java.lang.Object java.lang.invoke.DirectMethodHandle$Holder.invokeSpecial(java.lang.Object, java.lang.Object, int, java.lang.Object, java.lang.Object, java.lang.Object)'> (0x00000000898f00b8) 
thrown [./open/src/hotspot/share/interpreter/linkResolver.cpp, line 766]
Event: 0.165 Thread 0x0000023be6bdd800 Exception <a 'java/lang/NoSuchMethodError'{0x0000000089706ad8}: 'java.lang.Object java.lang.invoke.DirectMethodHandle$Holder.invokeStatic(java.lang.Object, int, java.lang.Object)'> (0x0000000089706ad8) 
thrown [./open/src/hotspot/share/interpreter/linkResolver.cpp, line 766]
Event: 0.178 Thread 0x0000023be6bdd800 Exception <a 'java/lang/ClassNotFoundException'{0x00000000897aa1a0}: com/sun/swing/internal/plaf/metal/resources/spi/metalProvider> (0x00000000897aa1a0) 
thrown [./open/src/hotspot/share/classfile/systemDictionary.cpp, line 226]
Event: 0.179 Thread 0x0000023be6bdd800 Exception <a 'java/lang/ClassNotFoundException'{0x00000000897adfa8}: com/sun/swing/internal/plaf/basic/resources/spi/basicProvider> (0x00000000897adfa8) 
thrown [./open/src/hotspot/share/classfile/systemDictionary.cpp, line 226]
Event: 1.101 Thread 0x0000023be6bde800 Exception <a 'java/lang/NoSuchMethodError'{0x0000000088ff8038}: 'java.lang.Object java.lang.invoke.DirectMethodHandle$Holder.invokeStaticInit(java.lang.Object, int, int, int, int)'> (0x0000000088ff8038) 
thrown [./open/src/hotspot/share/interpreter/linkResolver.cpp, line 766]
Event: 1.134 Thread 0x0000023be6bde800 Exception <a 'java/lang/NoSuchMethodError'{0x0000000088b13590}: 'java.lang.Object java.lang.invoke.DirectMethodHandle$Holder.invokeStaticInit(java.lang.Object, java.lang.Object, int, int, int, int)'> (0x0000000088b13590) 
thrown [./open/src/hotspot/share/interpreter/linkResolver.cpp, line 766]
Event: 1.183 Thread 0x0000023be6bdd800 Exception <a 'java/lang/NoSuchMethodError'{0x000000008898aa08}: 'void java.lang.invoke.DirectMethodHandle$Holder.invokeStaticInit(java.lang.Object)'> (0x000000008898aa08) 
thrown [./open/src/hotspot/share/interpreter/linkResolver.cpp, line 766]
Event: 1.202 Thread 0x0000023be6bdd800 Exception <a 'java/lang/NoSuchMethodError'{0x00000000889e05b8}: 'java.lang.Object java.lang.invoke.Invokers$Holder.linkToTargetMethod(java.lang.Object, int, java.lang.Object)'> (0x00000000889e05b8) 
thrown [./open/src/hotspot/share/interpreter/linkResolver.cpp, line 766]
Event: 1.206 Thread 0x0000023be8580800 Implicit null exception at 0x0000023bd71143e7 to 0x0000023bd7114a08
Event: 1.206 Thread 0x0000023be8580800 Implicit null exception at 0x0000023bd710c764 to 0x0000023bd710cda0

Events (20 events):
Event: 2.243 Executing VM operation: HandshakeOneThread
Event: 2.243 Executing VM operation: HandshakeOneThread done
Event: 2.243 Executing VM operation: HandshakeOneThread
Event: 2.243 Executing VM operation: HandshakeOneThread done
Event: 2.243 Executing VM operation: HandshakeOneThread
Event: 2.243 Executing VM operation: HandshakeOneThread done
Event: 2.244 Executing VM operation: HandshakeOneThread
Event: 2.244 Executing VM operation: HandshakeOneThread done
Event: 2.244 Executing VM operation: HandshakeOneThread
Event: 2.244 Executing VM operation: HandshakeOneThread done
Event: 2.244 Executing VM operation: HandshakeOneThread
Event: 2.244 Executing VM operation: HandshakeOneThread done
Event: 2.244 Executing VM operation: HandshakeOneThread
Event: 2.244 Executing VM operation: HandshakeOneThread done
Event: 2.244 Executing VM operation: HandshakeOneThread
Event: 2.244 Executing VM operation: HandshakeOneThread done
Event: 2.244 Executing VM operation: HandshakeOneThread
Event: 2.244 Executing VM operation: HandshakeOneThread done
Event: 2.245 Executing VM operation: HandshakeOneThread
Event: 2.245 Executing VM operation: HandshakeOneThread done


Dynamic libraries:
0x00007ff7e7b40000 - 0x00007ff7e7b4f000 	C:\Program Files\Java\jdk-14.0.1\bin\javaw.exe
0x00007ffde77c0000 - 0x00007ffde79b0000 	C:\Windows\SYSTEM32\ntdll.dll
0x00007ffde69e0000 - 0x00007ffde6a92000 	C:\Windows\System32\KERNEL32.DLL
0x00007ffde52d0000 - 0x00007ffde5573000 	C:\Windows\System32\KERNELBASE.dll
0x00007ffde5150000 - 0x00007ffde524a000 	C:\Windows\System32\ucrtbase.dll
0x00007ffdd3bc0000 - 0x00007ffdd3bd5000 	C:\Program Files\Java\jdk-14.0.1\bin\VCRUNTIME140.dll
0x00007ffdcd1e0000 - 0x00007ffdcd1f8000 	C:\Program Files\Java\jdk-14.0.1\bin\jli.dll
0x00007ffde6df0000 - 0x00007ffde6e93000 	C:\Windows\System32\ADVAPI32.dll
0x00007ffde6940000 - 0x00007ffde69de000 	C:\Windows\System32\msvcrt.dll
0x00007ffde67f0000 - 0x00007ffde6887000 	C:\Windows\System32\sechost.dll
0x00007ffde7660000 - 0x00007ffde7780000 	C:\Windows\System32\RPCRT4.dll
0x00007ffde74b0000 - 0x00007ffde7644000 	C:\Windows\System32\USER32.dll
0x00007ffdd4f40000 - 0x00007ffdd51c5000 	C:\Windows\WinSxS\amd64_microsoft.windows.common-controls_6595b64144ccf1df_6.0.18362.778_none_e6c6b761130d4fb8\COMCTL32.dll
0x00007ffde4750000 - 0x00007ffde4771000 	C:\Windows\System32\win32u.dll
0x00007ffde6eb0000 - 0x00007ffde6ed6000 	C:\Windows\System32\GDI32.dll
0x00007ffde62c0000 - 0x00007ffde65f6000 	C:\Windows\System32\combase.dll
0x00007ffde5580000 - 0x00007ffde5714000 	C:\Windows\System32\gdi32full.dll
0x00007ffde5250000 - 0x00007ffde52d0000 	C:\Windows\System32\bcryptPrimitives.dll
0x00007ffde50b0000 - 0x00007ffde514e000 	C:\Windows\System32\msvcp_win.dll
0x00007ffddbbf0000 - 0x00007ffddbbfa000 	C:\Windows\SYSTEM32\VERSION.dll
0x00007ffde6740000 - 0x00007ffde676e000 	C:\Windows\System32\IMM32.DLL
0x00007ffdc7eb0000 - 0x00007ffdc7f4b000 	C:\Program Files\Java\jdk-14.0.1\bin\msvcp140.dll
0x00007ffd8cc00000 - 0x00007ffd8d71e000 	C:\Program Files\Java\jdk-14.0.1\bin\server\jvm.dll
0x00007ffde7650000 - 0x00007ffde7658000 	C:\Windows\System32\PSAPI.DLL
0x00007ffdbf5b0000 - 0x00007ffdbf5b9000 	C:\Windows\SYSTEM32\WSOCK32.dll
0x00007ffde1a70000 - 0x00007ffde1a94000 	C:\Windows\SYSTEM32\WINMM.dll
0x00007ffde6cb0000 - 0x00007ffde6d1f000 	C:\Windows\System32\WS2_32.dll
0x00007ffde1860000 - 0x00007ffde188d000 	C:\Windows\SYSTEM32\winmmbase.dll
0x00007ffde4780000 - 0x00007ffde47ca000 	C:\Windows\System32\cfgmgr32.dll
0x00007ffde4710000 - 0x00007ffde4721000 	C:\Windows\System32\kernel.appcore.dll
0x00007ffdd3bb0000 - 0x00007ffdd3bba000 	C:\Program Files\Java\jdk-14.0.1\bin\jimage.dll
0x00007ffde2fc0000 - 0x00007ffde31b4000 	C:\Windows\SYSTEM32\DBGHELP.DLL
0x00007ffdd15f0000 - 0x00007ffdd161a000 	C:\Windows\SYSTEM32\dbgcore.DLL
0x00007ffdc87a0000 - 0x00007ffdc87c5000 	C:\Program Files\Java\jdk-14.0.1\bin\java.dll
0x00007ffdca0d0000 - 0x00007ffdca0e6000 	C:\Program Files\Java\jdk-14.0.1\bin\zip.dll
0x00007ffde58f0000 - 0x00007ffde5fd5000 	C:\Windows\System32\SHELL32.dll
0x00007ffde61b0000 - 0x00007ffde6259000 	C:\Windows\System32\shcore.dll
0x00007ffde4830000 - 0x00007ffde4fb0000 	C:\Windows\System32\windows.storage.dll
0x00007ffde46e0000 - 0x00007ffde4703000 	C:\Windows\System32\profapi.dll
0x00007ffde4690000 - 0x00007ffde46da000 	C:\Windows\System32\powrprof.dll
0x00007ffde4680000 - 0x00007ffde4690000 	C:\Windows\System32\UMPDC.dll
0x00007ffde6aa0000 - 0x00007ffde6af2000 	C:\Windows\System32\shlwapi.dll
0x00007ffde5090000 - 0x00007ffde50a7000 	C:\Windows\System32\cryptsp.dll
0x00007ffdc8780000 - 0x00007ffdc8799000 	C:\Program Files\Java\jdk-14.0.1\bin\net.dll
0x00007ffdd6260000 - 0x00007ffdd6350000 	C:\Windows\SYSTEM32\WINHTTP.dll
0x00007ffde3ef0000 - 0x00007ffde3f57000 	C:\Windows\system32\mswsock.dll
0x00007ffdc86c0000 - 0x00007ffdc86d2000 	C:\Program Files\Java\jdk-14.0.1\bin\nio.dll
0x00007ffd98190000 - 0x00007ffd98328000 	C:\Program Files\Java\jdk-14.0.1\bin\awt.dll
0x00007ffde60d0000 - 0x00007ffde6194000 	C:\Windows\System32\OLEAUT32.dll
0x00007ffde22a0000 - 0x00007ffde232f000 	C:\Windows\SYSTEM32\apphelp.dll
0x00007ffde2670000 - 0x00007ffde2709000 	C:\Windows\system32\uxtheme.dll
0x00007ffde6600000 - 0x00007ffde6736000 	C:\Windows\System32\MSCTF.dll
0x00007ffde7350000 - 0x00007ffde74a7000 	C:\Windows\System32\ole32.dll
0x00007ffde2a90000 - 0x00007ffde2abd000 	C:\Windows\system32\DWMAPI.DLL
0x00007ffdc2b80000 - 0x00007ffdc2cd6000 	C:\Windows\system32\opengl32.dll
0x00007ffdc2b50000 - 0x00007ffdc2b7c000 	C:\Windows\SYSTEM32\GLU32.dll
0x00007ffde32f0000 - 0x00007ffde3310000 	C:\Windows\SYSTEM32\dxcore.dll
0x00007ffde3c40000 - 0x00007ffde3d0a000 	C:\Windows\SYSTEM32\DNSAPI.dll
0x00007ffde6ea0000 - 0x00007ffde6ea8000 	C:\Windows\System32\NSI.dll
0x00007ffde3c00000 - 0x00007ffde3c3a000 	C:\Windows\SYSTEM32\IPHLPAPI.DLL
0x00007ffdd5e40000 - 0x00007ffdd5e4a000 	C:\Windows\System32\rasadhlp.dll
0x00007ffdd61e0000 - 0x00007ffdd6257000 	C:\Windows\System32\fwpuclnt.dll
0x00007ffde5060000 - 0x00007ffde5086000 	C:\Windows\System32\bcrypt.dll
0x00007ffdd2ef0000 - 0x00007ffdd2f00000 	C:\Program Files\Java\jdk-14.0.1\bin\verify.dll
0x0000000071100000 - 0x0000000071125000 	C:\Users\dhove\.jssc\windows\jSSC-2.8_x86_64.dll
0x00007ffde3a60000 - 0x00007ffde3a93000 	C:\Windows\system32\rsaenh.dll
0x00007ffde45a0000 - 0x00007ffde45c5000 	C:\Windows\SYSTEM32\USERENV.dll
0x00007ffde40c0000 - 0x00007ffde40cc000 	C:\Windows\SYSTEM32\CRYPTBASE.dll
0x00007ffdda300000 - 0x00007ffdda316000 	C:\Windows\SYSTEM32\dhcpcsvc6.DLL
0x00007ffdd6170000 - 0x00007ffdd618c000 	C:\Windows\SYSTEM32\dhcpcsvc.DLL
0x00007ffdc7e60000 - 0x00007ffdc7ea2000 	C:\Users\dhove\AppData\Local\Temp\jna-95560794\jna9908770906881548902.dll
0x0000000180000000 - 0x00000001806c4000 	C:\Windows\SYSTEM32\LabJackM.dll
0x00007ffdd51d0000 - 0x00007ffdd51d7000 	C:\Windows\SYSTEM32\MSIMG32.dll
0x00007ffdd4eb0000 - 0x00007ffdd4f39000 	C:\Windows\SYSTEM32\WINSPOOL.DRV
0x00007ffdd4e40000 - 0x00007ffdd4ea5000 	C:\Windows\SYSTEM32\OLEACC.dll
0x00007ffdd51e0000 - 0x00007ffdd5383000 	C:\Windows\WinSxS\amd64_microsoft.windows.gdiplus_6595b64144ccf1df_1.1.18362.778_none_17b1aa466d9fc986\gdiplus.dll
0x00007ffde20f0000 - 0x00007ffde21df000 	C:\Windows\SYSTEM32\PROPSYS.dll
0x0000023be6e10000 - 0x0000023be6e24000 	C:\Windows\SYSTEM32\LabJackWUSB.dll
0x00007ffde6ee0000 - 0x00007ffde7350000 	C:\Windows\System32\SETUPAPI.dll
0x00007ffdc8810000 - 0x00007ffdc881c000 	C:\Windows\SYSTEM32\WINUSB.DLL
0x00007ffdc4d70000 - 0x00007ffdc4df2000 	C:\Program Files\Java\jdk-14.0.1\bin\freetype.dll
0x00007ffdc1cd0000 - 0x00007ffdc1d76000 	C:\Program Files\Java\jdk-14.0.1\bin\fontmanager.dll
0x00007ffdc0920000 - 0x00007ffdc09be000 	C:\Windows\System32\TextInputFramework.dll
0x00007ffddf0b0000 - 0x00007ffddf3da000 	C:\Windows\System32\CoreUIComponents.dll
0x00007ffde1e10000 - 0x00007ffde1ee4000 	C:\Windows\System32\CoreMessaging.dll
0x00007ffde36e0000 - 0x00007ffde3711000 	C:\Windows\SYSTEM32\ntmarta.dll
0x00007ffddf770000 - 0x00007ffddf8c3000 	C:\Windows\SYSTEM32\wintypes.dll
0x00007ffdc7e30000 - 0x00007ffdc7e5d000 	C:\Program Files\Java\jdk-14.0.1\bin\javajpeg.dll
0x00007ffdd3520000 - 0x00007ffdd37c6000 	C:\Windows\System32\iertutil.dll
0x00007ffde4480000 - 0x00007ffde44aa000 	C:\Windows\System32\DEVOBJ.dll
0x00007ffde47d0000 - 0x00007ffde482c000 	C:\Windows\System32\WINTRUST.dll
0x00007ffde4730000 - 0x00007ffde4742000 	C:\Windows\System32\MSASN1.dll
0x00007ffde5720000 - 0x00007ffde5869000 	C:\Windows\System32\CRYPT32.dll

dbghelp: loaded successfully - version: 4.0.5 - missing functions: none
symbol engine: initialized successfully - sym options: 0x614 - pdb path: .;C:\Program Files\Java\jdk-14.0.1\bin;C:\Windows\SYSTEM32;C:\Windows\WinSxS\amd64_microsoft.windows.common-controls_6595b64144ccf1df_6.0.18362.778_none_e6c6b761130d4fb8;C:\Program Files\Java\jdk-14.0.1\bin\server;C:\Users\dhove\.jssc\windows;C:\Users\dhove\AppData\Local\Temp\jna-95560794;C:\Windows\WinSxS\amd64_microsoft.windows.gdiplus_6595b64144ccf1df_1.1.18362.778_none_17b1aa466d9fc986

VM Arguments:
jvm_args: -Dfile.encoding=Cp1252 
java_command: aqms.Main
java_class_path (initial): C:\Users\dhove\Documents\TRUSUR\eclipse\AQMS\bin;C:\Users\dhove\Downloads\jfreechart-1.0.19\jfreechart-1.0.19\lib\jcommon-1.0.23.jar;C:\Users\dhove\Downloads\jfreechart-1.0.19\jfreechart-1.0.19\lib\jfreechart-1.0.19.jar;C:\Users\dhove\Documents\TRUSUR\HSQLDB\lib\hsqldb.jar;C:\Users\dhove\Documents\TRUSUR\HSQLDB\lib\sqltool.jar;C:\Users\dhove\Downloads\Java_LJM_2017_12_04\Java_LJM_2017_12_04\jar\jna.jar;C:\Users\dhove\Downloads\Java_LJM_2017_12_04\Java_LJM_2017_12_04\jar\ljm.jar;C:\Users\dhove\Downloads\jssc-2.8.0.jar
Launcher Type: SUN_STANDARD

[Global flags]
     intx CICompilerCount                          = 4                                         {product} {ergonomic}
     uint ConcGCThreads                            = 2                                         {product} {ergonomic}
     uint G1ConcRefinementThreads                  = 8                                         {product} {ergonomic}
   size_t G1HeapRegionSize                         = 1048576                                   {product} {ergonomic}
    uintx GCDrainStackTargetSize                   = 64                                        {product} {ergonomic}
   size_t InitialHeapSize                          = 134217728                                 {product} {ergonomic}
   size_t MarkStackSize                            = 4194304                                   {product} {ergonomic}
   size_t MaxHeapSize                              = 2118123520                                {product} {ergonomic}
   size_t MaxNewSize                               = 1270874112                                {product} {ergonomic}
   size_t MinHeapDeltaBytes                        = 1048576                                   {product} {ergonomic}
   size_t MinHeapSize                              = 8388608                                   {product} {ergonomic}
    uintx NonNMethodCodeHeapSize                   = 5839372                                {pd product} {ergonomic}
    uintx NonProfiledCodeHeapSize                  = 122909434                              {pd product} {ergonomic}
    uintx ProfiledCodeHeapSize                     = 122909434                              {pd product} {ergonomic}
    uintx ReservedCodeCacheSize                    = 251658240                              {pd product} {ergonomic}
     bool SegmentedCodeCache                       = true                                      {product} {ergonomic}
   size_t SoftMaxHeapSize                          = 2118123520                             {manageable} {ergonomic}
     bool UseCompressedClassPointers               = true                                 {lp64_product} {ergonomic}
     bool UseCompressedOops                        = true                                 {lp64_product} {ergonomic}
     bool UseG1GC                                  = true                                      {product} {ergonomic}
     bool UseLargePagesIndividualAllocation        = false                                  {pd product} {ergonomic}

Logging:
Log output configuration:
 #0: stdout all=warning uptime,level,tags
 #1: stderr all=off uptime,level,tags

Environment Variables:
PATH=C:/Program Files/Java/jre1.8.0_251/bin/server;C:/Program Files/Java/jre1.8.0_251/bin;C:/Program Files/Java/jre1.8.0_251/lib/amd64;C:\Program Files (x86)\Common Files\Oracle\Java\javapath;C:\Program Files\Java\jdk-14.0.1\bin;C:\Windows\system32;C:\Windows;C:\Windows\System32\Wbem;C:\Windows\System32\WindowsPowerShell\v1.0\;C:\Windows\System32\OpenSSH\;C:\Program Files (x86)\NVIDIA Corporation\PhysX\Common;C:\Program Files\NVIDIA Corporation\NVIDIA NvDLISR;C:\Program Files\Git\cmd;C:\Program Files\PuTTY\;C:\xampp\php;C:\ProgramData\ComposerSetup\bin;C:\Program Files\dotnet\;C:\Program Files\Microsoft SQL Server\130\Tools\Binn\;C:\Program Files\Microsoft SQL Server\Client SDK\ODBC\170\Tools\Binn\;C:\Users\dhove\AppData\Local\Programs\Python\Python38-32\Scripts\;C:\Users\dhove\AppData\Local\Programs\Python\Python38-32\;C:\Users\dhove\AppData\Local\Microsoft\WindowsApps;C:\Users\dhove\AppData\Roaming\Composer\vendor\bin;C:\Users\dhove\eclipse\jee-2020-03\eclipse;
USERNAME=dhove
OS=Windows_NT
PROCESSOR_IDENTIFIER=Intel64 Family 6 Model 158 Stepping 10, GenuineIntel



---------------  S Y S T E M  ---------------

OS: Windows 10 , 64 bit Build 18362 (10.0.18362.778)
OS uptime: 0 days 13:29 hours

CPU:total 8 (initial active 8) (4 cores per cpu, 2 threads per core) family 6 model 158 stepping 10, cmov, cx8, fxsr, mmx, sse, sse2, sse3, ssse3, sse4.1, sse4.2, popcnt, avx, avx2, aes, clmul, erms, 3dnowpref, lzcnt, ht, tsc, tscinvbit, bmi1, bmi2, adx, fma

Memory: 4k page, system-wide physical 8072M (2283M free)
TotalPageFile size 15752M (AvailPageFile size 7197M)
current process WorkingSet (physical memory assigned to process): 140M, peak: 140M
current process commit charge ("private bytes"): 255M, peak: 255M

vm_info: Java HotSpot(TM) 64-Bit Server VM (14.0.1+7) for windows-amd64 JRE (14.0.1+7), built on Mar  5 2020 10:30:14 by "mach5one" with MS VC++ 15.9 (VS2017)

END.
