#
# A fatal error has been detected by the Java Runtime Environment:
#
#  EXCEPTION_ACCESS_VIOLATION (0xc0000005) at pc=0x000000007110b5db, pid=13572, tid=16216
#
# JRE version: Java(TM) SE Runtime Environment (14.0.1+7) (build 14.0.1+7)
# Java VM: Java HotSpot(TM) 64-Bit Server VM (14.0.1+7, mixed mode, sharing, tiered, compressed oops, g1 gc, windows-amd64)
# Problematic frame:
# C  [jSSC-2.8_x86_64.dll+0xb5db]
#
# No core dump will be written. Minidumps are not enabled by default on client versions of Windows
#
# If you would like to submit a bug report, please visit:
#   https://bugreport.java.com/bugreport/crash.jsp
# The crash happened outside the Java Virtual Machine in native code.
# See problematic frame for where to report the bug.
#

---------------  S U M M A R Y ------------

Command Line: -Dfile.encoding=Cp1252 aqms.Main

Host: Intel(R) Core(TM) i5-9300H CPU @ 2.40GHz, 8 cores, 7G,  Windows 10 , 64 bit Build 18362 (10.0.18362.778)
Time: Fri Apr 17 23:03:14 2020 SE Asia Standard Time elapsed time: 0 seconds (0d 0h 0m 0s)

---------------  T H R E A D  ---------------

Current thread (0x00000244a01e2800):  JavaThread "AWT-EventQueue-0" [_thread_in_native, id=16216, stack(0x0000006108500000,0x0000006108600000)]

Stack: [0x0000006108500000,0x0000006108600000],  sp=0x00000061085feb20,  free space=1018k
Native frames: (J=compiled Java code, j=interpreted, Vv=VM code, C=native code)
C  [jSSC-2.8_x86_64.dll+0xb5db]

Java frames: (J=compiled Java code, j=interpreted, Vv=VM code)
j  jssc.SerialNativeInterface.openPort(Ljava/lang/String;Z)J+0
j  jssc.SerialPort.openPort()Z+65
j  aqms.Main.openSerial(Ljava/lang/String;I)Ljssc/SerialPort;+10
j  aqms.Main.<init>()V+125
j  aqms.Main$1.run()V+4
j  java.awt.event.InvocationEvent.dispatch()V+47 java.desktop@14.0.1
j  java.awt.EventQueue.dispatchEventImpl(Ljava/awt/AWTEvent;Ljava/lang/Object;)V+21 java.desktop@14.0.1
j  java.awt.EventQueue$4.run()Ljava/lang/Void;+32 java.desktop@14.0.1
j  java.awt.EventQueue$4.run()Ljava/lang/Object;+1 java.desktop@14.0.1
j  java.security.AccessController.executePrivileged(Ljava/security/PrivilegedAction;Ljava/security/AccessControlContext;Ljava/lang/Class;)Ljava/lang/Object;+29 java.base@14.0.1
j  java.security.AccessController.doPrivileged(Ljava/security/PrivilegedAction;Ljava/security/AccessControlContext;)Ljava/lang/Object;+13 java.base@14.0.1
j  java.security.ProtectionDomain$JavaSecurityAccessImpl.doIntersectionPrivilege(Ljava/security/PrivilegedAction;Ljava/security/AccessControlContext;Ljava/security/AccessControlContext;)Ljava/lang/Object;+18 java.base@14.0.1
j  java.awt.EventQueue.dispatchEvent(Ljava/awt/AWTEvent;)V+46 java.desktop@14.0.1
j  java.awt.EventDispatchThread.pumpOneEventForFilters(I)V+78 java.desktop@14.0.1
j  java.awt.EventDispatchThread.pumpEventsForFilter(ILjava/awt/Conditional;Ljava/awt/EventFilter;)V+35 java.desktop@14.0.1
j  java.awt.EventDispatchThread.pumpEventsForHierarchy(ILjava/awt/Conditional;Ljava/awt/Component;)V+11 java.desktop@14.0.1
j  java.awt.EventDispatchThread.pumpEvents(ILjava/awt/Conditional;)V+4 java.desktop@14.0.1
j  java.awt.EventDispatchThread.pumpEvents(Ljava/awt/Conditional;)V+3 java.desktop@14.0.1
j  java.awt.EventDispatchThread.run()V+9 java.desktop@14.0.1
v  ~StubRoutines::call_stub

siginfo: EXCEPTION_ACCESS_VIOLATION (0xc0000005), reading address 0xfffffffffb801bc4


Register to memory mapping:

RIP=0x000000007110b5db jSSC-2.8_x86_64.dll
RAX=0xfffffffffb801bc4 is an unknown value
RBX=0x00000061085feb90 is pointing into the stack for thread: 0x00000244a01e2800
RCX=0x00007ffde785c254 ntdll.dll
RDX=0x0 is NULL
RSP=0x00000061085feb20 is pointing into the stack for thread: 0x00000244a01e2800
RBP=0x00000061085feca0 is pointing into the stack for thread: 0x00000244a01e2800
RSI=0x00000244a01e2b10 points into unknown readable memory: a0 1a 39 8f fd 7f 00 00
RDI=0x0000000000000608 is an unknown value
R8 =0x00000061085fea18 is pointing into the stack for thread: 0x00000244a01e2800
R9 =0x00000061085feb10 is pointing into the stack for thread: 0x00000244a01e2800
R10=0x0 is NULL
R11=0x0000000000000246 is an unknown value
R12=0x00000061085fed60 is pointing into the stack for thread: 0x00000244a01e2800
R13=0x00000244a0854a00 points into unknown readable memory: 5c 00 00 00 00 00 00 00
R14=0x00000061085fec50 is pointing into the stack for thread: 0x00000244a01e2800
R15=0x00000244a01e2800 is a thread


Registers:
RAX=0xfffffffffb801bc4, RBX=0x00000061085feb90, RCX=0x00007ffde785c254, RDX=0x0000000000000000
RSP=0x00000061085feb20, RBP=0x00000061085feca0, RSI=0x00000244a01e2b10, RDI=0x0000000000000608
R8 =0x00000061085fea18, R9 =0x00000061085feb10, R10=0x0000000000000000, R11=0x0000000000000246
R12=0x00000061085fed60, R13=0x00000244a0854a00, R14=0x00000061085fec50, R15=0x00000244a01e2800
RIP=0x000000007110b5db, EFLAGS=0x0000000000010202

Top of Stack: (sp=0x00000061085feb20)
0x00000061085feb20:   00000244a0856fd0 00000018e77ffb91
0x00000061085feb30:   000000007110b230 00000244a0854830
0x00000061085feb40:   00000061085feca0 0000000000000004
0x00000061085feb50:   00000244a01e2b10 0000000000000608
0x00000061085feb60:   00000061085feca0 0000000071112590
0x00000061085feb70:   00000244a01e2800 00000061085fec50
0x00000061085feb80:   00000244a0854a00 00000061085fed60
0x00000061085feb90:   00000244a0854a00 00007ffde77ffb91
0x00000061085feba0:   00000061085febd0 00000244fb5b0000
0x00000061085febb0:   00000061085feca0 0000000000000000
0x00000061085febc0:   0000000071113500 0000000071113be8
0x00000061085febd0:   00000061085fec00 0000000071112641
0x00000061085febe0:   00000061085feb70 00000244a01e2b10
0x00000061085febf0:   0000000000000000 0000000000000000
0x00000061085fec00:   00000061085feca0 0000000071101595
0x00000061085fec10:   000000000000001c 0000024400000000 

Instructions: (pc=0x000000007110b5db)
0x000000007110b4db:   48 85 c0 74 bf 44 8b 03 45 85 c0 0f 84 77 ff ff
0x000000007110b4eb:   ff eb 9f 66 90 e8 8b fe ff ff 48 89 05 0c 34 01
0x000000007110b4fb:   00 eb ad 66 90 e8 7b fe ff ff 48 89 05 fc 33 01
0x000000007110b50b:   00 eb 8b e8 8d fe ff ff c7 03 01 00 00 00 e9 6f
0x000000007110b51b:   ff ff ff 66 90 55 48 89 e5 56 53 48 83 ec 20 48
0x000000007110b52b:   8b 05 d7 33 01 00 48 8b 31 48 89 cb 48 85 c0 74
0x000000007110b53b:   56 44 8b 18 45 85 db 78 42 48 8b 05 bd 33 01 00
0x000000007110b54b:   48 85 c0 74 50 44 8b 10 45 85 d2 74 1d 48 89 f1
0x000000007110b55b:   e8 d0 fd ff ff 48 8b 13 48 8d 42 40 48 8b 48 08
0x000000007110b56b:   48 8b 6a 40 48 8b 60 10 ff e1 48 8b 05 9c 33 01
0x000000007110b57b:   00 48 85 c0 74 2d 48 89 30 eb da e8 b5 fe ff ff
0x000000007110b58b:   0f 1f 44 00 00 eb b2 e8 e9 fd ff ff 48 89 05 6a
0x000000007110b59b:   33 01 00 eb 9c e8 db fd ff ff 48 89 05 5c 33 01
0x000000007110b5ab:   00 eb a2 e8 3d fd ff ff 48 89 05 5e 33 01 00 eb
0x000000007110b5bb:   c5 0f 1f 40 00 55 57 56 53 48 83 ec 28 48 8b 05
0x000000007110b5cb:   39 33 01 00 48 89 cb 48 85 c0 0f 84 c5 00 00 00
0x000000007110b5db:   8b 38 85 ff 0f 88 ab 00 00 00 48 8b 05 1c 33 01
0x000000007110b5eb:   00 48 85 c0 0f 84 bc 00 00 00 8b 30 85 f6 74 57
0x000000007110b5fb:   48 8b 05 0e 33 01 00 48 85 c0 0f 84 e5 00 00 00
0x000000007110b60b:   8b 28 48 8b 35 10 5e 01 00 ff d6 89 c7 89 e9 ff
0x000000007110b61b:   15 f4 5e 01 00 89 f9 48 89 c5 ff 15 b9 5e 01 00
0x000000007110b62b:   48 8b 05 de 32 01 00 48 89 2b 48 85 c0 74 46 48
0x000000007110b63b:   89 da 8b 08 ff 15 d7 5e 01 00 85 c0 74 27 48 83
0x000000007110b64b:   c4 28 5b 5e 5f 5d c3 48 8b 05 bf 32 01 00 48 85
0x000000007110b65b:   c0 74 64 48 8b 10 48 89 13 48 89 18 48 83 c4 28
0x000000007110b66b:   5b 5e 5f 5d c3 48 89 f2 48 83 c4 28 5b 5e 5f 5d
0x000000007110b67b:   48 ff e2 66 90 e8 8b fc ff ff 48 89 05 84 32 01
0x000000007110b68b:   00 eb ac 66 90 e8 ab fd ff ff e9 4b ff ff ff 66
0x000000007110b69b:   0f 1f 44 00 00 e8 db fc ff ff 48 89 05 5c 32 01
0x000000007110b6ab:   00 e9 2a ff ff ff e8 ca fc ff ff 48 89 05 4b 32
0x000000007110b6bb:   01 00 e9 33 ff ff ff e8 29 fc ff ff 48 89 05 4a
0x000000007110b6cb:   32 01 00 48 8b 10 48 85 c0 48 89 13 75 8b e8 12 


Stack slot to memory mapping:
stack at sp + 0 slots: 0x00000244a0856fd0 points into unknown readable memory: 80 19 55 fb 44 02 00 00
stack at sp + 1 slots: 0x00000018e77ffb91 is an unknown value
stack at sp + 2 slots: 0x000000007110b230 jSSC-2.8_x86_64.dll
stack at sp + 3 slots: 0x00000244a0854830 points into unknown readable memory: d0 6f 85 a0 44 02 00 00
stack at sp + 4 slots: 0x00000061085feca0 is pointing into the stack for thread: 0x00000244a01e2800
stack at sp + 5 slots: 0x0000000000000004 is an unknown value
stack at sp + 6 slots: 0x00000244a01e2b10 points into unknown readable memory: a0 1a 39 8f fd 7f 00 00
stack at sp + 7 slots: 0x0000000000000608 is an unknown value


---------------  P R O C E S S  ---------------

Threads class SMR info:
_java_thread_list=0x00000244a01d16e0, length=16, elements={
0x000002449f745000, 0x000002449f746800, 0x000002449f763000, 0x000002449f764000,
0x000002449f765800, 0x000002449f76a000, 0x000002449f771800, 0x000002449f776800,
0x00000244a01db800, 0x00000244a01e0000, 0x00000244a01e1000, 0x00000244a01e5000,
0x00000244a01e2000, 0x00000244a01e2800, 0x00000244a01df800, 0x00000244a01e3800
}

Java Threads: ( => current thread )
  0x000002449f745000 JavaThread "Reference Handler" daemon [_thread_blocked, id=8120, stack(0x0000006107700000,0x0000006107800000)]
  0x000002449f746800 JavaThread "Finalizer" daemon [_thread_blocked, id=11308, stack(0x0000006107800000,0x0000006107900000)]
  0x000002449f763000 JavaThread "Signal Dispatcher" daemon [_thread_blocked, id=12460, stack(0x0000006107900000,0x0000006107a00000)]
  0x000002449f764000 JavaThread "Attach Listener" daemon [_thread_blocked, id=15368, stack(0x0000006107a00000,0x0000006107b00000)]
  0x000002449f765800 JavaThread "Service Thread" daemon [_thread_blocked, id=4360, stack(0x0000006107b00000,0x0000006107c00000)]
  0x000002449f76a000 JavaThread "C2 CompilerThread0" daemon [_thread_blocked, id=1556, stack(0x0000006107c00000,0x0000006107d00000)]
  0x000002449f771800 JavaThread "C1 CompilerThread0" daemon [_thread_blocked, id=10020, stack(0x0000006107d00000,0x0000006107e00000)]
  0x000002449f776800 JavaThread "Sweeper thread" daemon [_thread_blocked, id=10076, stack(0x0000006107e00000,0x0000006107f00000)]
  0x00000244a01db800 JavaThread "Notification Thread" daemon [_thread_blocked, id=13748, stack(0x0000006107f00000,0x0000006108000000)]
  0x00000244a01e0000 JavaThread "Common-Cleaner" daemon [_thread_blocked, id=3720, stack(0x0000006108100000,0x0000006108200000)]
  0x00000244a01e1000 JavaThread "Java2D Disposer" daemon [_thread_blocked, id=10544, stack(0x0000006108200000,0x0000006108300000)]
  0x00000244a01e5000 JavaThread "AWT-Shutdown" [_thread_blocked, id=1976, stack(0x0000006108300000,0x0000006108400000)]
  0x00000244a01e2000 JavaThread "AWT-Windows" daemon [_thread_in_native, id=6632, stack(0x0000006108400000,0x0000006108500000)]
=>0x00000244a01e2800 JavaThread "AWT-EventQueue-0" [_thread_in_native, id=16216, stack(0x0000006108500000,0x0000006108600000)]
  0x00000244a01df800 JavaThread "DestroyJavaVM" [_thread_blocked, id=1164, stack(0x0000006107000000,0x0000006107100000)]
  0x00000244a01e3800 JavaThread "Timer-0" [_thread_blocked, id=4792, stack(0x0000006108600000,0x0000006108700000)]

Other Threads:
  0x000002449f740800 VMThread "VM Thread" [stack: 0x0000006107600000,0x0000006107700000] [id=6276]
  0x00000244a01da800 WatcherThread [stack: 0x0000006108000000,0x0000006108100000] [id=8492]
  0x00000244fb762800 GCTaskThread "GC Thread#0" [stack: 0x0000006107100000,0x0000006107200000] [id=11832]
  0x00000244fb774800 ConcurrentGCThread "G1 Main Marker" [stack: 0x0000006107200000,0x0000006107300000] [id=13556]
  0x00000244fb776800 ConcurrentGCThread "G1 Conc#0" [stack: 0x0000006107300000,0x0000006107400000] [id=14428]
  0x000002449f5b7800 ConcurrentGCThread "G1 Refine#0" [stack: 0x0000006107400000,0x0000006107500000] [id=8348]
  0x00000244fb7ee000 ConcurrentGCThread "G1 Young RemSet Sampling" [stack: 0x0000006107500000,0x0000006107600000] [id=9908]

Threads with active compile tasks:

VM state:not at safepoint (normal execution)

VM Mutex/Monitor currently owned by a thread: None

Heap address: 0x0000000081c00000, size: 2020 MB, Compressed Oops mode: 32-bit
Narrow klass base: 0x0000000800000000, Narrow klass shift: 3
Compressed class space size: 1073741824 Address: 0x0000000800b30000

Heap:
 garbage-first heap   total 131072K, used 9216K [0x0000000081c00000, 0x0000000100000000)
  region size 1024K, 10 young (10240K), 0 survivors (0K)
 Metaspace       used 6847K, capacity 7155K, committed 7424K, reserved 1056768K
  class space    used 770K, capacity 908K, committed 1024K, reserved 1048576K
Heap Regions: E=young(eden), S=young(survivor), O=old, HS=humongous(starts), HC=humongous(continues), CS=collection set, F=free, OA=open archive, CA=closed archive, TAMS=top-at-mark-start (previous, next)
|   0|0x0000000081c00000, 0x0000000081c00000, 0x0000000081d00000|  0%| F|  |TAMS 0x0000000081c00000, 0x0000000081c00000| Untracked 
|   1|0x0000000081d00000, 0x0000000081d00000, 0x0000000081e00000|  0%| F|  |TAMS 0x0000000081d00000, 0x0000000081d00000| Untracked 
|   2|0x0000000081e00000, 0x0000000081e00000, 0x0000000081f00000|  0%| F|  |TAMS 0x0000000081e00000, 0x0000000081e00000| Untracked 
|   3|0x0000000081f00000, 0x0000000081f00000, 0x0000000082000000|  0%| F|  |TAMS 0x0000000081f00000, 0x0000000081f00000| Untracked 
|   4|0x0000000082000000, 0x0000000082000000, 0x0000000082100000|  0%| F|  |TAMS 0x0000000082000000, 0x0000000082000000| Untracked 
|   5|0x0000000082100000, 0x0000000082100000, 0x0000000082200000|  0%| F|  |TAMS 0x0000000082100000, 0x0000000082100000| Untracked 
|   6|0x0000000082200000, 0x0000000082200000, 0x0000000082300000|  0%| F|  |TAMS 0x0000000082200000, 0x0000000082200000| Untracked 
|   7|0x0000000082300000, 0x0000000082300000, 0x0000000082400000|  0%| F|  |TAMS 0x0000000082300000, 0x0000000082300000| Untracked 
|   8|0x0000000082400000, 0x0000000082400000, 0x0000000082500000|  0%| F|  |TAMS 0x0000000082400000, 0x0000000082400000| Untracked 
|   9|0x0000000082500000, 0x0000000082500000, 0x0000000082600000|  0%| F|  |TAMS 0x0000000082500000, 0x0000000082500000| Untracked 
|  10|0x0000000082600000, 0x0000000082600000, 0x0000000082700000|  0%| F|  |TAMS 0x0000000082600000, 0x0000000082600000| Untracked 
|  11|0x0000000082700000, 0x0000000082700000, 0x0000000082800000|  0%| F|  |TAMS 0x0000000082700000, 0x0000000082700000| Untracked 
|  12|0x0000000082800000, 0x0000000082800000, 0x0000000082900000|  0%| F|  |TAMS 0x0000000082800000, 0x0000000082800000| Untracked 
|  13|0x0000000082900000, 0x0000000082900000, 0x0000000082a00000|  0%| F|  |TAMS 0x0000000082900000, 0x0000000082900000| Untracked 
|  14|0x0000000082a00000, 0x0000000082a00000, 0x0000000082b00000|  0%| F|  |TAMS 0x0000000082a00000, 0x0000000082a00000| Untracked 
|  15|0x0000000082b00000, 0x0000000082b00000, 0x0000000082c00000|  0%| F|  |TAMS 0x0000000082b00000, 0x0000000082b00000| Untracked 
|  16|0x0000000082c00000, 0x0000000082c00000, 0x0000000082d00000|  0%| F|  |TAMS 0x0000000082c00000, 0x0000000082c00000| Untracked 
|  17|0x0000000082d00000, 0x0000000082d00000, 0x0000000082e00000|  0%| F|  |TAMS 0x0000000082d00000, 0x0000000082d00000| Untracked 
|  18|0x0000000082e00000, 0x0000000082e00000, 0x0000000082f00000|  0%| F|  |TAMS 0x0000000082e00000, 0x0000000082e00000| Untracked 
|  19|0x0000000082f00000, 0x0000000082f00000, 0x0000000083000000|  0%| F|  |TAMS 0x0000000082f00000, 0x0000000082f00000| Untracked 
|  20|0x0000000083000000, 0x0000000083000000, 0x0000000083100000|  0%| F|  |TAMS 0x0000000083000000, 0x0000000083000000| Untracked 
|  21|0x0000000083100000, 0x0000000083100000, 0x0000000083200000|  0%| F|  |TAMS 0x0000000083100000, 0x0000000083100000| Untracked 
|  22|0x0000000083200000, 0x0000000083200000, 0x0000000083300000|  0%| F|  |TAMS 0x0000000083200000, 0x0000000083200000| Untracked 
|  23|0x0000000083300000, 0x0000000083300000, 0x0000000083400000|  0%| F|  |TAMS 0x0000000083300000, 0x0000000083300000| Untracked 
|  24|0x0000000083400000, 0x0000000083400000, 0x0000000083500000|  0%| F|  |TAMS 0x0000000083400000, 0x0000000083400000| Untracked 
|  25|0x0000000083500000, 0x0000000083500000, 0x0000000083600000|  0%| F|  |TAMS 0x0000000083500000, 0x0000000083500000| Untracked 
|  26|0x0000000083600000, 0x0000000083600000, 0x0000000083700000|  0%| F|  |TAMS 0x0000000083600000, 0x0000000083600000| Untracked 
|  27|0x0000000083700000, 0x0000000083700000, 0x0000000083800000|  0%| F|  |TAMS 0x0000000083700000, 0x0000000083700000| Untracked 
|  28|0x0000000083800000, 0x0000000083800000, 0x0000000083900000|  0%| F|  |TAMS 0x0000000083800000, 0x0000000083800000| Untracked 
|  29|0x0000000083900000, 0x0000000083900000, 0x0000000083a00000|  0%| F|  |TAMS 0x0000000083900000, 0x0000000083900000| Untracked 
|  30|0x0000000083a00000, 0x0000000083a00000, 0x0000000083b00000|  0%| F|  |TAMS 0x0000000083a00000, 0x0000000083a00000| Untracked 
|  31|0x0000000083b00000, 0x0000000083b00000, 0x0000000083c00000|  0%| F|  |TAMS 0x0000000083b00000, 0x0000000083b00000| Untracked 
|  32|0x0000000083c00000, 0x0000000083c00000, 0x0000000083d00000|  0%| F|  |TAMS 0x0000000083c00000, 0x0000000083c00000| Untracked 
|  33|0x0000000083d00000, 0x0000000083d00000, 0x0000000083e00000|  0%| F|  |TAMS 0x0000000083d00000, 0x0000000083d00000| Untracked 
|  34|0x0000000083e00000, 0x0000000083e00000, 0x0000000083f00000|  0%| F|  |TAMS 0x0000000083e00000, 0x0000000083e00000| Untracked 
|  35|0x0000000083f00000, 0x0000000083f00000, 0x0000000084000000|  0%| F|  |TAMS 0x0000000083f00000, 0x0000000083f00000| Untracked 
|  36|0x0000000084000000, 0x0000000084000000, 0x0000000084100000|  0%| F|  |TAMS 0x0000000084000000, 0x0000000084000000| Untracked 
|  37|0x0000000084100000, 0x0000000084100000, 0x0000000084200000|  0%| F|  |TAMS 0x0000000084100000, 0x0000000084100000| Untracked 
|  38|0x0000000084200000, 0x0000000084200000, 0x0000000084300000|  0%| F|  |TAMS 0x0000000084200000, 0x0000000084200000| Untracked 
|  39|0x0000000084300000, 0x0000000084300000, 0x0000000084400000|  0%| F|  |TAMS 0x0000000084300000, 0x0000000084300000| Untracked 
|  40|0x0000000084400000, 0x0000000084400000, 0x0000000084500000|  0%| F|  |TAMS 0x0000000084400000, 0x0000000084400000| Untracked 
|  41|0x0000000084500000, 0x0000000084500000, 0x0000000084600000|  0%| F|  |TAMS 0x0000000084500000, 0x0000000084500000| Untracked 
|  42|0x0000000084600000, 0x0000000084600000, 0x0000000084700000|  0%| F|  |TAMS 0x0000000084600000, 0x0000000084600000| Untracked 
|  43|0x0000000084700000, 0x0000000084700000, 0x0000000084800000|  0%| F|  |TAMS 0x0000000084700000, 0x0000000084700000| Untracked 
|  44|0x0000000084800000, 0x0000000084800000, 0x0000000084900000|  0%| F|  |TAMS 0x0000000084800000, 0x0000000084800000| Untracked 
|  45|0x0000000084900000, 0x0000000084900000, 0x0000000084a00000|  0%| F|  |TAMS 0x0000000084900000, 0x0000000084900000| Untracked 
|  46|0x0000000084a00000, 0x0000000084a00000, 0x0000000084b00000|  0%| F|  |TAMS 0x0000000084a00000, 0x0000000084a00000| Untracked 
|  47|0x0000000084b00000, 0x0000000084b00000, 0x0000000084c00000|  0%| F|  |TAMS 0x0000000084b00000, 0x0000000084b00000| Untracked 
|  48|0x0000000084c00000, 0x0000000084c00000, 0x0000000084d00000|  0%| F|  |TAMS 0x0000000084c00000, 0x0000000084c00000| Untracked 
|  49|0x0000000084d00000, 0x0000000084d00000, 0x0000000084e00000|  0%| F|  |TAMS 0x0000000084d00000, 0x0000000084d00000| Untracked 
|  50|0x0000000084e00000, 0x0000000084e00000, 0x0000000084f00000|  0%| F|  |TAMS 0x0000000084e00000, 0x0000000084e00000| Untracked 
|  51|0x0000000084f00000, 0x0000000084f00000, 0x0000000085000000|  0%| F|  |TAMS 0x0000000084f00000, 0x0000000084f00000| Untracked 
|  52|0x0000000085000000, 0x0000000085000000, 0x0000000085100000|  0%| F|  |TAMS 0x0000000085000000, 0x0000000085000000| Untracked 
|  53|0x0000000085100000, 0x0000000085100000, 0x0000000085200000|  0%| F|  |TAMS 0x0000000085100000, 0x0000000085100000| Untracked 
|  54|0x0000000085200000, 0x0000000085200000, 0x0000000085300000|  0%| F|  |TAMS 0x0000000085200000, 0x0000000085200000| Untracked 
|  55|0x0000000085300000, 0x0000000085300000, 0x0000000085400000|  0%| F|  |TAMS 0x0000000085300000, 0x0000000085300000| Untracked 
|  56|0x0000000085400000, 0x0000000085400000, 0x0000000085500000|  0%| F|  |TAMS 0x0000000085400000, 0x0000000085400000| Untracked 
|  57|0x0000000085500000, 0x0000000085500000, 0x0000000085600000|  0%| F|  |TAMS 0x0000000085500000, 0x0000000085500000| Untracked 
|  58|0x0000000085600000, 0x0000000085600000, 0x0000000085700000|  0%| F|  |TAMS 0x0000000085600000, 0x0000000085600000| Untracked 
|  59|0x0000000085700000, 0x0000000085700000, 0x0000000085800000|  0%| F|  |TAMS 0x0000000085700000, 0x0000000085700000| Untracked 
|  60|0x0000000085800000, 0x0000000085800000, 0x0000000085900000|  0%| F|  |TAMS 0x0000000085800000, 0x0000000085800000| Untracked 
|  61|0x0000000085900000, 0x0000000085900000, 0x0000000085a00000|  0%| F|  |TAMS 0x0000000085900000, 0x0000000085900000| Untracked 
|  62|0x0000000085a00000, 0x0000000085a00000, 0x0000000085b00000|  0%| F|  |TAMS 0x0000000085a00000, 0x0000000085a00000| Untracked 
|  63|0x0000000085b00000, 0x0000000085b00000, 0x0000000085c00000|  0%| F|  |TAMS 0x0000000085b00000, 0x0000000085b00000| Untracked 
|  64|0x0000000085c00000, 0x0000000085c00000, 0x0000000085d00000|  0%| F|  |TAMS 0x0000000085c00000, 0x0000000085c00000| Untracked 
|  65|0x0000000085d00000, 0x0000000085d00000, 0x0000000085e00000|  0%| F|  |TAMS 0x0000000085d00000, 0x0000000085d00000| Untracked 
|  66|0x0000000085e00000, 0x0000000085e00000, 0x0000000085f00000|  0%| F|  |TAMS 0x0000000085e00000, 0x0000000085e00000| Untracked 
|  67|0x0000000085f00000, 0x0000000085f00000, 0x0000000086000000|  0%| F|  |TAMS 0x0000000085f00000, 0x0000000085f00000| Untracked 
|  68|0x0000000086000000, 0x0000000086000000, 0x0000000086100000|  0%| F|  |TAMS 0x0000000086000000, 0x0000000086000000| Untracked 
|  69|0x0000000086100000, 0x0000000086100000, 0x0000000086200000|  0%| F|  |TAMS 0x0000000086100000, 0x0000000086100000| Untracked 
|  70|0x0000000086200000, 0x0000000086200000, 0x0000000086300000|  0%| F|  |TAMS 0x0000000086200000, 0x0000000086200000| Untracked 
|  71|0x0000000086300000, 0x0000000086300000, 0x0000000086400000|  0%| F|  |TAMS 0x0000000086300000, 0x0000000086300000| Untracked 
|  72|0x0000000086400000, 0x0000000086400000, 0x0000000086500000|  0%| F|  |TAMS 0x0000000086400000, 0x0000000086400000| Untracked 
|  73|0x0000000086500000, 0x0000000086500000, 0x0000000086600000|  0%| F|  |TAMS 0x0000000086500000, 0x0000000086500000| Untracked 
|  74|0x0000000086600000, 0x0000000086600000, 0x0000000086700000|  0%| F|  |TAMS 0x0000000086600000, 0x0000000086600000| Untracked 
|  75|0x0000000086700000, 0x0000000086700000, 0x0000000086800000|  0%| F|  |TAMS 0x0000000086700000, 0x0000000086700000| Untracked 
|  76|0x0000000086800000, 0x0000000086800000, 0x0000000086900000|  0%| F|  |TAMS 0x0000000086800000, 0x0000000086800000| Untracked 
|  77|0x0000000086900000, 0x0000000086900000, 0x0000000086a00000|  0%| F|  |TAMS 0x0000000086900000, 0x0000000086900000| Untracked 
|  78|0x0000000086a00000, 0x0000000086a00000, 0x0000000086b00000|  0%| F|  |TAMS 0x0000000086a00000, 0x0000000086a00000| Untracked 
|  79|0x0000000086b00000, 0x0000000086b00000, 0x0000000086c00000|  0%| F|  |TAMS 0x0000000086b00000, 0x0000000086b00000| Untracked 
|  80|0x0000000086c00000, 0x0000000086c00000, 0x0000000086d00000|  0%| F|  |TAMS 0x0000000086c00000, 0x0000000086c00000| Untracked 
|  81|0x0000000086d00000, 0x0000000086d00000, 0x0000000086e00000|  0%| F|  |TAMS 0x0000000086d00000, 0x0000000086d00000| Untracked 
|  82|0x0000000086e00000, 0x0000000086e00000, 0x0000000086f00000|  0%| F|  |TAMS 0x0000000086e00000, 0x0000000086e00000| Untracked 
|  83|0x0000000086f00000, 0x0000000086f00000, 0x0000000087000000|  0%| F|  |TAMS 0x0000000086f00000, 0x0000000086f00000| Untracked 
|  84|0x0000000087000000, 0x0000000087000000, 0x0000000087100000|  0%| F|  |TAMS 0x0000000087000000, 0x0000000087000000| Untracked 
|  85|0x0000000087100000, 0x0000000087100000, 0x0000000087200000|  0%| F|  |TAMS 0x0000000087100000, 0x0000000087100000| Untracked 
|  86|0x0000000087200000, 0x0000000087200000, 0x0000000087300000|  0%| F|  |TAMS 0x0000000087200000, 0x0000000087200000| Untracked 
|  87|0x0000000087300000, 0x0000000087300000, 0x0000000087400000|  0%| F|  |TAMS 0x0000000087300000, 0x0000000087300000| Untracked 
|  88|0x0000000087400000, 0x0000000087400000, 0x0000000087500000|  0%| F|  |TAMS 0x0000000087400000, 0x0000000087400000| Untracked 
|  89|0x0000000087500000, 0x0000000087500000, 0x0000000087600000|  0%| F|  |TAMS 0x0000000087500000, 0x0000000087500000| Untracked 
|  90|0x0000000087600000, 0x0000000087600000, 0x0000000087700000|  0%| F|  |TAMS 0x0000000087600000, 0x0000000087600000| Untracked 
|  91|0x0000000087700000, 0x0000000087700000, 0x0000000087800000|  0%| F|  |TAMS 0x0000000087700000, 0x0000000087700000| Untracked 
|  92|0x0000000087800000, 0x0000000087800000, 0x0000000087900000|  0%| F|  |TAMS 0x0000000087800000, 0x0000000087800000| Untracked 
|  93|0x0000000087900000, 0x0000000087900000, 0x0000000087a00000|  0%| F|  |TAMS 0x0000000087900000, 0x0000000087900000| Untracked 
|  94|0x0000000087a00000, 0x0000000087a00000, 0x0000000087b00000|  0%| F|  |TAMS 0x0000000087a00000, 0x0000000087a00000| Untracked 
|  95|0x0000000087b00000, 0x0000000087b00000, 0x0000000087c00000|  0%| F|  |TAMS 0x0000000087b00000, 0x0000000087b00000| Untracked 
|  96|0x0000000087c00000, 0x0000000087c00000, 0x0000000087d00000|  0%| F|  |TAMS 0x0000000087c00000, 0x0000000087c00000| Untracked 
|  97|0x0000000087d00000, 0x0000000087d00000, 0x0000000087e00000|  0%| F|  |TAMS 0x0000000087d00000, 0x0000000087d00000| Untracked 
|  98|0x0000000087e00000, 0x0000000087e00000, 0x0000000087f00000|  0%| F|  |TAMS 0x0000000087e00000, 0x0000000087e00000| Untracked 
|  99|0x0000000087f00000, 0x0000000087f00000, 0x0000000088000000|  0%| F|  |TAMS 0x0000000087f00000, 0x0000000087f00000| Untracked 
| 100|0x0000000088000000, 0x0000000088000000, 0x0000000088100000|  0%| F|  |TAMS 0x0000000088000000, 0x0000000088000000| Untracked 
| 101|0x0000000088100000, 0x0000000088100000, 0x0000000088200000|  0%| F|  |TAMS 0x0000000088100000, 0x0000000088100000| Untracked 
| 102|0x0000000088200000, 0x0000000088200000, 0x0000000088300000|  0%| F|  |TAMS 0x0000000088200000, 0x0000000088200000| Untracked 
| 103|0x0000000088300000, 0x0000000088300000, 0x0000000088400000|  0%| F|  |TAMS 0x0000000088300000, 0x0000000088300000| Untracked 
| 104|0x0000000088400000, 0x0000000088400000, 0x0000000088500000|  0%| F|  |TAMS 0x0000000088400000, 0x0000000088400000| Untracked 
| 105|0x0000000088500000, 0x0000000088500000, 0x0000000088600000|  0%| F|  |TAMS 0x0000000088500000, 0x0000000088500000| Untracked 
| 106|0x0000000088600000, 0x0000000088600000, 0x0000000088700000|  0%| F|  |TAMS 0x0000000088600000, 0x0000000088600000| Untracked 
| 107|0x0000000088700000, 0x0000000088700000, 0x0000000088800000|  0%| F|  |TAMS 0x0000000088700000, 0x0000000088700000| Untracked 
| 108|0x0000000088800000, 0x0000000088800000, 0x0000000088900000|  0%| F|  |TAMS 0x0000000088800000, 0x0000000088800000| Untracked 
| 109|0x0000000088900000, 0x0000000088900000, 0x0000000088a00000|  0%| F|  |TAMS 0x0000000088900000, 0x0000000088900000| Untracked 
| 110|0x0000000088a00000, 0x0000000088a00000, 0x0000000088b00000|  0%| F|  |TAMS 0x0000000088a00000, 0x0000000088a00000| Untracked 
| 111|0x0000000088b00000, 0x0000000088b00000, 0x0000000088c00000|  0%| F|  |TAMS 0x0000000088b00000, 0x0000000088b00000| Untracked 
| 112|0x0000000088c00000, 0x0000000088c00000, 0x0000000088d00000|  0%| F|  |TAMS 0x0000000088c00000, 0x0000000088c00000| Untracked 
| 113|0x0000000088d00000, 0x0000000088d00000, 0x0000000088e00000|  0%| F|  |TAMS 0x0000000088d00000, 0x0000000088d00000| Untracked 
| 114|0x0000000088e00000, 0x0000000088e00000, 0x0000000088f00000|  0%| F|  |TAMS 0x0000000088e00000, 0x0000000088e00000| Untracked 
| 115|0x0000000088f00000, 0x0000000088f00000, 0x0000000089000000|  0%| F|  |TAMS 0x0000000088f00000, 0x0000000088f00000| Untracked 
| 116|0x0000000089000000, 0x0000000089000000, 0x0000000089100000|  0%| F|  |TAMS 0x0000000089000000, 0x0000000089000000| Untracked 
| 117|0x0000000089100000, 0x0000000089100000, 0x0000000089200000|  0%| F|  |TAMS 0x0000000089100000, 0x0000000089100000| Untracked 
| 118|0x0000000089200000, 0x0000000089277668, 0x0000000089300000| 46%| E|  |TAMS 0x0000000089200000, 0x0000000089200000| Complete 
| 119|0x0000000089300000, 0x0000000089400000, 0x0000000089400000|100%| E|CS|TAMS 0x0000000089300000, 0x0000000089300000| Complete 
| 120|0x0000000089400000, 0x0000000089500000, 0x0000000089500000|100%| E|CS|TAMS 0x0000000089400000, 0x0000000089400000| Complete 
| 121|0x0000000089500000, 0x0000000089600000, 0x0000000089600000|100%| E|CS|TAMS 0x0000000089500000, 0x0000000089500000| Complete 
| 122|0x0000000089600000, 0x0000000089700000, 0x0000000089700000|100%| E|CS|TAMS 0x0000000089600000, 0x0000000089600000| Complete 
| 123|0x0000000089700000, 0x0000000089800000, 0x0000000089800000|100%| E|CS|TAMS 0x0000000089700000, 0x0000000089700000| Complete 
| 124|0x0000000089800000, 0x0000000089900000, 0x0000000089900000|100%| E|CS|TAMS 0x0000000089800000, 0x0000000089800000| Complete 
| 125|0x0000000089900000, 0x0000000089a00000, 0x0000000089a00000|100%| E|CS|TAMS 0x0000000089900000, 0x0000000089900000| Complete 
| 126|0x0000000089a00000, 0x0000000089b00000, 0x0000000089b00000|100%| E|CS|TAMS 0x0000000089a00000, 0x0000000089a00000| Complete 
| 127|0x0000000089b00000, 0x0000000089c00000, 0x0000000089c00000|100%| E|CS|TAMS 0x0000000089b00000, 0x0000000089b00000| Complete 

Card table byte_map: [0x0000024498560000,0x0000024498960000] _byte_map_base: 0x0000024498152000

Marking Bits (Prev, Next): (CMBitMap*) 0x00000244fb764338, (CMBitMap*) 0x00000244fb764378
 Prev Bits: [0x0000024498d60000, 0x000002449acf0000)
 Next Bits: [0x000002449acf0000, 0x000002449cc80000)

Polling page: 0x0000024480000000

Metaspace:

Usage:
  Non-class:      6.10 MB capacity,     5.93 MB ( 97%) used,   151.27 KB (  2%) free+waste,    18.63 KB ( <1%) overhead. 
      Class:    908.00 KB capacity,   770.16 KB ( 85%) used,   124.96 KB ( 14%) free+waste,    12.88 KB (  1%) overhead. 
       Both:      6.99 MB capacity,     6.69 MB ( 96%) used,   276.23 KB (  4%) free+waste,    31.50 KB ( <1%) overhead. 

Virtual space:
  Non-class space:        8.00 MB reserved,       6.25 MB ( 78%) committed 
      Class space:        1.00 GB reserved,       1.00 MB ( <1%) committed 
             Both:        1.01 GB reserved,       7.25 MB ( <1%) committed 

Chunk freelists:
   Non-Class:  25.00 KB
       Class:  20.00 KB
        Both:  45.00 KB

MaxMetaspaceSize: 17179869184.00 GB
CompressedClassSpaceSize: 1.00 GB

CodeHeap 'non-profiled nmethods': size=120000Kb used=230Kb max_used=230Kb free=119769Kb
 bounds [0x00000244901c0000, 0x0000024490430000, 0x00000244976f0000]
CodeHeap 'profiled nmethods': size=120000Kb used=1287Kb max_used=1287Kb free=118712Kb
 bounds [0x0000024488c90000, 0x0000024488f00000, 0x00000244901c0000]
CodeHeap 'non-nmethods': size=5760Kb used=1253Kb max_used=1274Kb free=4506Kb
 bounds [0x00000244886f0000, 0x0000024488960000, 0x0000024488c90000]
 total_blobs=1675 nmethods=752 adapters=444
 compilation: enabled
              stopped_count=0, restarted_count=0
 full_count=0

Compilation events (20 events):
Event: 0.251 Thread 0x000002449f771800 nmethod 738 0x0000024488dccb10 code [0x0000024488dccce0, 0x0000024488dcd038]
Event: 0.252 Thread 0x000002449f76a000 nmethod 737 0x00000244901f8390 code [0x00000244901f8540, 0x00000244901f8798]
Event: 0.354 Thread 0x000002449f771800  740       3       java.security.CodeSource::getCertificates (98 bytes)
Event: 0.356 Thread 0x000002449f771800 nmethod 740 0x0000024488dcd190 code [0x0000024488dcd400, 0x0000024488dce058]
Event: 0.358 Thread 0x000002449f771800  741       3       java.io.RandomAccessFile::read (8 bytes)
Event: 0.359 Thread 0x000002449f771800 nmethod 741 0x0000024488dce390 code [0x0000024488dce540, 0x0000024488dce688]
Event: 0.364 Thread 0x000002449f771800  744       3       jdk.internal.loader.ClassLoaders$BootClassLoader::loadClassOrNull (11 bytes)
Event: 0.364 Thread 0x000002449f771800 nmethod 744 0x0000024488dce790 code [0x0000024488dce960, 0x0000024488dcecb8]
Event: 0.364 Thread 0x000002449f771800  745       3       java.lang.System$2::findBootstrapClassOrNull (6 bytes)
Event: 0.365 Thread 0x000002449f771800 nmethod 745 0x0000024488dcee10 code [0x0000024488dcefc0, 0x0000024488dcf298]
Event: 0.366 Thread 0x000002449f771800  746       3       java.lang.ClassLoader::loadClass (7 bytes)
Event: 0.366 Thread 0x000002449f771800 nmethod 746 0x0000024488dcf390 code [0x0000024488dcf540, 0x0000024488dcf728]
Event: 0.366 Thread 0x000002449f771800  747       3       jdk.internal.loader.BuiltinClassLoader::loadClass (22 bytes)
Event: 0.367 Thread 0x000002449f771800 nmethod 747 0x0000024488dcf810 code [0x0000024488dcf9c0, 0x0000024488dcfcb8]
Event: 0.367 Thread 0x000002449f771800  748   !   3       java.util.zip.InflaterInputStream::read (138 bytes)
Event: 0.369 Thread 0x000002449f771800 nmethod 748 0x0000024488dcfd90 code [0x0000024488dd0040, 0x0000024488dd0f38]
Event: 0.369 Thread 0x000002449f771800  749       3       java.util.zip.InflaterInputStream::ensureOpen (18 bytes)
Event: 0.369 Thread 0x000002449f771800 nmethod 749 0x0000024488dd1510 code [0x0000024488dd16c0, 0x0000024488dd18e8]
Event: 0.483 Thread 0x000002449f771800  750       3       java.io.RandomAccessFile::seek (22 bytes)
Event: 0.483 Thread 0x000002449f771800 nmethod 750 0x0000024488dd1990 code [0x0000024488dd1b40, 0x0000024488dd1d98]

GC Heap History (0 events):
No events

Deoptimization events (16 events):
Event: 0.063 Thread 0x00000244fb71e000 Uncommon trap: trap_request=0xffffff45 fr.pc=0x00000244901c3fac relative=0x000000000000024c
Event: 0.063 Thread 0x00000244fb71e000 Uncommon trap: reason=unstable_if action=reinterpret pc=0x00000244901c3fac method=java.lang.String.hashCode()I @ 13 c2
Event: 0.063 Thread 0x00000244fb71e000 DEOPT PACKING pc=0x00000244901c3fac sp=0x00000061070fda00
Event: 0.063 Thread 0x00000244fb71e000 DEOPT UNPACKING pc=0x000002448873912f sp=0x00000061070fd998 mode 2
Event: 0.177 Thread 0x00000244a01e2800 Uncommon trap: trap_request=0xffffff45 fr.pc=0x00000244901e5710 relative=0x0000000000000070
Event: 0.177 Thread 0x00000244a01e2800 Uncommon trap: reason=unstable_if action=reinterpret pc=0x00000244901e5710 method=java.nio.Buffer.hasRemaining()Z @ 8 c2
Event: 0.177 Thread 0x00000244a01e2800 DEOPT PACKING pc=0x00000244901e5710 sp=0x00000061085fe220
Event: 0.177 Thread 0x00000244a01e2800 DEOPT UNPACKING pc=0x000002448873912f sp=0x00000061085fe1b8 mode 2
Event: 0.249 Thread 0x00000244a01e2800 Uncommon trap: trap_request=0xffffffc6 fr.pc=0x00000244901ed98c relative=0x000000000000028c
Event: 0.249 Thread 0x00000244a01e2800 Uncommon trap: reason=bimorphic_or_optimized_type_check action=maybe_recompile pc=0x00000244901ed98c method=java.util.HashMap.getNode(ILjava/lang/Object;)Ljava/util/HashMap$Node; @ 126 c2
Event: 0.249 Thread 0x00000244a01e2800 DEOPT PACKING pc=0x00000244901ed98c sp=0x00000061085fe500
Event: 0.249 Thread 0x00000244a01e2800 DEOPT UNPACKING pc=0x000002448873912f sp=0x00000061085fe468 mode 2
Event: 0.376 Thread 0x00000244a01e2800 Uncommon trap: trap_request=0xffffffc6 fr.pc=0x00000244901ed98c relative=0x000000000000028c
Event: 0.376 Thread 0x00000244a01e2800 Uncommon trap: reason=bimorphic_or_optimized_type_check action=maybe_recompile pc=0x00000244901ed98c method=java.util.HashMap.getNode(ILjava/lang/Object;)Ljava/util/HashMap$Node; @ 126 c2
Event: 0.376 Thread 0x00000244a01e2800 DEOPT PACKING pc=0x00000244901ed98c sp=0x00000061085fe500
Event: 0.376 Thread 0x00000244a01e2800 DEOPT UNPACKING pc=0x000002448873912f sp=0x00000061085fe468 mode 2

Classes unloaded (0 events):
No events

Classes redefined (0 events):
No events

Internal exceptions (10 events):
Event: 0.063 Thread 0x00000244fb71e000 Exception <a 'java/lang/ClassNotFoundException'{0x0000000089aed080}: sun/awt/resources/spi/awtProvider> (0x0000000089aed080) 
thrown [./open/src/hotspot/share/classfile/systemDictionary.cpp, line 226]
Event: 0.080 Thread 0x00000244fb71e000 Exception <a 'java/io/FileNotFoundException'{0x0000000089943980}> (0x0000000089943980) 
thrown [./open/src/hotspot/share/prims/jni.cpp, line 599]
Event: 0.084 Thread 0x00000244fb71e000 Exception <a 'java/io/FileNotFoundException'{0x0000000089969cd8}> (0x0000000089969cd8) 
thrown [./open/src/hotspot/share/prims/jni.cpp, line 599]
Event: 0.111 Thread 0x00000244a01e2000 Exception <a 'java/lang/NoSuchMethodError'{0x00000000899f1030}: 'void java.lang.invoke.DirectMethodHandle$Holder.invokeSpecial(java.lang.Object, java.lang.Object)'> (0x00000000899f1030) 
thrown [./open/src/hotspot/share/interpreter/linkResolver.cpp, line 766]
Event: 0.139 Thread 0x00000244a01e2800 Exception <a 'java/lang/NoSuchMethodError'{0x00000000898e5dd0}: 'java.lang.Object java.lang.invoke.DirectMethodHandle$Holder.invokeStatic(java.lang.Object, int, java.lang.Object, java.lang.Object, java.lang.Object, java.lang.Object)'> (0x00000000898e5dd0) 
thrown [./open/src/hotspot/share/interpreter/linkResolver.cpp, line 766]
Event: 0.139 Thread 0x00000244a01e2800 Exception <a 'java/lang/NoSuchMethodError'{0x00000000898ec990}: 'java.lang.Object java.lang.invoke.DirectMethodHandle$Holder.invokeStatic(java.lang.Object, int, java.lang.Object, java.lang.Object, java.lang.Object)'> (0x00000000898ec990) 
thrown [./open/src/hotspot/share/interpreter/linkResolver.cpp, line 766]
Event: 0.140 Thread 0x00000244a01e2800 Exception <a 'java/lang/NoSuchMethodError'{0x00000000898f01e0}: 'java.lang.Object java.lang.invoke.DirectMethodHandle$Holder.invokeSpecial(java.lang.Object, java.lang.Object, int, java.lang.Object, java.lang.Object, java.lang.Object)'> (0x00000000898f01e0) 
thrown [./open/src/hotspot/share/interpreter/linkResolver.cpp, line 766]
Event: 0.141 Thread 0x00000244a01e2800 Exception <a 'java/lang/NoSuchMethodError'{0x0000000089706ad8}: 'java.lang.Object java.lang.invoke.DirectMethodHandle$Holder.invokeStatic(java.lang.Object, int, java.lang.Object)'> (0x0000000089706ad8) 
thrown [./open/src/hotspot/share/interpreter/linkResolver.cpp, line 766]
Event: 0.154 Thread 0x00000244a01e2800 Exception <a 'java/lang/ClassNotFoundException'{0x00000000897aa1a0}: com/sun/swing/internal/plaf/metal/resources/spi/metalProvider> (0x00000000897aa1a0) 
thrown [./open/src/hotspot/share/classfile/systemDictionary.cpp, line 226]
Event: 0.155 Thread 0x00000244a01e2800 Exception <a 'java/lang/ClassNotFoundException'{0x00000000897adfa8}: com/sun/swing/internal/plaf/basic/resources/spi/basicProvider> (0x00000000897adfa8) 
thrown [./open/src/hotspot/share/classfile/systemDictionary.cpp, line 226]

Events (20 events):
Event: 0.250 loading class java/nio/DirectByteBuffer$Deallocator done
Event: 0.251 loading class sun/nio/ch/IOStatus
Event: 0.251 loading class sun/nio/ch/IOStatus done
Event: 0.354 Thread 0x00000244a0a0d800 Thread exited: 0x00000244a0a0d800
Event: 0.366 Executing VM operation: HandshakeOneThread
Event: 0.366 Executing VM operation: HandshakeOneThread done
Event: 0.367 Executing VM operation: HandshakeOneThread
Event: 0.367 Executing VM operation: HandshakeOneThread done
Event: 0.367 Executing VM operation: HandshakeOneThread
Event: 0.367 Executing VM operation: HandshakeOneThread done
Event: 0.367 Executing VM operation: HandshakeOneThread
Event: 0.367 Executing VM operation: HandshakeOneThread done
Event: 0.369 Loaded shared library C:\Program Files\Java\jdk-14.0.1\bin\verify.dll
Event: 0.373 Loaded shared library C:\Users\dhove\.jssc\windows\jSSC-2.8_x86_64.dll
Event: 0.374 loading class java/util/TreeSet
Event: 0.375 loading class java/util/TreeSet done
Event: 0.375 loading class java/util/TreeMap$KeySet
Event: 0.375 loading class java/util/TreeMap$KeySet done
Event: 0.375 loading class java/util/TreeMap$KeyIterator
Event: 0.375 loading class java/util/TreeMap$KeyIterator done


Dynamic libraries:
0x00007ff7e7b40000 - 0x00007ff7e7b4f000 	C:\Program Files\Java\jdk-14.0.1\bin\javaw.exe
0x00007ffde77c0000 - 0x00007ffde79b0000 	C:\Windows\SYSTEM32\ntdll.dll
0x00007ffde69e0000 - 0x00007ffde6a92000 	C:\Windows\System32\KERNEL32.DLL
0x00007ffde52d0000 - 0x00007ffde5573000 	C:\Windows\System32\KERNELBASE.dll
0x00007ffde5150000 - 0x00007ffde524a000 	C:\Windows\System32\ucrtbase.dll
0x00007ffdcd1e0000 - 0x00007ffdcd1f5000 	C:\Program Files\Java\jdk-14.0.1\bin\VCRUNTIME140.dll
0x00007ffdca0d0000 - 0x00007ffdca0e8000 	C:\Program Files\Java\jdk-14.0.1\bin\jli.dll
0x00007ffde6df0000 - 0x00007ffde6e93000 	C:\Windows\System32\ADVAPI32.dll
0x00007ffde6940000 - 0x00007ffde69de000 	C:\Windows\System32\msvcrt.dll
0x00007ffde67f0000 - 0x00007ffde6887000 	C:\Windows\System32\sechost.dll
0x00007ffde7660000 - 0x00007ffde7780000 	C:\Windows\System32\RPCRT4.dll
0x00007ffde74b0000 - 0x00007ffde7644000 	C:\Windows\System32\USER32.dll
0x00007ffdd4f40000 - 0x00007ffdd51c5000 	C:\Windows\WinSxS\amd64_microsoft.windows.common-controls_6595b64144ccf1df_6.0.18362.778_none_e6c6b761130d4fb8\COMCTL32.dll
0x00007ffde4750000 - 0x00007ffde4771000 	C:\Windows\System32\win32u.dll
0x00007ffde6eb0000 - 0x00007ffde6ed6000 	C:\Windows\System32\GDI32.dll
0x00007ffde62c0000 - 0x00007ffde65f6000 	C:\Windows\System32\combase.dll
0x00007ffde5580000 - 0x00007ffde5714000 	C:\Windows\System32\gdi32full.dll
0x00007ffde5250000 - 0x00007ffde52d0000 	C:\Windows\System32\bcryptPrimitives.dll
0x00007ffde50b0000 - 0x00007ffde514e000 	C:\Windows\System32\msvcp_win.dll
0x00007ffddbbf0000 - 0x00007ffddbbfa000 	C:\Windows\SYSTEM32\VERSION.dll
0x00007ffde6740000 - 0x00007ffde676e000 	C:\Windows\System32\IMM32.DLL
0x00007ffdc7eb0000 - 0x00007ffdc7f4b000 	C:\Program Files\Java\jdk-14.0.1\bin\msvcp140.dll
0x00007ffd8e9d0000 - 0x00007ffd8f4ee000 	C:\Program Files\Java\jdk-14.0.1\bin\server\jvm.dll
0x00007ffde7650000 - 0x00007ffde7658000 	C:\Windows\System32\PSAPI.DLL
0x00007ffdbf5b0000 - 0x00007ffdbf5b9000 	C:\Windows\SYSTEM32\WSOCK32.dll
0x00007ffde1a70000 - 0x00007ffde1a94000 	C:\Windows\SYSTEM32\WINMM.dll
0x00007ffde6cb0000 - 0x00007ffde6d1f000 	C:\Windows\System32\WS2_32.dll
0x00007ffde1860000 - 0x00007ffde188d000 	C:\Windows\SYSTEM32\winmmbase.dll
0x00007ffde4780000 - 0x00007ffde47ca000 	C:\Windows\System32\cfgmgr32.dll
0x00007ffde4710000 - 0x00007ffde4721000 	C:\Windows\System32\kernel.appcore.dll
0x00007ffdd2ef0000 - 0x00007ffdd2efa000 	C:\Program Files\Java\jdk-14.0.1\bin\jimage.dll
0x00007ffde2fc0000 - 0x00007ffde31b4000 	C:\Windows\SYSTEM32\DBGHELP.DLL
0x00007ffdd15f0000 - 0x00007ffdd161a000 	C:\Windows\SYSTEM32\dbgcore.DLL
0x00007ffdc8860000 - 0x00007ffdc8885000 	C:\Program Files\Java\jdk-14.0.1\bin\java.dll
0x00007ffdc8840000 - 0x00007ffdc8856000 	C:\Program Files\Java\jdk-14.0.1\bin\zip.dll
0x00007ffde58f0000 - 0x00007ffde5fd5000 	C:\Windows\System32\SHELL32.dll
0x00007ffde61b0000 - 0x00007ffde6259000 	C:\Windows\System32\shcore.dll
0x00007ffde4830000 - 0x00007ffde4fb0000 	C:\Windows\System32\windows.storage.dll
0x00007ffde46e0000 - 0x00007ffde4703000 	C:\Windows\System32\profapi.dll
0x00007ffde4690000 - 0x00007ffde46da000 	C:\Windows\System32\powrprof.dll
0x00007ffde4680000 - 0x00007ffde4690000 	C:\Windows\System32\UMPDC.dll
0x00007ffde6aa0000 - 0x00007ffde6af2000 	C:\Windows\System32\shlwapi.dll
0x00007ffde5090000 - 0x00007ffde50a7000 	C:\Windows\System32\cryptsp.dll
0x00007ffdc8820000 - 0x00007ffdc8839000 	C:\Program Files\Java\jdk-14.0.1\bin\net.dll
0x00007ffdd6260000 - 0x00007ffdd6350000 	C:\Windows\SYSTEM32\WINHTTP.dll
0x00007ffde3ef0000 - 0x00007ffde3f57000 	C:\Windows\system32\mswsock.dll
0x00007ffdc87b0000 - 0x00007ffdc87c2000 	C:\Program Files\Java\jdk-14.0.1\bin\nio.dll
0x00007ffd9bf70000 - 0x00007ffd9c108000 	C:\Program Files\Java\jdk-14.0.1\bin\awt.dll
0x00007ffde60d0000 - 0x00007ffde6194000 	C:\Windows\System32\OLEAUT32.dll
0x00007ffde22a0000 - 0x00007ffde232f000 	C:\Windows\SYSTEM32\apphelp.dll
0x00007ffde2670000 - 0x00007ffde2709000 	C:\Windows\system32\uxtheme.dll
0x00007ffde6600000 - 0x00007ffde6736000 	C:\Windows\System32\MSCTF.dll
0x00007ffde7350000 - 0x00007ffde74a7000 	C:\Windows\System32\ole32.dll
0x00007ffde2a90000 - 0x00007ffde2abd000 	C:\Windows\system32\DWMAPI.DLL
0x00007ffdc2b80000 - 0x00007ffdc2cd6000 	C:\Windows\system32\opengl32.dll
0x00007ffdc2b50000 - 0x00007ffdc2b7c000 	C:\Windows\SYSTEM32\GLU32.dll
0x00007ffde32f0000 - 0x00007ffde3310000 	C:\Windows\SYSTEM32\dxcore.dll
0x00007ffde3c40000 - 0x00007ffde3d0a000 	C:\Windows\SYSTEM32\DNSAPI.dll
0x00007ffde6ea0000 - 0x00007ffde6ea8000 	C:\Windows\System32\NSI.dll
0x00007ffde3c00000 - 0x00007ffde3c3a000 	C:\Windows\SYSTEM32\IPHLPAPI.DLL
0x00007ffdd5e40000 - 0x00007ffdd5e4a000 	C:\Windows\System32\rasadhlp.dll
0x00007ffdd61e0000 - 0x00007ffdd6257000 	C:\Windows\System32\fwpuclnt.dll
0x00007ffde5060000 - 0x00007ffde5086000 	C:\Windows\System32\bcrypt.dll
0x00007ffdc8810000 - 0x00007ffdc8820000 	C:\Program Files\Java\jdk-14.0.1\bin\verify.dll
0x0000000071100000 - 0x0000000071125000 	C:\Users\dhove\.jssc\windows\jSSC-2.8_x86_64.dll

dbghelp: loaded successfully - version: 4.0.5 - missing functions: none
symbol engine: initialized successfully - sym options: 0x614 - pdb path: .;C:\Program Files\Java\jdk-14.0.1\bin;C:\Windows\SYSTEM32;C:\Windows\WinSxS\amd64_microsoft.windows.common-controls_6595b64144ccf1df_6.0.18362.778_none_e6c6b761130d4fb8;C:\Program Files\Java\jdk-14.0.1\bin\server;C:\Users\dhove\.jssc\windows

VM Arguments:
jvm_args: -Dfile.encoding=Cp1252 
java_command: aqms.Main
java_class_path (initial): C:\Users\dhove\Documents\TRUSUR\eclipse\AQMS\bin;C:\Users\dhove\Downloads\jfreechart-1.0.19\jfreechart-1.0.19\lib\jcommon-1.0.23.jar;C:\Users\dhove\Downloads\jfreechart-1.0.19\jfreechart-1.0.19\lib\jfreechart-1.0.19.jar;C:\Users\dhove\Documents\TRUSUR\HSQLDB\lib\hsqldb.jar;C:\Users\dhove\Documents\TRUSUR\HSQLDB\lib\sqltool.jar;C:\Users\dhove\Downloads\Java_LJM_2017_12_04\Java_LJM_2017_12_04\jar\jna.jar;C:\Users\dhove\Downloads\Java_LJM_2017_12_04\Java_LJM_2017_12_04\jar\ljm.jar;C:\Users\dhove\Downloads\jssc-2.8.0.jar
Launcher Type: SUN_STANDARD

[Global flags]
     intx CICompilerCount                          = 4                                         {product} {ergonomic}
     uint ConcGCThreads                            = 2                                         {product} {ergonomic}
     uint G1ConcRefinementThreads                  = 8                                         {product} {ergonomic}
   size_t G1HeapRegionSize                         = 1048576                                   {product} {ergonomic}
    uintx GCDrainStackTargetSize                   = 64                                        {product} {ergonomic}
   size_t InitialHeapSize                          = 134217728                                 {product} {ergonomic}
   size_t MarkStackSize                            = 4194304                                   {product} {ergonomic}
   size_t MaxHeapSize                              = 2118123520                                {product} {ergonomic}
   size_t MaxNewSize                               = 1270874112                                {product} {ergonomic}
   size_t MinHeapDeltaBytes                        = 1048576                                   {product} {ergonomic}
   size_t MinHeapSize                              = 8388608                                   {product} {ergonomic}
    uintx NonNMethodCodeHeapSize                   = 5839372                                {pd product} {ergonomic}
    uintx NonProfiledCodeHeapSize                  = 122909434                              {pd product} {ergonomic}
    uintx ProfiledCodeHeapSize                     = 122909434                              {pd product} {ergonomic}
    uintx ReservedCodeCacheSize                    = 251658240                              {pd product} {ergonomic}
     bool SegmentedCodeCache                       = true                                      {product} {ergonomic}
   size_t SoftMaxHeapSize                          = 2118123520                             {manageable} {ergonomic}
     bool UseCompressedClassPointers               = true                                 {lp64_product} {ergonomic}
     bool UseCompressedOops                        = true                                 {lp64_product} {ergonomic}
     bool UseG1GC                                  = true                                      {product} {ergonomic}
     bool UseLargePagesIndividualAllocation        = false                                  {pd product} {ergonomic}

Logging:
Log output configuration:
 #0: stdout all=warning uptime,level,tags
 #1: stderr all=off uptime,level,tags

Environment Variables:
PATH=C:/Program Files/Java/jre1.8.0_251/bin/server;C:/Program Files/Java/jre1.8.0_251/bin;C:/Program Files/Java/jre1.8.0_251/lib/amd64;C:\Program Files (x86)\Common Files\Oracle\Java\javapath;C:\Program Files\Java\jdk-14.0.1\bin;C:\Windows\system32;C:\Windows;C:\Windows\System32\Wbem;C:\Windows\System32\WindowsPowerShell\v1.0\;C:\Windows\System32\OpenSSH\;C:\Program Files (x86)\NVIDIA Corporation\PhysX\Common;C:\Program Files\NVIDIA Corporation\NVIDIA NvDLISR;C:\Program Files\Git\cmd;C:\Program Files\PuTTY\;C:\xampp\php;C:\ProgramData\ComposerSetup\bin;C:\Program Files\dotnet\;C:\Program Files\Microsoft SQL Server\130\Tools\Binn\;C:\Program Files\Microsoft SQL Server\Client SDK\ODBC\170\Tools\Binn\;C:\Users\dhove\AppData\Local\Programs\Python\Python38-32\Scripts\;C:\Users\dhove\AppData\Local\Programs\Python\Python38-32\;C:\Users\dhove\AppData\Local\Microsoft\WindowsApps;C:\Users\dhove\AppData\Roaming\Composer\vendor\bin;C:\Users\dhove\eclipse\jee-2020-03\eclipse;
USERNAME=dhove
OS=Windows_NT
PROCESSOR_IDENTIFIER=Intel64 Family 6 Model 158 Stepping 10, GenuineIntel



---------------  S Y S T E M  ---------------

OS: Windows 10 , 64 bit Build 18362 (10.0.18362.778)
OS uptime: 0 days 13:09 hours

CPU:total 8 (initial active 8) (4 cores per cpu, 2 threads per core) family 6 model 158 stepping 10, cmov, cx8, fxsr, mmx, sse, sse2, sse3, ssse3, sse4.1, sse4.2, popcnt, avx, avx2, aes, clmul, erms, 3dnowpref, lzcnt, ht, tsc, tscinvbit, bmi1, bmi2, adx, fma

Memory: 4k page, system-wide physical 8072M (2456M free)
TotalPageFile size 15752M (AvailPageFile size 7390M)
current process WorkingSet (physical memory assigned to process): 60M, peak: 60M
current process commit charge ("private bytes"): 226M, peak: 226M

vm_info: Java HotSpot(TM) 64-Bit Server VM (14.0.1+7) for windows-amd64 JRE (14.0.1+7), built on Mar  5 2020 10:30:14 by "mach5one" with MS VC++ 15.9 (VS2017)

END.
